<?xml version="1.0" encoding="UTF-8"?>
<testsuite xmlns:xsi="http://www.w3.org/2001/XMLSchema-instance" xsi:noNamespaceSchemaLocation="https://maven.apache.org/surefire/maven-surefire-plugin/xsd/surefire-test-report-3.0.xsd" version="3.0" name="org.example.servlet.NotificationServletTest" time="0.305" tests="1" errors="0" skipped="0" failures="0">
  <properties>
[...]
</properties>
  <testcase name="givenCurrentUserAndNewTransaction_whenTryToActivateNotification_thenReturnBadRequest" classname="org.example.servlet.NotificationServletTest" time="0.304">
    <system-out><![CDATA[execution(UserService org.example.service.UserService.getInstance()) -> 0 ms
execution(NotificationService org.example.service.NotificationService.getInstance()) -> 0 ms
execution(NotificationServlet org.example.web.servlet.NotificationServlet.getInstance()) -> 1 ms
execution(void org.example.entity.User.setName(String)) -> 0 ms
execution(void org.example.entity.User.setEmail(String)) -> 0 ms
execution(void org.example.entity.User.setPassword(String)) -> 0 ms
execution(void org.example.entity.User.setRole(RoleType)) -> 0 ms
execution(void org.example.entity.User.setStatus(StatusType)) -> 0 ms
execution(void org.example.entity.User.setId(long)) -> 0 ms
execution(RoleType org.example.entity.RoleType.valueOf(String)) -> 0 ms
execution(void org.example.entity.User.setRole(RoleType)) -> 0 ms
execution(StatusType org.example.entity.StatusType.valueOf(String)) -> 0 ms
execution(void org.example.entity.User.setStatus(StatusType)) -> 0 ms
execution(User org.example.repository.UserRepository.lambda$getByEmail$7(String, String)) -> 16 ms
execution(Optional org.example.repository.UserRepository.getByEmail(String)) -> 16 ms
execution(User org.example.service.UserService.loadUserByUsername(String)) -> 16 ms
execution(void org.example.entity.Invocation.setDate(Instant)) -> 0 ms
execution(void org.example.entity.Invocation.setEndpoint(String)) -> 0 ms
execution(void org.example.entity.Invocation.setUser(User)) -> 0 ms
execution(Instant org.example.entity.Invocation.getDate()) -> 0 ms
execution(String org.example.entity.Invocation.getEndpoint()) -> 0 ms
execution(User org.example.entity.Invocation.getUser()) -> 0 ms
execution(long org.example.entity.User.getId()) -> 0 ms
execution(Invocation org.example.repository.InvocationRepository.lambda$add$1(Invocation)) -> 16 ms
execution(Invocation org.example.repository.InvocationRepository.add(Invocation)) -> 16 ms
execution(void org.example.entity.User.setName(String)) -> 0 ms
execution(void org.example.entity.User.setEmail(String)) -> 0 ms
execution(void org.example.entity.User.setPassword(String)) -> 0 ms
execution(void org.example.entity.User.setRole(RoleType)) -> 0 ms
execution(void org.example.entity.User.setStatus(StatusType)) -> 0 ms
execution(void org.example.entity.User.setId(long)) -> 0 ms
execution(RoleType org.example.entity.RoleType.valueOf(String)) -> 0 ms
execution(void org.example.entity.User.setRole(RoleType)) -> 0 ms
execution(StatusType org.example.entity.StatusType.valueOf(String)) -> 0 ms
execution(void org.example.entity.User.setStatus(StatusType)) -> 0 ms
execution(User org.example.repository.UserRepository.lambda$getByEmail$7(String, String)) -> 19 ms
execution(Optional org.example.repository.UserRepository.getByEmail(String)) -> 19 ms
execution(User org.example.service.UserService.loadUserByUsername(String)) -> 19 ms
execution(long org.example.entity.User.getId()) -> 0 ms
execution(String org.example.service.NotificationService.activate(Long)) -> 0 ms
execution(void org.example.web.servlet.NotificationServlet.toggle(HttpServletResponse, User)) -> 4 ms
execution(void org.example.web.servlet.NotificationServlet.lambda$doPut$1(HttpServletRequest, HttpServletResponse, PrintWriter, User)) -> 5 ms
execution(void org.example.web.servlet.NotificationServlet.doPut(HttpServletRequest, HttpServletResponse)) -> 69 ms
execution(void org.example.dto.TransactionDto.setDate(Instant)) -> 0 ms
execution(void org.example.dto.TransactionDto.setType(TransactionType)) -> 0 ms
execution(void org.example.dto.TransactionDto.setCategory(String)) -> 0 ms
execution(void org.example.dto.TransactionDto.setAmount(BigDecimal)) -> 0 ms
execution(void org.example.dto.TransactionDto.setDescription(String)) -> 0 ms
execution(void org.example.entity.User.setName(String)) -> 0 ms
execution(void org.example.entity.User.setEmail(String)) -> 0 ms
execution(void org.example.entity.User.setPassword(String)) -> 0 ms
execution(void org.example.entity.User.setRole(RoleType)) -> 0 ms
execution(void org.example.entity.User.setStatus(StatusType)) -> 0 ms
execution(void org.example.entity.User.setId(long)) -> 0 ms
execution(RoleType org.example.entity.RoleType.valueOf(String)) -> 0 ms
execution(void org.example.entity.User.setRole(RoleType)) -> 0 ms
execution(StatusType org.example.entity.StatusType.valueOf(String)) -> 0 ms
execution(void org.example.entity.User.setStatus(StatusType)) -> 0 ms
execution(User org.example.repository.UserRepository.lambda$getByEmail$7(String, String)) -> 14 ms
execution(Optional org.example.repository.UserRepository.getByEmail(String)) -> 14 ms
execution(User org.example.service.UserService.loadUserByUsername(String)) -> 14 ms
execution(long org.example.entity.User.getId()) -> 0 ms
execution(void org.example.dto.TransactionDto.setUserId(Long)) -> 0 ms
execution(Instant org.example.dto.TransactionDto.getDate()) -> 0 ms
execution(TransactionType org.example.dto.TransactionDto.getType()) -> 0 ms
execution(String org.example.dto.TransactionDto.getCategory()) -> 0 ms
execution(BigDecimal org.example.dto.TransactionDto.getAmount()) -> 0 ms
execution(String org.example.dto.TransactionDto.getDescription()) -> 0 ms
execution(Long org.example.dto.TransactionDto.getUserId()) -> 0 ms
execution(UserService org.example.service.UserService.getInstance()) -> 0 ms
execution(UserRepository org.example.repository.UserRepository.getInstance()) -> 0 ms
execution(TransactionRepository org.example.repository.TransactionRepository.getInstance()) -> 0 ms
execution(TransactionService org.example.service.TransactionService.getInstance()) -> 0 ms
execution(NotificationService org.example.service.NotificationService.getInstance()) -> 0 ms
execution(TransactionServlet org.example.web.servlet.TransactionServlet.getInstance()) -> 18 ms
execution(void org.example.entity.User.setName(String)) -> 0 ms
execution(void org.example.entity.User.setEmail(String)) -> 0 ms
execution(void org.example.entity.User.setPassword(String)) -> 0 ms
execution(void org.example.entity.User.setRole(RoleType)) -> 0 ms
execution(void org.example.entity.User.setStatus(StatusType)) -> 0 ms
execution(void org.example.entity.User.setId(long)) -> 0 ms
execution(RoleType org.example.entity.RoleType.valueOf(String)) -> 0 ms
execution(void org.example.entity.User.setRole(RoleType)) -> 0 ms
execution(StatusType org.example.entity.StatusType.valueOf(String)) -> 0 ms
execution(void org.example.entity.User.setStatus(StatusType)) -> 0 ms
execution(User org.example.repository.UserRepository.lambda$getByEmail$7(String, String)) -> 10 ms
execution(Optional org.example.repository.UserRepository.getByEmail(String)) -> 10 ms
execution(User org.example.service.UserService.loadUserByUsername(String)) -> 10 ms
execution(void org.example.entity.Invocation.setDate(Instant)) -> 0 ms
execution(void org.example.entity.Invocation.setEndpoint(String)) -> 0 ms
execution(void org.example.entity.Invocation.setUser(User)) -> 0 ms
execution(Instant org.example.entity.Invocation.getDate()) -> 0 ms
execution(String org.example.entity.Invocation.getEndpoint()) -> 0 ms
execution(User org.example.entity.Invocation.getUser()) -> 0 ms
execution(long org.example.entity.User.getId()) -> 0 ms
execution(Invocation org.example.repository.InvocationRepository.lambda$add$1(Invocation)) -> 22 ms
execution(Invocation org.example.repository.InvocationRepository.add(Invocation)) -> 22 ms
execution(boolean org.example.web.listener.RequestStream.isFinished()) -> 0 ms
execution(boolean org.example.web.listener.RequestStream.isFinished()) -> 0 ms
execution(int org.example.web.listener.RequestStream.read()) -> 0 ms
execution(boolean org.example.web.listener.RequestStream.isFinished()) -> 0 ms
execution(boolean org.example.web.listener.RequestStream.isFinished()) -> 0 ms
execution(int org.example.web.listener.RequestStream.read()) -> 0 ms
execution(boolean org.example.web.listener.RequestStream.isFinished()) -> 0 ms
execution(boolean org.example.web.listener.RequestStream.isFinished()) -> 0 ms
execution(int org.example.web.listener.RequestStream.read()) -> 0 ms
execution(boolean org.example.web.listener.RequestStream.isFinished()) -> 0 ms
execution(boolean org.example.web.listener.RequestStream.isFinished()) -> 0 ms
execution(int org.example.web.listener.RequestStream.read()) -> 0 ms
execution(boolean org.example.web.listener.RequestStream.isFinished()) -> 0 ms
execution(boolean org.example.web.listener.RequestStream.isFinished()) -> 0 ms
execution(int org.example.web.listener.RequestStream.read()) -> 0 ms
execution(boolean org.example.web.listener.RequestStream.isFinished()) -> 0 ms
execution(boolean org.example.web.listener.RequestStream.isFinished()) -> 0 ms
execution(int org.example.web.listener.RequestStream.read()) -> 0 ms
execution(boolean org.example.web.listener.RequestStream.isFinished()) -> 0 ms
execution(boolean org.example.web.listener.RequestStream.isFinished()) -> 0 ms
execution(int org.example.web.listener.RequestStream.read()) -> 0 ms
execution(boolean org.example.web.listener.RequestStream.isFinished()) -> 0 ms
execution(boolean org.example.web.listener.RequestStream.isFinished()) -> 0 ms
execution(int org.example.web.listener.RequestStream.read()) -> 0 ms
execution(boolean org.example.web.listener.RequestStream.isFinished()) -> 0 ms
execution(boolean org.example.web.listener.RequestStream.isFinished()) -> 0 ms
execution(int org.example.web.listener.RequestStream.read()) -> 0 ms
execution(boolean org.example.web.listener.RequestStream.isFinished()) -> 0 ms
execution(boolean org.example.web.listener.RequestStream.isFinished()) -> 0 ms
execution(int org.example.web.listener.RequestStream.read()) -> 0 ms
execution(boolean org.example.web.listener.RequestStream.isFinished()) -> 0 ms
execution(boolean org.example.web.listener.RequestStream.isFinished()) -> 0 ms
execution(int org.example.web.listener.RequestStream.read()) -> 1 ms
execution(boolean org.example.web.listener.RequestStream.isFinished()) -> 0 ms
execution(boolean org.example.web.listener.RequestStream.isFinished()) -> 0 ms
execution(int org.example.web.listener.RequestStream.read()) -> 0 ms
execution(boolean org.example.web.listener.RequestStream.isFinished()) -> 0 ms
execution(boolean org.example.web.listener.RequestStream.isFinished()) -> 0 ms
execution(int org.example.web.listener.RequestStream.read()) -> 0 ms
execution(boolean org.example.web.listener.RequestStream.isFinished()) -> 0 ms
execution(boolean org.example.web.listener.RequestStream.isFinished()) -> 0 ms
execution(int org.example.web.listener.RequestStream.read()) -> 0 ms
execution(boolean org.example.web.listener.RequestStream.isFinished()) -> 0 ms
execution(boolean org.example.web.listener.RequestStream.isFinished()) -> 0 ms
execution(int org.example.web.listener.RequestStream.read()) -> 0 ms
execution(boolean org.example.web.listener.RequestStream.isFinished()) -> 0 ms
execution(boolean org.example.web.listener.RequestStream.isFinished()) -> 0 ms
execution(int org.example.web.listener.RequestStream.read()) -> 0 ms
execution(boolean org.example.web.listener.RequestStream.isFinished()) -> 0 ms
execution(boolean org.example.web.listener.RequestStream.isFinished()) -> 0 ms
execution(int org.example.web.listener.RequestStream.read()) -> 0 ms
execution(boolean org.example.web.listener.RequestStream.isFinished()) -> 0 ms
execution(boolean org.example.web.listener.RequestStream.isFinished()) -> 0 ms
execution(int org.example.web.listener.RequestStream.read()) -> 0 ms
execution(boolean org.example.web.listener.RequestStream.isFinished()) -> 0 ms
execution(boolean org.example.web.listener.RequestStream.isFinished()) -> 0 ms
execution(int org.example.web.listener.RequestStream.read()) -> 0 ms
execution(boolean org.example.web.listener.RequestStream.isFinished()) -> 0 ms
execution(boolean org.example.web.listener.RequestStream.isFinished()) -> 0 ms
execution(int org.example.web.listener.RequestStream.read()) -> 0 ms
execution(boolean org.example.web.listener.RequestStream.isFinished()) -> 0 ms
execution(boolean org.example.web.listener.RequestStream.isFinished()) -> 0 ms
execution(int org.example.web.listener.RequestStream.read()) -> 0 ms
execution(boolean org.example.web.listener.RequestStream.isFinished()) -> 0 ms
execution(boolean org.example.web.listener.RequestStream.isFinished()) -> 0 ms
execution(int org.example.web.listener.RequestStream.read()) -> 0 ms
execution(boolean org.example.web.listener.RequestStream.isFinished()) -> 0 ms
execution(boolean org.example.web.listener.RequestStream.isFinished()) -> 0 ms
execution(int org.example.web.listener.RequestStream.read()) -> 0 ms
execution(boolean org.example.web.listener.RequestStream.isFinished()) -> 0 ms
execution(boolean org.example.web.listener.RequestStream.isFinished()) -> 0 ms
execution(int org.example.web.listener.RequestStream.read()) -> 0 ms
execution(boolean org.example.web.listener.RequestStream.isFinished()) -> 0 ms
execution(boolean org.example.web.listener.RequestStream.isFinished()) -> 0 ms
execution(int org.example.web.listener.RequestStream.read()) -> 0 ms
execution(boolean org.example.web.listener.RequestStream.isFinished()) -> 0 ms
execution(boolean org.example.web.listener.RequestStream.isFinished()) -> 0 ms
execution(int org.example.web.listener.RequestStream.read()) -> 0 ms
execution(boolean org.example.web.listener.RequestStream.isFinished()) -> 0 ms
execution(boolean org.example.web.listener.RequestStream.isFinished()) -> 0 ms
execution(int org.example.web.listener.RequestStream.read()) -> 0 ms
execution(boolean org.example.web.listener.RequestStream.isFinished()) -> 0 ms
execution(boolean org.example.web.listener.RequestStream.isFinished()) -> 0 ms
execution(int org.example.web.listener.RequestStream.read()) -> 0 ms
execution(boolean org.example.web.listener.RequestStream.isFinished()) -> 0 ms
execution(boolean org.example.web.listener.RequestStream.isFinished()) -> 0 ms
execution(int org.example.web.listener.RequestStream.read()) -> 0 ms
execution(boolean org.example.web.listener.RequestStream.isFinished()) -> 0 ms
execution(boolean org.example.web.listener.RequestStream.isFinished()) -> 0 ms
execution(int org.example.web.listener.RequestStream.read()) -> 0 ms
execution(boolean org.example.web.listener.RequestStream.isFinished()) -> 0 ms
execution(boolean org.example.web.listener.RequestStream.isFinished()) -> 0 ms
execution(int org.example.web.listener.RequestStream.read()) -> 0 ms
execution(boolean org.example.web.listener.RequestStream.isFinished()) -> 0 ms
execution(boolean org.example.web.listener.RequestStream.isFinished()) -> 0 ms
execution(int org.example.web.listener.RequestStream.read()) -> 0 ms
execution(boolean org.example.web.listener.RequestStream.isFinished()) -> 0 ms
execution(boolean org.example.web.listener.RequestStream.isFinished()) -> 0 ms
execution(int org.example.web.listener.RequestStream.read()) -> 0 ms
execution(boolean org.example.web.listener.RequestStream.isFinished()) -> 0 ms
execution(boolean org.example.web.listener.RequestStream.isFinished()) -> 0 ms
execution(int org.example.web.listener.RequestStream.read()) -> 0 ms
execution(boolean org.example.web.listener.RequestStream.isFinished()) -> 0 ms
execution(boolean org.example.web.listener.RequestStream.isFinished()) -> 0 ms
execution(int org.example.web.listener.RequestStream.read()) -> 0 ms
execution(boolean org.example.web.listener.RequestStream.isFinished()) -> 0 ms
execution(boolean org.example.web.listener.RequestStream.isFinished()) -> 0 ms
execution(int org.example.web.listener.RequestStream.read()) -> 0 ms
execution(boolean org.example.web.listener.RequestStream.isFinished()) -> 0 ms
execution(boolean org.example.web.listener.RequestStream.isFinished()) -> 0 ms
execution(int org.example.web.listener.RequestStream.read()) -> 0 ms
execution(boolean org.example.web.listener.RequestStream.isFinished()) -> 0 ms
execution(boolean org.example.web.listener.RequestStream.isFinished()) -> 0 ms
execution(int org.example.web.listener.RequestStream.read()) -> 0 ms
execution(boolean org.example.web.listener.RequestStream.isFinished()) -> 0 ms
execution(boolean org.example.web.listener.RequestStream.isFinished()) -> 0 ms
execution(int org.example.web.listener.RequestStream.read()) -> 0 ms
execution(boolean org.example.web.listener.RequestStream.isFinished()) -> 0 ms
execution(boolean org.example.web.listener.RequestStream.isFinished()) -> 0 ms
execution(int org.example.web.listener.RequestStream.read()) -> 0 ms
execution(boolean org.example.web.listener.RequestStream.isFinished()) -> 0 ms
execution(boolean org.example.web.listener.RequestStream.isFinished()) -> 0 ms
execution(int org.example.web.listener.RequestStream.read()) -> 0 ms
execution(boolean org.example.web.listener.RequestStream.isFinished()) -> 0 ms
execution(boolean org.example.web.listener.RequestStream.isFinished()) -> 0 ms
execution(int org.example.web.listener.RequestStream.read()) -> 0 ms
execution(boolean org.example.web.listener.RequestStream.isFinished()) -> 0 ms
execution(boolean org.example.web.listener.RequestStream.isFinished()) -> 0 ms
execution(int org.example.web.listener.RequestStream.read()) -> 0 ms
execution(boolean org.example.web.listener.RequestStream.isFinished()) -> 0 ms
execution(boolean org.example.web.listener.RequestStream.isFinished()) -> 0 ms
execution(int org.example.web.listener.RequestStream.read()) -> 0 ms
execution(boolean org.example.web.listener.RequestStream.isFinished()) -> 0 ms
execution(boolean org.example.web.listener.RequestStream.isFinished()) -> 0 ms
execution(int org.example.web.listener.RequestStream.read()) -> 0 ms
execution(boolean org.example.web.listener.RequestStream.isFinished()) -> 0 ms
execution(boolean org.example.web.listener.RequestStream.isFinished()) -> 0 ms
execution(int org.example.web.listener.RequestStream.read()) -> 0 ms
execution(boolean org.example.web.listener.RequestStream.isFinished()) -> 0 ms
execution(boolean org.example.web.listener.RequestStream.isFinished()) -> 0 ms
execution(int org.example.web.listener.RequestStream.read()) -> 0 ms
execution(boolean org.example.web.listener.RequestStream.isFinished()) -> 0 ms
execution(boolean org.example.web.listener.RequestStream.isFinished()) -> 0 ms
execution(int org.example.web.listener.RequestStream.read()) -> 0 ms
execution(boolean org.example.web.listener.RequestStream.isFinished()) -> 0 ms
execution(boolean org.example.web.listener.RequestStream.isFinished()) -> 0 ms
execution(int org.example.web.listener.RequestStream.read()) -> 0 ms
execution(boolean org.example.web.listener.RequestStream.isFinished()) -> 0 ms
execution(boolean org.example.web.listener.RequestStream.isFinished()) -> 0 ms
execution(int org.example.web.listener.RequestStream.read()) -> 0 ms
execution(boolean org.example.web.listener.RequestStream.isFinished()) -> 0 ms
execution(boolean org.example.web.listener.RequestStream.isFinished()) -> 0 ms
execution(int org.example.web.listener.RequestStream.read()) -> 0 ms
execution(boolean org.example.web.listener.RequestStream.isFinished()) -> 0 ms
execution(boolean org.example.web.listener.RequestStream.isFinished()) -> 0 ms
execution(int org.example.web.listener.RequestStream.read()) -> 0 ms
execution(boolean org.example.web.listener.RequestStream.isFinished()) -> 0 ms
execution(boolean org.example.web.listener.RequestStream.isFinished()) -> 0 ms
execution(int org.example.web.listener.RequestStream.read()) -> 0 ms
execution(boolean org.example.web.listener.RequestStream.isFinished()) -> 0 ms
execution(boolean org.example.web.listener.RequestStream.isFinished()) -> 0 ms
execution(int org.example.web.listener.RequestStream.read()) -> 0 ms
execution(boolean org.example.web.listener.RequestStream.isFinished()) -> 0 ms
execution(boolean org.example.web.listener.RequestStream.isFinished()) -> 0 ms
execution(int org.example.web.listener.RequestStream.read()) -> 0 ms
execution(boolean org.example.web.listener.RequestStream.isFinished()) -> 0 ms
execution(boolean org.example.web.listener.RequestStream.isFinished()) -> 0 ms
execution(int org.example.web.listener.RequestStream.read()) -> 0 ms
execution(boolean org.example.web.listener.RequestStream.isFinished()) -> 0 ms
execution(boolean org.example.web.listener.RequestStream.isFinished()) -> 0 ms
execution(int org.example.web.listener.RequestStream.read()) -> 0 ms
execution(boolean org.example.web.listener.RequestStream.isFinished()) -> 0 ms
execution(boolean org.example.web.listener.RequestStream.isFinished()) -> 0 ms
execution(int org.example.web.listener.RequestStream.read()) -> 0 ms
execution(boolean org.example.web.listener.RequestStream.isFinished()) -> 0 ms
execution(boolean org.example.web.listener.RequestStream.isFinished()) -> 0 ms
execution(int org.example.web.listener.RequestStream.read()) -> 0 ms
execution(boolean org.example.web.listener.RequestStream.isFinished()) -> 0 ms
execution(boolean org.example.web.listener.RequestStream.isFinished()) -> 0 ms
execution(int org.example.web.listener.RequestStream.read()) -> 0 ms
execution(boolean org.example.web.listener.RequestStream.isFinished()) -> 0 ms
execution(boolean org.example.web.listener.RequestStream.isFinished()) -> 0 ms
execution(int org.example.web.listener.RequestStream.read()) -> 0 ms
execution(boolean org.example.web.listener.RequestStream.isFinished()) -> 0 ms
execution(boolean org.example.web.listener.RequestStream.isFinished()) -> 0 ms
execution(int org.example.web.listener.RequestStream.read()) -> 0 ms
execution(boolean org.example.web.listener.RequestStream.isFinished()) -> 0 ms
execution(boolean org.example.web.listener.RequestStream.isFinished()) -> 0 ms
execution(int org.example.web.listener.RequestStream.read()) -> 0 ms
execution(boolean org.example.web.listener.RequestStream.isFinished()) -> 0 ms
execution(boolean org.example.web.listener.RequestStream.isFinished()) -> 0 ms
execution(int org.example.web.listener.RequestStream.read()) -> 0 ms
execution(boolean org.example.web.listener.RequestStream.isFinished()) -> 0 ms
execution(boolean org.example.web.listener.RequestStream.isFinished()) -> 0 ms
execution(int org.example.web.listener.RequestStream.read()) -> 0 ms
execution(boolean org.example.web.listener.RequestStream.isFinished()) -> 0 ms
execution(boolean org.example.web.listener.RequestStream.isFinished()) -> 0 ms
execution(int org.example.web.listener.RequestStream.read()) -> 0 ms
execution(boolean org.example.web.listener.RequestStream.isFinished()) -> 0 ms
execution(boolean org.example.web.listener.RequestStream.isFinished()) -> 0 ms
execution(int org.example.web.listener.RequestStream.read()) -> 0 ms
execution(boolean org.example.web.listener.RequestStream.isFinished()) -> 0 ms
execution(boolean org.example.web.listener.RequestStream.isFinished()) -> 0 ms
execution(int org.example.web.listener.RequestStream.read()) -> 0 ms
execution(boolean org.example.web.listener.RequestStream.isFinished()) -> 0 ms
execution(boolean org.example.web.listener.RequestStream.isFinished()) -> 0 ms
execution(int org.example.web.listener.RequestStream.read()) -> 0 ms
execution(boolean org.example.web.listener.RequestStream.isFinished()) -> 0 ms
execution(boolean org.example.web.listener.RequestStream.isFinished()) -> 0 ms
execution(int org.example.web.listener.RequestStream.read()) -> 0 ms
execution(boolean org.example.web.listener.RequestStream.isFinished()) -> 0 ms
execution(boolean org.example.web.listener.RequestStream.isFinished()) -> 0 ms
execution(int org.example.web.listener.RequestStream.read()) -> 0 ms
execution(boolean org.example.web.listener.RequestStream.isFinished()) -> 0 ms
execution(boolean org.example.web.listener.RequestStream.isFinished()) -> 0 ms
execution(int org.example.web.listener.RequestStream.read()) -> 0 ms
execution(boolean org.example.web.listener.RequestStream.isFinished()) -> 0 ms
execution(boolean org.example.web.listener.RequestStream.isFinished()) -> 0 ms
execution(int org.example.web.listener.RequestStream.read()) -> 0 ms
execution(boolean org.example.web.listener.RequestStream.isFinished()) -> 0 ms
execution(boolean org.example.web.listener.RequestStream.isFinished()) -> 0 ms
execution(int org.example.web.listener.RequestStream.read()) -> 0 ms
execution(boolean org.example.web.listener.RequestStream.isFinished()) -> 0 ms
execution(boolean org.example.web.listener.RequestStream.isFinished()) -> 0 ms
execution(int org.example.web.listener.RequestStream.read()) -> 0 ms
execution(boolean org.example.web.listener.RequestStream.isFinished()) -> 0 ms
execution(boolean org.example.web.listener.RequestStream.isFinished()) -> 0 ms
execution(int org.example.web.listener.RequestStream.read()) -> 0 ms
execution(boolean org.example.web.listener.RequestStream.isFinished()) -> 0 ms
execution(boolean org.example.web.listener.RequestStream.isFinished()) -> 0 ms
execution(int org.example.web.listener.RequestStream.read()) -> 0 ms
execution(boolean org.example.web.listener.RequestStream.isFinished()) -> 0 ms
execution(boolean org.example.web.listener.RequestStream.isFinished()) -> 0 ms
execution(int org.example.web.listener.RequestStream.read()) -> 0 ms
execution(boolean org.example.web.listener.RequestStream.isFinished()) -> 0 ms
execution(boolean org.example.web.listener.RequestStream.isFinished()) -> 0 ms
execution(int org.example.web.listener.RequestStream.read()) -> 0 ms
execution(boolean org.example.web.listener.RequestStream.isFinished()) -> 0 ms
execution(boolean org.example.web.listener.RequestStream.isFinished()) -> 0 ms
execution(int org.example.web.listener.RequestStream.read()) -> 0 ms
execution(boolean org.example.web.listener.RequestStream.isFinished()) -> 0 ms
execution(boolean org.example.web.listener.RequestStream.isFinished()) -> 0 ms
execution(int org.example.web.listener.RequestStream.read()) -> 0 ms
execution(boolean org.example.web.listener.RequestStream.isFinished()) -> 0 ms
execution(boolean org.example.web.listener.RequestStream.isFinished()) -> 0 ms
execution(int org.example.web.listener.RequestStream.read()) -> 0 ms
execution(boolean org.example.web.listener.RequestStream.isFinished()) -> 0 ms
execution(boolean org.example.web.listener.RequestStream.isFinished()) -> 0 ms
execution(int org.example.web.listener.RequestStream.read()) -> 0 ms
execution(boolean org.example.web.listener.RequestStream.isFinished()) -> 0 ms
execution(boolean org.example.web.listener.RequestStream.isFinished()) -> 0 ms
execution(int org.example.web.listener.RequestStream.read()) -> 0 ms
execution(boolean org.example.web.listener.RequestStream.isFinished()) -> 0 ms
execution(boolean org.example.web.listener.RequestStream.isFinished()) -> 0 ms
execution(int org.example.web.listener.RequestStream.read()) -> 0 ms
execution(boolean org.example.web.listener.RequestStream.isFinished()) -> 0 ms
execution(boolean org.example.web.listener.RequestStream.isFinished()) -> 0 ms
execution(int org.example.web.listener.RequestStream.read()) -> 0 ms
execution(boolean org.example.web.listener.RequestStream.isFinished()) -> 0 ms
execution(boolean org.example.web.listener.RequestStream.isFinished()) -> 0 ms
execution(int org.example.web.listener.RequestStream.read()) -> 0 ms
execution(boolean org.example.web.listener.RequestStream.isFinished()) -> 0 ms
execution(boolean org.example.web.listener.RequestStream.isFinished()) -> 0 ms
execution(int org.example.web.listener.RequestStream.read()) -> 0 ms
execution(boolean org.example.web.listener.RequestStream.isFinished()) -> 0 ms
execution(boolean org.example.web.listener.RequestStream.isFinished()) -> 0 ms
execution(int org.example.web.listener.RequestStream.read()) -> 0 ms
execution(boolean org.example.web.listener.RequestStream.isFinished()) -> 0 ms
execution(boolean org.example.web.listener.RequestStream.isFinished()) -> 0 ms
execution(int org.example.web.listener.RequestStream.read()) -> 0 ms
execution(boolean org.example.web.listener.RequestStream.isFinished()) -> 0 ms
execution(boolean org.example.web.listener.RequestStream.isFinished()) -> 0 ms
execution(int org.example.web.listener.RequestStream.read()) -> 0 ms
execution(boolean org.example.web.listener.RequestStream.isFinished()) -> 0 ms
execution(boolean org.example.web.listener.RequestStream.isFinished()) -> 0 ms
execution(int org.example.web.listener.RequestStream.read()) -> 0 ms
execution(boolean org.example.web.listener.RequestStream.isFinished()) -> 0 ms
execution(boolean org.example.web.listener.RequestStream.isFinished()) -> 0 ms
execution(int org.example.web.listener.RequestStream.read()) -> 0 ms
execution(boolean org.example.web.listener.RequestStream.isFinished()) -> 0 ms
execution(boolean org.example.web.listener.RequestStream.isFinished()) -> 0 ms
execution(int org.example.web.listener.RequestStream.read()) -> 0 ms
execution(boolean org.example.web.listener.RequestStream.isFinished()) -> 0 ms
execution(boolean org.example.web.listener.RequestStream.isFinished()) -> 0 ms
execution(int org.example.web.listener.RequestStream.read()) -> 0 ms
execution(boolean org.example.web.listener.RequestStream.isFinished()) -> 0 ms
execution(boolean org.example.web.listener.RequestStream.isFinished()) -> 0 ms
execution(int org.example.web.listener.RequestStream.read()) -> 0 ms
execution(boolean org.example.web.listener.RequestStream.isFinished()) -> 0 ms
execution(boolean org.example.web.listener.RequestStream.isFinished()) -> 0 ms
execution(int org.example.web.listener.RequestStream.read()) -> 0 ms
execution(boolean org.example.web.listener.RequestStream.isFinished()) -> 0 ms
execution(boolean org.example.web.listener.RequestStream.isFinished()) -> 0 ms
execution(int org.example.web.listener.RequestStream.read()) -> 0 ms
execution(boolean org.example.web.listener.RequestStream.isFinished()) -> 0 ms
execution(boolean org.example.web.listener.RequestStream.isFinished()) -> 0 ms
execution(int org.example.web.listener.RequestStream.read()) -> 0 ms
execution(boolean org.example.web.listener.RequestStream.isFinished()) -> 0 ms
execution(boolean org.example.web.listener.RequestStream.isFinished()) -> 0 ms
execution(int org.example.web.listener.RequestStream.read()) -> 0 ms
execution(boolean org.example.web.listener.RequestStream.isFinished()) -> 0 ms
execution(boolean org.example.web.listener.RequestStream.isFinished()) -> 0 ms
execution(int org.example.web.listener.RequestStream.read()) -> 0 ms
execution(boolean org.example.web.listener.RequestStream.isFinished()) -> 0 ms
execution(boolean org.example.web.listener.RequestStream.isFinished()) -> 0 ms
execution(int org.example.web.listener.RequestStream.read()) -> 0 ms
execution(boolean org.example.web.listener.RequestStream.isFinished()) -> 0 ms
execution(boolean org.example.web.listener.RequestStream.isFinished()) -> 0 ms
execution(int org.example.web.listener.RequestStream.read()) -> 0 ms
execution(boolean org.example.web.listener.RequestStream.isFinished()) -> 0 ms
execution(boolean org.example.web.listener.RequestStream.isFinished()) -> 0 ms
execution(int org.example.web.listener.RequestStream.read()) -> 0 ms
execution(boolean org.example.web.listener.RequestStream.isFinished()) -> 0 ms
execution(boolean org.example.web.listener.RequestStream.isFinished()) -> 0 ms
execution(int org.example.web.listener.RequestStream.read()) -> 0 ms
execution(boolean org.example.web.listener.RequestStream.isFinished()) -> 0 ms
execution(boolean org.example.web.listener.RequestStream.isFinished()) -> 0 ms
execution(int org.example.web.listener.RequestStream.read()) -> 0 ms
execution(boolean org.example.web.listener.RequestStream.isFinished()) -> 0 ms
execution(boolean org.example.web.listener.RequestStream.isFinished()) -> 0 ms
execution(int org.example.web.listener.RequestStream.read()) -> 0 ms
execution(boolean org.example.web.listener.RequestStream.isFinished()) -> 0 ms
execution(boolean org.example.web.listener.RequestStream.isFinished()) -> 0 ms
execution(int org.example.web.listener.RequestStream.read()) -> 0 ms
execution(boolean org.example.web.listener.RequestStream.isFinished()) -> 0 ms
execution(boolean org.example.web.listener.RequestStream.isFinished()) -> 0 ms
execution(int org.example.web.listener.RequestStream.read()) -> 0 ms
execution(boolean org.example.web.listener.RequestStream.isFinished()) -> 0 ms
execution(boolean org.example.web.listener.RequestStream.isFinished()) -> 0 ms
execution(int org.example.web.listener.RequestStream.read()) -> 0 ms
execution(boolean org.example.web.listener.RequestStream.isFinished()) -> 0 ms
execution(boolean org.example.web.listener.RequestStream.isFinished()) -> 0 ms
execution(int org.example.web.listener.RequestStream.read()) -> 0 ms
execution(boolean org.example.web.listener.RequestStream.isFinished()) -> 0 ms
execution(boolean org.example.web.listener.RequestStream.isFinished()) -> 0 ms
execution(int org.example.web.listener.RequestStream.read()) -> 0 ms
execution(boolean org.example.web.listener.RequestStream.isFinished()) -> 0 ms
execution(boolean org.example.web.listener.RequestStream.isFinished()) -> 0 ms
execution(int org.example.web.listener.RequestStream.read()) -> 0 ms
execution(boolean org.example.web.listener.RequestStream.isFinished()) -> 0 ms
execution(boolean org.example.web.listener.RequestStream.isFinished()) -> 0 ms
execution(int org.example.web.listener.RequestStream.read()) -> 0 ms
execution(boolean org.example.web.listener.RequestStream.isFinished()) -> 0 ms
execution(boolean org.example.web.listener.RequestStream.isFinished()) -> 0 ms
execution(int org.example.web.listener.RequestStream.read()) -> 0 ms
execution(boolean org.example.web.listener.RequestStream.isFinished()) -> 0 ms
execution(boolean org.example.web.listener.RequestStream.isFinished()) -> 0 ms
execution(int org.example.web.listener.RequestStream.read()) -> 0 ms
execution(boolean org.example.web.listener.RequestStream.isFinished()) -> 0 ms
execution(boolean org.example.web.listener.RequestStream.isFinished()) -> 0 ms
execution(int org.example.web.listener.RequestStream.read()) -> 0 ms
execution(boolean org.example.web.listener.RequestStream.isFinished()) -> 0 ms
execution(boolean org.example.web.listener.RequestStream.isFinished()) -> 0 ms
execution(int org.example.web.listener.RequestStream.read()) -> 0 ms
execution(boolean org.example.web.listener.RequestStream.isFinished()) -> 0 ms
execution(boolean org.example.web.listener.RequestStream.isFinished()) -> 0 ms
execution(int org.example.web.listener.RequestStream.read()) -> 0 ms
execution(boolean org.example.web.listener.RequestStream.isFinished()) -> 0 ms
execution(boolean org.example.web.listener.RequestStream.isFinished()) -> 0 ms
execution(int org.example.web.listener.RequestStream.read()) -> 0 ms
execution(boolean org.example.web.listener.RequestStream.isFinished()) -> 0 ms
execution(boolean org.example.web.listener.RequestStream.isFinished()) -> 0 ms
execution(int org.example.web.listener.RequestStream.read()) -> 0 ms
execution(boolean org.example.web.listener.RequestStream.isFinished()) -> 0 ms
execution(boolean org.example.web.listener.RequestStream.isFinished()) -> 0 ms
execution(int org.example.web.listener.RequestStream.read()) -> 0 ms
execution(boolean org.example.web.listener.RequestStream.isFinished()) -> 0 ms
execution(boolean org.example.web.listener.RequestStream.isFinished()) -> 0 ms
execution(int org.example.web.listener.RequestStream.read()) -> 0 ms
execution(boolean org.example.web.listener.RequestStream.isFinished()) -> 0 ms
execution(boolean org.example.web.listener.RequestStream.isFinished()) -> 0 ms
execution(int org.example.web.listener.RequestStream.read()) -> 0 ms
execution(boolean org.example.web.listener.RequestStream.isFinished()) -> 0 ms
execution(boolean org.example.web.listener.RequestStream.isFinished()) -> 0 ms
execution(int org.example.web.listener.RequestStream.read()) -> 0 ms
execution(boolean org.example.web.listener.RequestStream.isFinished()) -> 0 ms
execution(boolean org.example.web.listener.RequestStream.isFinished()) -> 0 ms
execution(int org.example.web.listener.RequestStream.read()) -> 0 ms
execution(boolean org.example.web.listener.RequestStream.isFinished()) -> 0 ms
execution(boolean org.example.web.listener.RequestStream.isFinished()) -> 0 ms
execution(int org.example.web.listener.RequestStream.read()) -> 0 ms
execution(boolean org.example.web.listener.RequestStream.isFinished()) -> 0 ms
execution(boolean org.example.web.listener.RequestStream.isFinished()) -> 0 ms
execution(int org.example.web.listener.RequestStream.read()) -> 0 ms
execution(boolean org.example.web.listener.RequestStream.isFinished()) -> 0 ms
execution(boolean org.example.web.listener.RequestStream.isFinished()) -> 0 ms
execution(int org.example.web.listener.RequestStream.read()) -> 0 ms
execution(boolean org.example.web.listener.RequestStream.isFinished()) -> 0 ms
execution(boolean org.example.web.listener.RequestStream.isFinished()) -> 0 ms
execution(int org.example.web.listener.RequestStream.read()) -> 1 ms
execution(boolean org.example.web.listener.RequestStream.isFinished()) -> 0 ms
execution(int org.example.web.listener.RequestStream.read()) -> 0 ms
execution(boolean org.example.web.listener.RequestStream.isFinished()) -> 0 ms
execution(int org.example.web.listener.RequestStream.read()) -> 0 ms
execution(boolean org.example.web.listener.RequestStream.isFinished()) -> 0 ms
execution(int org.example.web.listener.RequestStream.read()) -> 0 ms
execution(void org.example.dto.TransactionDto.setDate(Instant)) -> 0 ms
execution(void org.example.dto.TransactionDto.setType(TransactionType)) -> 0 ms
execution(void org.example.dto.TransactionDto.setCategory(String)) -> 0 ms
execution(void org.example.dto.TransactionDto.setAmount(BigDecimal)) -> 0 ms
execution(void org.example.dto.TransactionDto.setDescription(String)) -> 0 ms
execution(void org.example.dto.TransactionDto.setUserId(Long)) -> 0 ms
execution(void org.example.entity.User.setName(String)) -> 0 ms
execution(void org.example.entity.User.setEmail(String)) -> 0 ms
execution(void org.example.entity.User.setPassword(String)) -> 0 ms
execution(void org.example.entity.User.setRole(RoleType)) -> 0 ms
execution(void org.example.entity.User.setStatus(StatusType)) -> 0 ms
execution(void org.example.entity.User.setId(long)) -> 0 ms
execution(RoleType org.example.entity.RoleType.valueOf(String)) -> 0 ms
execution(void org.example.entity.User.setRole(RoleType)) -> 0 ms
execution(StatusType org.example.entity.StatusType.valueOf(String)) -> 0 ms
execution(void org.example.entity.User.setStatus(StatusType)) -> 0 ms
execution(User org.example.repository.UserRepository.lambda$getByEmail$7(String, String)) -> 12 ms
execution(Optional org.example.repository.UserRepository.getByEmail(String)) -> 12 ms
execution(long org.example.entity.User.getId()) -> 0 ms
execution(void org.example.dto.UserDto.setUserId(Long)) -> 0 ms
execution(String org.example.entity.User.getName()) -> 0 ms
execution(void org.example.dto.UserDto.setName(String)) -> 0 ms
execution(String org.example.entity.User.getEmail()) -> 0 ms
execution(void org.example.dto.UserDto.setEmail(String)) -> 0 ms
execution(String org.example.entity.User.getPassword()) -> 0 ms
execution(void org.example.dto.UserDto.setPassword(String)) -> 0 ms
execution(RoleType org.example.entity.User.getRole()) -> 0 ms
execution(void org.example.dto.UserDto.setRole(RoleType)) -> 0 ms
execution(StatusType org.example.entity.User.getStatus()) -> 0 ms
execution(void org.example.dto.UserDto.setStatus(StatusType)) -> 0 ms
execution(UserDto org.example.service.UserService.findByEmail(String)) -> 12 ms
execution(String org.example.dto.UserDto.getEmail()) -> 0 ms
execution(void org.example.entity.User.setName(String)) -> 0 ms
execution(void org.example.entity.User.setEmail(String)) -> 0 ms
execution(void org.example.entity.User.setPassword(String)) -> 0 ms
execution(void org.example.entity.User.setRole(RoleType)) -> 0 ms
execution(void org.example.entity.User.setStatus(StatusType)) -> 0 ms
execution(void org.example.entity.User.setId(long)) -> 0 ms
execution(RoleType org.example.entity.RoleType.valueOf(String)) -> 0 ms
execution(void org.example.entity.User.setRole(RoleType)) -> 0 ms
execution(StatusType org.example.entity.StatusType.valueOf(String)) -> 0 ms
execution(void org.example.entity.User.setStatus(StatusType)) -> 0 ms
execution(User org.example.repository.UserRepository.lambda$getByEmail$7(String, String)) -> 13 ms
execution(Optional org.example.repository.UserRepository.getByEmail(String)) -> 13 ms
execution(User org.example.service.UserService.loadUserByUsername(String)) -> 13 ms
execution(long org.example.entity.User.getId()) -> 0 ms
execution(void org.example.dto.TransactionDto.setUserId(Long)) -> 0 ms
execution(void org.example.web.servlet.AbstractServlet.lambda$execute$1(AbstractDto, User)) -> 0 ms
execution(EndPoint[] org.example.entity.EndPoint.values()) -> 0 ms
execution(EndPoint org.example.entity.EndPoint.fromString(String)) -> 0 ms
execution(TransactionType org.example.dto.TransactionDto.getType()) -> 0 ms
execution(Boolean org.example.handler.NotificationInvocationHandler.lambda$invoke$0(TransactionType)) -> 0 ms
execution(Long org.example.dto.TransactionDto.getUserId()) -> 0 ms
execution(Instant org.example.dto.TransactionDto.getDate()) -> 0 ms
execution(void org.example.entity.User.setName(String)) -> 0 ms
execution(void org.example.entity.User.setEmail(String)) -> 0 ms
execution(void org.example.entity.User.setPassword(String)) -> 0 ms
execution(void org.example.entity.User.setRole(RoleType)) -> 0 ms
execution(void org.example.entity.User.setStatus(StatusType)) -> 0 ms
execution(void org.example.entity.User.setId(long)) -> 0 ms
execution(RoleType org.example.entity.RoleType.valueOf(String)) -> 0 ms
execution(void org.example.entity.User.setRole(RoleType)) -> 0 ms
execution(StatusType org.example.entity.StatusType.valueOf(String)) -> 0 ms
execution(void org.example.entity.User.setStatus(StatusType)) -> 0 ms
execution(User org.example.repository.UserRepository.lambda$getById$8(Long)) -> 10 ms
execution(Optional org.example.repository.UserRepository.getById(Long)) -> 10 ms
execution(void org.example.entity.Limit.setMonth(YearMonth)) -> 0 ms
execution(void org.example.entity.Limit.setAmount(BigDecimal)) -> 0 ms
execution(void org.example.entity.Limit.setUser(User)) -> 0 ms
execution(void org.example.entity.Limit.setId(long)) -> 0 ms
execution(Limit org.example.repository.LimitRepository.lambda$getByMonthAndUserId$8(Long, User, YearMonth)) -> 9 ms
execution(Optional org.example.repository.LimitRepository.lambda$getByMonthAndUserId$9(YearMonth, Long)) -> 20 ms
execution(Optional org.example.repository.LimitRepository.getByMonthAndUserId(YearMonth, Long)) -> 20 ms
execution(Optional org.example.service.AnalyticsService.lambda$unspent$5(YearMonth, Long)) -> 20 ms
execution(BigDecimal org.example.entity.Limit.getAmount()) -> 0 ms
execution(void org.example.entity.User.setName(String)) -> 0 ms
execution(void org.example.entity.User.setEmail(String)) -> 0 ms
execution(void org.example.entity.User.setPassword(String)) -> 0 ms
execution(void org.example.entity.User.setRole(RoleType)) -> 0 ms
execution(void org.example.entity.User.setStatus(StatusType)) -> 0 ms
execution(void org.example.entity.User.setId(long)) -> 0 ms
execution(RoleType org.example.entity.RoleType.valueOf(String)) -> 0 ms
execution(void org.example.entity.User.setRole(RoleType)) -> 0 ms
execution(StatusType org.example.entity.StatusType.valueOf(String)) -> 0 ms
execution(void org.example.entity.User.setStatus(StatusType)) -> 0 ms
execution(User org.example.repository.UserRepository.lambda$getById$8(Long)) -> 9 ms
execution(Optional org.example.repository.UserRepository.getById(Long)) -> 9 ms
execution(TransactionType org.example.entity.TransactionType.valueOf(String)) -> 0 ms
execution(void org.example.entity.Transaction.setDate(Instant)) -> 0 ms
execution(void org.example.entity.Transaction.setType(TransactionType)) -> 0 ms
execution(void org.example.entity.Transaction.setCategory(String)) -> 0 ms
execution(void org.example.entity.Transaction.setAmount(BigDecimal)) -> 0 ms
execution(void org.example.entity.Transaction.setDescription(String)) -> 0 ms
execution(void org.example.entity.Transaction.setUser(User)) -> 0 ms
execution(void org.example.entity.Transaction.setId(long)) -> 0 ms
execution(Transaction org.example.repository.TransactionRepository.lambda$getAllByUserId$10(ResultSet, User)) -> 0 ms
execution(TransactionType org.example.entity.TransactionType.valueOf(String)) -> 0 ms
execution(void org.example.entity.Transaction.setDate(Instant)) -> 0 ms
execution(void org.example.entity.Transaction.setType(TransactionType)) -> 0 ms
execution(void org.example.entity.Transaction.setCategory(String)) -> 0 ms
execution(void org.example.entity.Transaction.setAmount(BigDecimal)) -> 0 ms
execution(void org.example.entity.Transaction.setDescription(String)) -> 0 ms
execution(void org.example.entity.Transaction.setUser(User)) -> 0 ms
execution(void org.example.entity.Transaction.setId(long)) -> 0 ms
execution(Transaction org.example.repository.TransactionRepository.lambda$getAllByUserId$10(ResultSet, User)) -> 0 ms
execution(Transaction org.example.repository.TransactionRepository.lambda$getAllByUserId$10(ResultSet, User)) -> 0 ms
execution(List org.example.repository.TransactionRepository.lambda$getAllByUserId$11(Long)) -> 19 ms
execution(Collection org.example.repository.TransactionRepository.getAllByUserId(Long)) -> 19 ms
execution(TransactionType org.example.entity.Transaction.getType()) -> 0 ms
execution(boolean org.example.service.AnalyticsService.lambda$outcome$3(Transaction)) -> 0 ms
execution(TransactionType org.example.entity.Transaction.getType()) -> 0 ms
execution(boolean org.example.service.AnalyticsService.lambda$outcome$3(Transaction)) -> 0 ms
execution(Instant org.example.entity.Transaction.getDate()) -> 0 ms
execution(Instant org.example.entity.Transaction.getDate()) -> 0 ms
execution(boolean org.example.service.AnalyticsService.lambda$static$0(Transaction, Map.Entry)) -> 0 ms
execution(Boolean org.example.service.AnalyticsService.lambda$total$1(Transaction, Map.Entry)) -> 0 ms
execution(boolean org.example.service.AnalyticsService.lambda$total$2(Map.Entry, Transaction)) -> 0 ms
execution(BigDecimal org.example.entity.Transaction.getAmount()) -> 0 ms
execution(BigDecimal org.example.service.AnalyticsService.total(Long, Map.Entry, Predicate)) -> 19 ms
execution(BigDecimal org.example.service.AnalyticsService.outcome(Long, Map.Entry)) -> 19 ms
execution(BigDecimal org.example.service.AnalyticsService.unspent(Long, YearMonth)) -> 40 ms
execution(BigDecimal org.example.dto.TransactionDto.getAmount()) -> 0 ms
execution(Long org.example.dto.TransactionDto.getUserId()) -> 0 ms
execution(void org.example.service.NotificationService.notify(Long)) -> 0 ms
execution(Object org.example.handler.NotificationInvocationHandler.invoke(Object, Method, Object[])) -> 41 ms
execution(int org.example.web.servlet.TransactionServlet.create(PrintWriter, TransactionDto)) -> 42 ms
execution(void org.example.web.servlet.AbstractServlet.lambda$execute$2(HttpServletRequest, AbstractDto, HttpServletResponse, PrintWriter, UserDto)) -> 56 ms
execution(void org.example.web.servlet.AbstractServlet.execute(HttpServletRequest, HttpServletResponse, AbstractDto)) -> 69 ms
execution(void org.example.web.servlet.TransactionServlet.process(HttpServletRequest, HttpServletResponse, String)) -> 86 ms
execution(void org.example.web.servlet.AbstractServlet.doPost(HttpServletRequest, HttpServletResponse)) -> 120 ms
]]></system-out>
  </testcase>
</testsuite>