<?xml version="1.0" encoding="UTF-8"?>
<testsuite xmlns:xsi="http://www.w3.org/2001/XMLSchema-instance" xsi:noNamespaceSchemaLocation="https://maven.apache.org/surefire/maven-surefire-plugin/xsd/surefire-test-report-3.0.xsd" version="3.0" name="org.example.servlet.LimitServletTest" time="1.405" tests="4" errors="0" skipped="0" failures="0">
  <properties>
[...]
</properties>
  <testcase name="givenUserAndLimit_whenTryToDelete_thenReturnCorrectResult" classname="org.example.servlet.LimitServletTest" time="0.411">
    <system-out><![CDATA[execution(LimitRepository org.example.repository.LimitRepository.getInstance()) -> 0 ms
execution(UserRepository org.example.repository.UserRepository.getInstance()) -> 0 ms
execution(LimitService org.example.service.LimitService.getInstance()) -> 12 ms
execution(void org.example.dto.LimitDto.setMonth(YearMonth)) -> 0 ms
execution(void org.example.entity.User.setName(String)) -> 0 ms
execution(void org.example.entity.User.setEmail(String)) -> 0 ms
execution(void org.example.entity.User.setPassword(String)) -> 0 ms
execution(void org.example.entity.User.setRole(RoleType)) -> 0 ms
execution(void org.example.entity.User.setStatus(StatusType)) -> 0 ms
execution(void org.example.entity.User.setId(long)) -> 0 ms
execution(RoleType org.example.entity.RoleType.valueOf(String)) -> 0 ms
execution(void org.example.entity.User.setRole(RoleType)) -> 0 ms
execution(StatusType org.example.entity.StatusType.valueOf(String)) -> 0 ms
execution(void org.example.entity.User.setStatus(StatusType)) -> 0 ms
execution(User org.example.repository.UserRepository.lambda$getByEmail$7(String, String)) -> 23 ms
execution(Optional org.example.repository.UserRepository.getByEmail(String)) -> 23 ms
execution(User org.example.service.UserService.loadUserByUsername(String)) -> 23 ms
execution(long org.example.entity.User.getId()) -> 0 ms
execution(void org.example.dto.LimitDto.setUserId(Long)) -> 0 ms
execution(void org.example.entity.User.setName(String)) -> 0 ms
execution(void org.example.entity.User.setEmail(String)) -> 0 ms
execution(void org.example.entity.User.setPassword(String)) -> 0 ms
execution(void org.example.entity.User.setRole(RoleType)) -> 0 ms
execution(void org.example.entity.User.setStatus(StatusType)) -> 0 ms
execution(void org.example.entity.User.setId(long)) -> 0 ms
execution(RoleType org.example.entity.RoleType.valueOf(String)) -> 0 ms
execution(void org.example.entity.User.setRole(RoleType)) -> 0 ms
execution(StatusType org.example.entity.StatusType.valueOf(String)) -> 0 ms
execution(void org.example.entity.User.setStatus(StatusType)) -> 0 ms
execution(User org.example.repository.UserRepository.lambda$getById$8(Long)) -> 13 ms
execution(Optional org.example.repository.UserRepository.getById(Long)) -> 13 ms
execution(void org.example.entity.Limit.setMonth(YearMonth)) -> 0 ms
execution(void org.example.entity.Limit.setAmount(BigDecimal)) -> 0 ms
execution(void org.example.entity.Limit.setUser(User)) -> 0 ms
execution(void org.example.entity.Limit.setId(long)) -> 0 ms
execution(Limit org.example.repository.LimitRepository.lambda$getAll$13(ResultSet)) -> 14 ms
execution(void org.example.entity.User.setName(String)) -> 0 ms
execution(void org.example.entity.User.setEmail(String)) -> 0 ms
execution(void org.example.entity.User.setPassword(String)) -> 0 ms
execution(void org.example.entity.User.setRole(RoleType)) -> 0 ms
execution(void org.example.entity.User.setStatus(StatusType)) -> 0 ms
execution(void org.example.entity.User.setId(long)) -> 0 ms
execution(RoleType org.example.entity.RoleType.valueOf(String)) -> 0 ms
execution(void org.example.entity.User.setRole(RoleType)) -> 0 ms
execution(StatusType org.example.entity.StatusType.valueOf(String)) -> 0 ms
execution(void org.example.entity.User.setStatus(StatusType)) -> 0 ms
execution(User org.example.repository.UserRepository.lambda$getById$8(Long)) -> 73 ms
execution(Optional org.example.repository.UserRepository.getById(Long)) -> 73 ms
execution(void org.example.entity.Limit.setMonth(YearMonth)) -> 0 ms
execution(void org.example.entity.Limit.setAmount(BigDecimal)) -> 0 ms
execution(void org.example.entity.Limit.setUser(User)) -> 0 ms
execution(void org.example.entity.Limit.setId(long)) -> 0 ms
execution(Limit org.example.repository.LimitRepository.lambda$getAll$13(ResultSet)) -> 73 ms
execution(Limit org.example.repository.LimitRepository.lambda$getAll$13(ResultSet)) -> 0 ms
execution(Collection org.example.repository.LimitRepository.getAll()) -> 98 ms
execution(YearMonth org.example.entity.Limit.getMonth()) -> 0 ms
execution(void org.example.dto.LimitDto.setMonth(YearMonth)) -> 0 ms
execution(BigDecimal org.example.entity.Limit.getAmount()) -> 0 ms
execution(void org.example.dto.LimitDto.setAmount(BigDecimal)) -> 0 ms
execution(User org.example.entity.Limit.getUser()) -> 0 ms
execution(long org.example.entity.User.getId()) -> 0 ms
execution(void org.example.dto.LimitDto.setUserId(Long)) -> 0 ms
execution(YearMonth org.example.entity.Limit.getMonth()) -> 0 ms
execution(void org.example.dto.LimitDto.setMonth(YearMonth)) -> 0 ms
execution(BigDecimal org.example.entity.Limit.getAmount()) -> 0 ms
execution(void org.example.dto.LimitDto.setAmount(BigDecimal)) -> 0 ms
execution(User org.example.entity.Limit.getUser()) -> 0 ms
execution(long org.example.entity.User.getId()) -> 0 ms
execution(void org.example.dto.LimitDto.setUserId(Long)) -> 0 ms
execution(Collection org.example.service.LimitService.findAll()) -> 100 ms
execution(boolean org.example.util.Specification.lambda$getCriteria$0(Field)) -> 0 ms
execution(Optional org.example.util.Specification.lambda$getCriteria$1(Field)) -> 0 ms
execution(boolean org.example.util.Specification.lambda$getCriteria$0(Field)) -> 0 ms
execution(Optional org.example.util.Specification.lambda$getCriteria$1(Field)) -> 0 ms
execution(boolean org.example.util.Specification.lambda$getCriteria$0(Field)) -> 0 ms
execution(Optional org.example.util.Specification.lambda$getCriteria$1(Field)) -> 0 ms
execution(boolean org.example.util.Specification.lambda$getCriteria$0(Field)) -> 0 ms
execution(Optional org.example.util.Specification.lambda$getCriteria$1(Field)) -> 0 ms
execution(boolean org.example.util.Specification.lambda$getCriteria$0(Field)) -> 0 ms
execution(Optional org.example.util.Specification.lambda$getCriteria$1(Field)) -> 0 ms
execution(boolean org.example.util.Specification.lambda$getCriteria$0(Field)) -> 0 ms
execution(Optional org.example.util.Specification.lambda$getCriteria$1(Field)) -> 0 ms
execution(boolean org.example.util.Specification.lambda$getCriteria$0(Field)) -> 0 ms
execution(Optional org.example.util.Specification.lambda$getCriteria$1(Field)) -> 0 ms
execution(boolean org.example.util.Specification.lambda$getCriteria$0(Field)) -> 0 ms
execution(Optional org.example.util.Specification.lambda$getCriteria$1(Field)) -> 0 ms
execution(boolean org.example.util.Specification.lambda$getCriteria$0(Field)) -> 0 ms
execution(Optional org.example.util.Specification.lambda$getCriteria$1(Field)) -> 0 ms
execution(boolean org.example.util.Specification.lambda$getCriteria$0(Field)) -> 0 ms
execution(Optional org.example.util.Specification.lambda$getCriteria$1(Field)) -> 0 ms
execution(Map org.example.util.Specification.getCriteria()) -> 0 ms
execution(Object org.example.util.Specification.1.apply(String, Object)) -> 0 ms
execution(boolean org.example.util.Specification.lambda$apply$2(Object, Map.Entry)) -> 0 ms
execution(Object org.example.util.Specification.1.apply(String, Object)) -> 0 ms
execution(boolean org.example.util.Specification.lambda$apply$2(Object, Map.Entry)) -> 0 ms
execution(boolean org.example.util.Specification.lambda$apply$2(Object, Map.Entry)) -> 0 ms
execution(Object org.example.util.Specification.1.apply(String, Object)) -> 0 ms
execution(boolean org.example.util.Specification.lambda$apply$2(Object, Map.Entry)) -> 0 ms
execution(Object org.example.util.Specification.1.apply(String, Object)) -> 0 ms
execution(boolean org.example.util.Specification.lambda$apply$2(Object, Map.Entry)) -> 0 ms
execution(Object org.example.util.Specification.1.apply(String, Object)) -> 0 ms
execution(boolean org.example.util.Specification.lambda$apply$2(Object, Map.Entry)) -> 0 ms
execution(Object org.example.util.Specification.1.apply(String, Object)) -> 0 ms
execution(boolean org.example.util.Specification.lambda$apply$2(Object, Map.Entry)) -> 0 ms
execution(Object org.example.util.Specification.1.apply(String, Object)) -> 0 ms
execution(boolean org.example.util.Specification.lambda$apply$2(Object, Map.Entry)) -> 0 ms
execution(Object org.example.util.Specification.1.apply(String, Object)) -> 0 ms
execution(boolean org.example.util.Specification.lambda$apply$2(Object, Map.Entry)) -> 0 ms
execution(Object org.example.util.Specification.1.apply(String, Object)) -> 0 ms
execution(boolean org.example.util.Specification.lambda$apply$2(Object, Map.Entry)) -> 0 ms
execution(boolean org.example.util.Specification.lambda$apply$3(Map, Object)) -> 0 ms
execution(Object org.example.util.Specification.1.apply(String, Object)) -> 0 ms
execution(boolean org.example.util.Specification.lambda$apply$2(Object, Map.Entry)) -> 0 ms
execution(Object org.example.util.Specification.1.apply(String, Object)) -> 0 ms
execution(boolean org.example.util.Specification.lambda$apply$2(Object, Map.Entry)) -> 0 ms
execution(boolean org.example.util.Specification.lambda$apply$2(Object, Map.Entry)) -> 0 ms
execution(Object org.example.util.Specification.1.apply(String, Object)) -> 0 ms
execution(boolean org.example.util.Specification.lambda$apply$2(Object, Map.Entry)) -> 0 ms
execution(Object org.example.util.Specification.1.apply(String, Object)) -> 0 ms
execution(boolean org.example.util.Specification.lambda$apply$2(Object, Map.Entry)) -> 0 ms
execution(Object org.example.util.Specification.1.apply(String, Object)) -> 0 ms
execution(boolean org.example.util.Specification.lambda$apply$2(Object, Map.Entry)) -> 0 ms
execution(Object org.example.util.Specification.1.apply(String, Object)) -> 0 ms
execution(boolean org.example.util.Specification.lambda$apply$2(Object, Map.Entry)) -> 0 ms
execution(Object org.example.util.Specification.1.apply(String, Object)) -> 0 ms
execution(boolean org.example.util.Specification.lambda$apply$2(Object, Map.Entry)) -> 0 ms
execution(Object org.example.util.Specification.1.apply(String, Object)) -> 0 ms
execution(boolean org.example.util.Specification.lambda$apply$2(Object, Map.Entry)) -> 0 ms
execution(Object org.example.util.Specification.1.apply(String, Object)) -> 0 ms
execution(boolean org.example.util.Specification.lambda$apply$2(Object, Map.Entry)) -> 0 ms
execution(boolean org.example.util.Specification.lambda$apply$3(Map, Object)) -> 0 ms
execution(Collection org.example.util.Specification.apply(Collection)) -> 1 ms
execution(Collection org.example.service.LimitService.findAllByDto(LimitDto)) -> 101 ms
execution(YearMonth org.example.dto.LimitDto.getMonth()) -> 0 ms
execution(BigDecimal org.example.dto.LimitDto.getAmount()) -> 0 ms
execution(Long org.example.dto.LimitDto.getUserId()) -> 0 ms
execution(UserService org.example.service.UserService.getInstance()) -> 0 ms
execution(LimitService org.example.service.LimitService.getInstance()) -> 0 ms
execution(LimitServlet org.example.web.servlet.LimitServlet.getInstance()) -> 0 ms
execution(void org.example.entity.User.setName(String)) -> 0 ms
execution(void org.example.entity.User.setEmail(String)) -> 0 ms
execution(void org.example.entity.User.setPassword(String)) -> 0 ms
execution(void org.example.entity.User.setRole(RoleType)) -> 0 ms
execution(void org.example.entity.User.setStatus(StatusType)) -> 0 ms
execution(void org.example.entity.User.setId(long)) -> 0 ms
execution(RoleType org.example.entity.RoleType.valueOf(String)) -> 0 ms
execution(void org.example.entity.User.setRole(RoleType)) -> 0 ms
execution(StatusType org.example.entity.StatusType.valueOf(String)) -> 0 ms
execution(void org.example.entity.User.setStatus(StatusType)) -> 0 ms
execution(User org.example.repository.UserRepository.lambda$getByEmail$7(String, String)) -> 15 ms
execution(Optional org.example.repository.UserRepository.getByEmail(String)) -> 15 ms
execution(User org.example.service.UserService.loadUserByUsername(String)) -> 15 ms
execution(void org.example.entity.Invocation.setDate(Instant)) -> 0 ms
execution(void org.example.entity.Invocation.setEndpoint(String)) -> 0 ms
execution(void org.example.entity.Invocation.setUser(User)) -> 0 ms
execution(Instant org.example.entity.Invocation.getDate()) -> 0 ms
execution(String org.example.entity.Invocation.getEndpoint()) -> 0 ms
execution(User org.example.entity.Invocation.getUser()) -> 0 ms
execution(long org.example.entity.User.getId()) -> 0 ms
execution(Invocation org.example.repository.InvocationRepository.lambda$add$1(Invocation)) -> 24 ms
execution(Invocation org.example.repository.InvocationRepository.add(Invocation)) -> 24 ms
execution(boolean org.example.web.listener.RequestStream.isFinished()) -> 0 ms
execution(boolean org.example.web.listener.RequestStream.isFinished()) -> 0 ms
execution(int org.example.web.listener.RequestStream.read()) -> 0 ms
execution(boolean org.example.web.listener.RequestStream.isFinished()) -> 0 ms
execution(boolean org.example.web.listener.RequestStream.isFinished()) -> 0 ms
execution(int org.example.web.listener.RequestStream.read()) -> 0 ms
execution(boolean org.example.web.listener.RequestStream.isFinished()) -> 0 ms
execution(boolean org.example.web.listener.RequestStream.isFinished()) -> 0 ms
execution(int org.example.web.listener.RequestStream.read()) -> 0 ms
execution(boolean org.example.web.listener.RequestStream.isFinished()) -> 0 ms
execution(boolean org.example.web.listener.RequestStream.isFinished()) -> 0 ms
execution(int org.example.web.listener.RequestStream.read()) -> 0 ms
execution(boolean org.example.web.listener.RequestStream.isFinished()) -> 0 ms
execution(boolean org.example.web.listener.RequestStream.isFinished()) -> 0 ms
execution(int org.example.web.listener.RequestStream.read()) -> 0 ms
execution(boolean org.example.web.listener.RequestStream.isFinished()) -> 0 ms
execution(boolean org.example.web.listener.RequestStream.isFinished()) -> 0 ms
execution(int org.example.web.listener.RequestStream.read()) -> 0 ms
execution(boolean org.example.web.listener.RequestStream.isFinished()) -> 0 ms
execution(boolean org.example.web.listener.RequestStream.isFinished()) -> 0 ms
execution(int org.example.web.listener.RequestStream.read()) -> 0 ms
execution(boolean org.example.web.listener.RequestStream.isFinished()) -> 0 ms
execution(boolean org.example.web.listener.RequestStream.isFinished()) -> 0 ms
execution(int org.example.web.listener.RequestStream.read()) -> 0 ms
execution(boolean org.example.web.listener.RequestStream.isFinished()) -> 0 ms
execution(boolean org.example.web.listener.RequestStream.isFinished()) -> 0 ms
execution(int org.example.web.listener.RequestStream.read()) -> 0 ms
execution(boolean org.example.web.listener.RequestStream.isFinished()) -> 0 ms
execution(boolean org.example.web.listener.RequestStream.isFinished()) -> 0 ms
execution(int org.example.web.listener.RequestStream.read()) -> 0 ms
execution(boolean org.example.web.listener.RequestStream.isFinished()) -> 0 ms
execution(boolean org.example.web.listener.RequestStream.isFinished()) -> 0 ms
execution(int org.example.web.listener.RequestStream.read()) -> 0 ms
execution(boolean org.example.web.listener.RequestStream.isFinished()) -> 0 ms
execution(boolean org.example.web.listener.RequestStream.isFinished()) -> 0 ms
execution(int org.example.web.listener.RequestStream.read()) -> 0 ms
execution(boolean org.example.web.listener.RequestStream.isFinished()) -> 0 ms
execution(boolean org.example.web.listener.RequestStream.isFinished()) -> 0 ms
execution(int org.example.web.listener.RequestStream.read()) -> 0 ms
execution(boolean org.example.web.listener.RequestStream.isFinished()) -> 0 ms
execution(boolean org.example.web.listener.RequestStream.isFinished()) -> 0 ms
execution(int org.example.web.listener.RequestStream.read()) -> 0 ms
execution(boolean org.example.web.listener.RequestStream.isFinished()) -> 0 ms
execution(boolean org.example.web.listener.RequestStream.isFinished()) -> 0 ms
execution(int org.example.web.listener.RequestStream.read()) -> 0 ms
execution(boolean org.example.web.listener.RequestStream.isFinished()) -> 0 ms
execution(boolean org.example.web.listener.RequestStream.isFinished()) -> 0 ms
execution(int org.example.web.listener.RequestStream.read()) -> 0 ms
execution(boolean org.example.web.listener.RequestStream.isFinished()) -> 0 ms
execution(boolean org.example.web.listener.RequestStream.isFinished()) -> 0 ms
execution(int org.example.web.listener.RequestStream.read()) -> 0 ms
execution(boolean org.example.web.listener.RequestStream.isFinished()) -> 0 ms
execution(boolean org.example.web.listener.RequestStream.isFinished()) -> 0 ms
execution(int org.example.web.listener.RequestStream.read()) -> 0 ms
execution(boolean org.example.web.listener.RequestStream.isFinished()) -> 0 ms
execution(boolean org.example.web.listener.RequestStream.isFinished()) -> 0 ms
execution(int org.example.web.listener.RequestStream.read()) -> 0 ms
execution(boolean org.example.web.listener.RequestStream.isFinished()) -> 0 ms
execution(boolean org.example.web.listener.RequestStream.isFinished()) -> 0 ms
execution(int org.example.web.listener.RequestStream.read()) -> 0 ms
execution(boolean org.example.web.listener.RequestStream.isFinished()) -> 0 ms
execution(boolean org.example.web.listener.RequestStream.isFinished()) -> 0 ms
execution(int org.example.web.listener.RequestStream.read()) -> 0 ms
execution(boolean org.example.web.listener.RequestStream.isFinished()) -> 0 ms
execution(boolean org.example.web.listener.RequestStream.isFinished()) -> 0 ms
execution(int org.example.web.listener.RequestStream.read()) -> 0 ms
execution(boolean org.example.web.listener.RequestStream.isFinished()) -> 0 ms
execution(boolean org.example.web.listener.RequestStream.isFinished()) -> 0 ms
execution(int org.example.web.listener.RequestStream.read()) -> 0 ms
execution(boolean org.example.web.listener.RequestStream.isFinished()) -> 0 ms
execution(boolean org.example.web.listener.RequestStream.isFinished()) -> 0 ms
execution(int org.example.web.listener.RequestStream.read()) -> 0 ms
execution(boolean org.example.web.listener.RequestStream.isFinished()) -> 0 ms
execution(boolean org.example.web.listener.RequestStream.isFinished()) -> 0 ms
execution(int org.example.web.listener.RequestStream.read()) -> 0 ms
execution(boolean org.example.web.listener.RequestStream.isFinished()) -> 0 ms
execution(boolean org.example.web.listener.RequestStream.isFinished()) -> 0 ms
execution(int org.example.web.listener.RequestStream.read()) -> 0 ms
execution(boolean org.example.web.listener.RequestStream.isFinished()) -> 0 ms
execution(boolean org.example.web.listener.RequestStream.isFinished()) -> 0 ms
execution(int org.example.web.listener.RequestStream.read()) -> 0 ms
execution(boolean org.example.web.listener.RequestStream.isFinished()) -> 0 ms
execution(boolean org.example.web.listener.RequestStream.isFinished()) -> 0 ms
execution(int org.example.web.listener.RequestStream.read()) -> 0 ms
execution(boolean org.example.web.listener.RequestStream.isFinished()) -> 0 ms
execution(boolean org.example.web.listener.RequestStream.isFinished()) -> 0 ms
execution(int org.example.web.listener.RequestStream.read()) -> 0 ms
execution(boolean org.example.web.listener.RequestStream.isFinished()) -> 0 ms
execution(boolean org.example.web.listener.RequestStream.isFinished()) -> 0 ms
execution(int org.example.web.listener.RequestStream.read()) -> 0 ms
execution(boolean org.example.web.listener.RequestStream.isFinished()) -> 0 ms
execution(boolean org.example.web.listener.RequestStream.isFinished()) -> 0 ms
execution(int org.example.web.listener.RequestStream.read()) -> 0 ms
execution(boolean org.example.web.listener.RequestStream.isFinished()) -> 0 ms
execution(boolean org.example.web.listener.RequestStream.isFinished()) -> 0 ms
execution(int org.example.web.listener.RequestStream.read()) -> 0 ms
execution(boolean org.example.web.listener.RequestStream.isFinished()) -> 0 ms
execution(boolean org.example.web.listener.RequestStream.isFinished()) -> 0 ms
execution(int org.example.web.listener.RequestStream.read()) -> 0 ms
execution(boolean org.example.web.listener.RequestStream.isFinished()) -> 0 ms
execution(boolean org.example.web.listener.RequestStream.isFinished()) -> 0 ms
execution(int org.example.web.listener.RequestStream.read()) -> 0 ms
execution(boolean org.example.web.listener.RequestStream.isFinished()) -> 0 ms
execution(boolean org.example.web.listener.RequestStream.isFinished()) -> 0 ms
execution(int org.example.web.listener.RequestStream.read()) -> 0 ms
execution(boolean org.example.web.listener.RequestStream.isFinished()) -> 0 ms
execution(boolean org.example.web.listener.RequestStream.isFinished()) -> 0 ms
execution(int org.example.web.listener.RequestStream.read()) -> 0 ms
execution(boolean org.example.web.listener.RequestStream.isFinished()) -> 0 ms
execution(boolean org.example.web.listener.RequestStream.isFinished()) -> 0 ms
execution(int org.example.web.listener.RequestStream.read()) -> 0 ms
execution(boolean org.example.web.listener.RequestStream.isFinished()) -> 0 ms
execution(boolean org.example.web.listener.RequestStream.isFinished()) -> 0 ms
execution(int org.example.web.listener.RequestStream.read()) -> 0 ms
execution(boolean org.example.web.listener.RequestStream.isFinished()) -> 0 ms
execution(boolean org.example.web.listener.RequestStream.isFinished()) -> 0 ms
execution(int org.example.web.listener.RequestStream.read()) -> 0 ms
execution(boolean org.example.web.listener.RequestStream.isFinished()) -> 0 ms
execution(boolean org.example.web.listener.RequestStream.isFinished()) -> 0 ms
execution(int org.example.web.listener.RequestStream.read()) -> 0 ms
execution(boolean org.example.web.listener.RequestStream.isFinished()) -> 0 ms
execution(boolean org.example.web.listener.RequestStream.isFinished()) -> 0 ms
execution(int org.example.web.listener.RequestStream.read()) -> 0 ms
execution(boolean org.example.web.listener.RequestStream.isFinished()) -> 0 ms
execution(boolean org.example.web.listener.RequestStream.isFinished()) -> 0 ms
execution(int org.example.web.listener.RequestStream.read()) -> 0 ms
execution(boolean org.example.web.listener.RequestStream.isFinished()) -> 0 ms
execution(boolean org.example.web.listener.RequestStream.isFinished()) -> 0 ms
execution(int org.example.web.listener.RequestStream.read()) -> 0 ms
execution(boolean org.example.web.listener.RequestStream.isFinished()) -> 0 ms
execution(int org.example.web.listener.RequestStream.read()) -> 0 ms
execution(boolean org.example.web.listener.RequestStream.isFinished()) -> 0 ms
execution(int org.example.web.listener.RequestStream.read()) -> 0 ms
execution(boolean org.example.web.listener.RequestStream.isFinished()) -> 0 ms
execution(int org.example.web.listener.RequestStream.read()) -> 0 ms
execution(void org.example.dto.LimitDto.setMonth(YearMonth)) -> 0 ms
execution(void org.example.dto.LimitDto.setAmount(BigDecimal)) -> 0 ms
execution(void org.example.dto.LimitDto.setUserId(Long)) -> 0 ms
execution(void org.example.entity.User.setName(String)) -> 0 ms
execution(void org.example.entity.User.setEmail(String)) -> 0 ms
execution(void org.example.entity.User.setPassword(String)) -> 0 ms
execution(void org.example.entity.User.setRole(RoleType)) -> 0 ms
execution(void org.example.entity.User.setStatus(StatusType)) -> 0 ms
execution(void org.example.entity.User.setId(long)) -> 0 ms
execution(RoleType org.example.entity.RoleType.valueOf(String)) -> 0 ms
execution(void org.example.entity.User.setRole(RoleType)) -> 0 ms
execution(StatusType org.example.entity.StatusType.valueOf(String)) -> 0 ms
execution(void org.example.entity.User.setStatus(StatusType)) -> 0 ms
execution(User org.example.repository.UserRepository.lambda$getByEmail$7(String, String)) -> 24 ms
execution(Optional org.example.repository.UserRepository.getByEmail(String)) -> 24 ms
execution(long org.example.entity.User.getId()) -> 0 ms
execution(void org.example.dto.UserDto.setUserId(Long)) -> 0 ms
execution(String org.example.entity.User.getName()) -> 0 ms
execution(void org.example.dto.UserDto.setName(String)) -> 0 ms
execution(String org.example.entity.User.getEmail()) -> 0 ms
execution(void org.example.dto.UserDto.setEmail(String)) -> 0 ms
execution(String org.example.entity.User.getPassword()) -> 0 ms
execution(void org.example.dto.UserDto.setPassword(String)) -> 0 ms
execution(RoleType org.example.entity.User.getRole()) -> 0 ms
execution(void org.example.dto.UserDto.setRole(RoleType)) -> 0 ms
execution(StatusType org.example.entity.User.getStatus()) -> 0 ms
execution(void org.example.dto.UserDto.setStatus(StatusType)) -> 0 ms
execution(UserDto org.example.service.UserService.findByEmail(String)) -> 25 ms
execution(String org.example.dto.UserDto.getEmail()) -> 0 ms
execution(void org.example.entity.User.setName(String)) -> 0 ms
execution(void org.example.entity.User.setEmail(String)) -> 0 ms
execution(void org.example.entity.User.setPassword(String)) -> 0 ms
execution(void org.example.entity.User.setRole(RoleType)) -> 0 ms
execution(void org.example.entity.User.setStatus(StatusType)) -> 0 ms
execution(void org.example.entity.User.setId(long)) -> 0 ms
execution(RoleType org.example.entity.RoleType.valueOf(String)) -> 0 ms
execution(void org.example.entity.User.setRole(RoleType)) -> 0 ms
execution(StatusType org.example.entity.StatusType.valueOf(String)) -> 0 ms
execution(void org.example.entity.User.setStatus(StatusType)) -> 0 ms
execution(User org.example.repository.UserRepository.lambda$getByEmail$7(String, String)) -> 15 ms
execution(Optional org.example.repository.UserRepository.getByEmail(String)) -> 15 ms
execution(User org.example.service.UserService.loadUserByUsername(String)) -> 15 ms
execution(long org.example.entity.User.getId()) -> 0 ms
execution(void org.example.dto.LimitDto.setUserId(Long)) -> 0 ms
execution(void org.example.web.servlet.AbstractServlet.lambda$execute$1(AbstractDto, User)) -> 0 ms
execution(EndPoint[] org.example.entity.EndPoint.values()) -> 0 ms
execution(EndPoint org.example.entity.EndPoint.fromString(String)) -> 0 ms
execution(YearMonth org.example.dto.LimitDto.getMonth()) -> 0 ms
execution(BigDecimal org.example.dto.LimitDto.getAmount()) -> 0 ms
execution(void org.example.entity.Limit.setMonth(YearMonth)) -> 0 ms
execution(void org.example.entity.Limit.setAmount(BigDecimal)) -> 0 ms
execution(void org.example.entity.Limit.setUser(User)) -> 0 ms
execution(YearMonth org.example.entity.Limit.getMonth()) -> 0 ms
execution(Long org.example.dto.LimitDto.getUserId()) -> 0 ms
execution(void org.example.entity.User.setName(String)) -> 0 ms
execution(void org.example.entity.User.setEmail(String)) -> 0 ms
execution(void org.example.entity.User.setPassword(String)) -> 0 ms
execution(void org.example.entity.User.setRole(RoleType)) -> 0 ms
execution(void org.example.entity.User.setStatus(StatusType)) -> 0 ms
execution(void org.example.entity.User.setId(long)) -> 0 ms
execution(RoleType org.example.entity.RoleType.valueOf(String)) -> 0 ms
execution(void org.example.entity.User.setRole(RoleType)) -> 0 ms
execution(StatusType org.example.entity.StatusType.valueOf(String)) -> 0 ms
execution(void org.example.entity.User.setStatus(StatusType)) -> 0 ms
execution(User org.example.repository.UserRepository.lambda$getById$8(Long)) -> 15 ms
execution(Optional org.example.repository.UserRepository.getById(Long)) -> 15 ms
execution(void org.example.entity.Limit.setMonth(YearMonth)) -> 0 ms
execution(void org.example.entity.Limit.setAmount(BigDecimal)) -> 0 ms
execution(void org.example.entity.Limit.setUser(User)) -> 0 ms
execution(void org.example.entity.Limit.setId(long)) -> 0 ms
execution(Limit org.example.repository.LimitRepository.lambda$getByMonthAndUserId$8(Long, User, YearMonth)) -> 84 ms
execution(Optional org.example.repository.LimitRepository.lambda$getByMonthAndUserId$9(YearMonth, Long)) -> 100 ms
execution(Optional org.example.repository.LimitRepository.getByMonthAndUserId(YearMonth, Long)) -> 100 ms
execution(long org.example.entity.Limit.getId()) -> 0 ms
execution(Limit org.example.repository.LimitRepository.lambda$delete$5(Limit)) -> 73 ms
execution(Limit org.example.repository.LimitRepository.delete(Limit)) -> 74 ms
execution(Limit org.example.service.LimitService.lambda$remove$6(LimitDto, Limit)) -> 175 ms
execution(YearMonth org.example.entity.Limit.getMonth()) -> 0 ms
execution(void org.example.dto.LimitDto.setMonth(YearMonth)) -> 0 ms
execution(BigDecimal org.example.entity.Limit.getAmount()) -> 0 ms
execution(void org.example.dto.LimitDto.setAmount(BigDecimal)) -> 0 ms
execution(User org.example.entity.Limit.getUser()) -> 0 ms
execution(long org.example.entity.User.getId()) -> 0 ms
execution(void org.example.dto.LimitDto.setUserId(Long)) -> 0 ms
execution(LimitDto org.example.service.LimitService.remove(LimitDto)) -> 176 ms
execution(String org.example.dto.LimitDto.name()) -> 0 ms
execution(int org.example.web.servlet.AbstractServlet.delete(PrintWriter, AbstractDto)) -> 176 ms
execution(void org.example.web.servlet.AbstractServlet.lambda$execute$2(HttpServletRequest, AbstractDto, HttpServletResponse, PrintWriter, UserDto)) -> 192 ms
execution(void org.example.web.servlet.AbstractServlet.execute(HttpServletRequest, HttpServletResponse, AbstractDto)) -> 218 ms
execution(void org.example.web.servlet.LimitServlet.process(HttpServletRequest, HttpServletResponse, String)) -> 226 ms
execution(void org.example.web.servlet.AbstractServlet.doDelete(HttpServletRequest, HttpServletResponse)) -> 267 ms
execution(YearMonth org.example.dto.LimitDto.getMonth()) -> 0 ms
]]></system-out>
  </testcase>
  <testcase name="givenCurrentUserAndLimit_whenTryToList_thenReturnBadRequest" classname="org.example.servlet.LimitServletTest" time="0.258">
    <system-out><![CDATA[execution(void org.example.entity.User.setName(String)) -> 0 ms
execution(void org.example.entity.User.setEmail(String)) -> 0 ms
execution(void org.example.entity.User.setPassword(String)) -> 0 ms
execution(void org.example.entity.User.setRole(RoleType)) -> 0 ms
execution(void org.example.entity.User.setStatus(StatusType)) -> 0 ms
execution(void org.example.entity.User.setId(long)) -> 0 ms
execution(RoleType org.example.entity.RoleType.valueOf(String)) -> 0 ms
execution(void org.example.entity.User.setRole(RoleType)) -> 0 ms
execution(StatusType org.example.entity.StatusType.valueOf(String)) -> 0 ms
execution(void org.example.entity.User.setStatus(StatusType)) -> 0 ms
execution(User org.example.repository.UserRepository.lambda$getById$8(Long)) -> 14 ms
execution(Optional org.example.repository.UserRepository.getById(Long)) -> 14 ms
execution(void org.example.entity.Limit.setMonth(YearMonth)) -> 0 ms
execution(void org.example.entity.Limit.setAmount(BigDecimal)) -> 0 ms
execution(void org.example.entity.Limit.setUser(User)) -> 0 ms
execution(void org.example.entity.Limit.setId(long)) -> 0 ms
execution(Limit org.example.repository.LimitRepository.lambda$getAll$13(ResultSet)) -> 14 ms
execution(Limit org.example.repository.LimitRepository.lambda$getAll$13(ResultSet)) -> 0 ms
execution(Collection org.example.repository.LimitRepository.getAll()) -> 30 ms
execution(YearMonth org.example.entity.Limit.getMonth()) -> 0 ms
execution(void org.example.dto.LimitDto.setMonth(YearMonth)) -> 0 ms
execution(BigDecimal org.example.entity.Limit.getAmount()) -> 0 ms
execution(void org.example.dto.LimitDto.setAmount(BigDecimal)) -> 0 ms
execution(User org.example.entity.Limit.getUser()) -> 0 ms
execution(long org.example.entity.User.getId()) -> 0 ms
execution(void org.example.dto.LimitDto.setUserId(Long)) -> 0 ms
execution(Collection org.example.service.LimitService.findAll()) -> 30 ms
execution(boolean org.example.util.Specification.lambda$getCriteria$0(Field)) -> 0 ms
execution(Optional org.example.util.Specification.lambda$getCriteria$1(Field)) -> 0 ms
execution(boolean org.example.util.Specification.lambda$getCriteria$0(Field)) -> 0 ms
execution(Optional org.example.util.Specification.lambda$getCriteria$1(Field)) -> 0 ms
execution(boolean org.example.util.Specification.lambda$getCriteria$0(Field)) -> 0 ms
execution(Optional org.example.util.Specification.lambda$getCriteria$1(Field)) -> 0 ms
execution(boolean org.example.util.Specification.lambda$getCriteria$0(Field)) -> 0 ms
execution(Optional org.example.util.Specification.lambda$getCriteria$1(Field)) -> 0 ms
execution(boolean org.example.util.Specification.lambda$getCriteria$0(Field)) -> 0 ms
execution(Optional org.example.util.Specification.lambda$getCriteria$1(Field)) -> 0 ms
execution(boolean org.example.util.Specification.lambda$getCriteria$0(Field)) -> 0 ms
execution(Optional org.example.util.Specification.lambda$getCriteria$1(Field)) -> 0 ms
execution(boolean org.example.util.Specification.lambda$getCriteria$0(Field)) -> 0 ms
execution(Optional org.example.util.Specification.lambda$getCriteria$1(Field)) -> 0 ms
execution(boolean org.example.util.Specification.lambda$getCriteria$0(Field)) -> 0 ms
execution(Optional org.example.util.Specification.lambda$getCriteria$1(Field)) -> 0 ms
execution(boolean org.example.util.Specification.lambda$getCriteria$0(Field)) -> 0 ms
execution(Optional org.example.util.Specification.lambda$getCriteria$1(Field)) -> 0 ms
execution(boolean org.example.util.Specification.lambda$getCriteria$0(Field)) -> 0 ms
execution(Optional org.example.util.Specification.lambda$getCriteria$1(Field)) -> 0 ms
execution(Map org.example.util.Specification.getCriteria()) -> 0 ms
execution(Object org.example.util.Specification.1.apply(String, Object)) -> 0 ms
execution(boolean org.example.util.Specification.lambda$apply$2(Object, Map.Entry)) -> 0 ms
execution(Object org.example.util.Specification.1.apply(String, Object)) -> 0 ms
execution(boolean org.example.util.Specification.lambda$apply$2(Object, Map.Entry)) -> 0 ms
execution(boolean org.example.util.Specification.lambda$apply$2(Object, Map.Entry)) -> 0 ms
execution(Object org.example.util.Specification.1.apply(String, Object)) -> 0 ms
execution(boolean org.example.util.Specification.lambda$apply$2(Object, Map.Entry)) -> 0 ms
execution(Object org.example.util.Specification.1.apply(String, Object)) -> 0 ms
execution(boolean org.example.util.Specification.lambda$apply$2(Object, Map.Entry)) -> 0 ms
execution(boolean org.example.util.Specification.lambda$apply$2(Object, Map.Entry)) -> 0 ms
execution(Object org.example.util.Specification.1.apply(String, Object)) -> 0 ms
execution(boolean org.example.util.Specification.lambda$apply$2(Object, Map.Entry)) -> 0 ms
execution(Object org.example.util.Specification.1.apply(String, Object)) -> 0 ms
execution(boolean org.example.util.Specification.lambda$apply$2(Object, Map.Entry)) -> 0 ms
execution(Object org.example.util.Specification.1.apply(String, Object)) -> 0 ms
execution(boolean org.example.util.Specification.lambda$apply$2(Object, Map.Entry)) -> 0 ms
execution(boolean org.example.util.Specification.lambda$apply$2(Object, Map.Entry)) -> 0 ms
execution(boolean org.example.util.Specification.lambda$apply$3(Map, Object)) -> 0 ms
execution(Collection org.example.util.Specification.apply(Collection)) -> 0 ms
execution(Collection org.example.service.LimitService.findAllByDto(LimitDto)) -> 30 ms
execution(YearMonth org.example.dto.LimitDto.getMonth()) -> 0 ms
execution(BigDecimal org.example.dto.LimitDto.getAmount()) -> 0 ms
execution(Long org.example.dto.LimitDto.getUserId()) -> 0 ms
execution(YearMonth org.example.dto.LimitDto.getMonth()) -> 0 ms
execution(BigDecimal org.example.dto.LimitDto.getAmount()) -> 0 ms
execution(Long org.example.dto.LimitDto.getUserId()) -> 0 ms
execution(LimitServlet org.example.web.servlet.LimitServlet.getInstance()) -> 0 ms
execution(void org.example.entity.User.setName(String)) -> 0 ms
execution(void org.example.entity.User.setEmail(String)) -> 0 ms
execution(void org.example.entity.User.setPassword(String)) -> 0 ms
execution(void org.example.entity.User.setRole(RoleType)) -> 0 ms
execution(void org.example.entity.User.setStatus(StatusType)) -> 0 ms
execution(void org.example.entity.User.setId(long)) -> 0 ms
execution(RoleType org.example.entity.RoleType.valueOf(String)) -> 0 ms
execution(void org.example.entity.User.setRole(RoleType)) -> 0 ms
execution(StatusType org.example.entity.StatusType.valueOf(String)) -> 0 ms
execution(void org.example.entity.User.setStatus(StatusType)) -> 0 ms
execution(User org.example.repository.UserRepository.lambda$getByEmail$7(String, String)) -> 12 ms
execution(Optional org.example.repository.UserRepository.getByEmail(String)) -> 12 ms
execution(User org.example.service.UserService.loadUserByUsername(String)) -> 12 ms
execution(void org.example.entity.Invocation.setDate(Instant)) -> 0 ms
execution(void org.example.entity.Invocation.setEndpoint(String)) -> 0 ms
execution(void org.example.entity.Invocation.setUser(User)) -> 0 ms
execution(Instant org.example.entity.Invocation.getDate()) -> 0 ms
execution(String org.example.entity.Invocation.getEndpoint()) -> 0 ms
execution(User org.example.entity.Invocation.getUser()) -> 0 ms
execution(long org.example.entity.User.getId()) -> 0 ms
execution(Invocation org.example.repository.InvocationRepository.lambda$add$1(Invocation)) -> 57 ms
execution(Invocation org.example.repository.InvocationRepository.add(Invocation)) -> 57 ms
execution(boolean org.example.web.listener.RequestStream.isFinished()) -> 0 ms
execution(boolean org.example.web.listener.RequestStream.isFinished()) -> 0 ms
execution(int org.example.web.listener.RequestStream.read()) -> 0 ms
execution(boolean org.example.web.listener.RequestStream.isFinished()) -> 0 ms
execution(boolean org.example.web.listener.RequestStream.isFinished()) -> 0 ms
execution(int org.example.web.listener.RequestStream.read()) -> 0 ms
execution(boolean org.example.web.listener.RequestStream.isFinished()) -> 0 ms
execution(boolean org.example.web.listener.RequestStream.isFinished()) -> 0 ms
execution(int org.example.web.listener.RequestStream.read()) -> 0 ms
execution(boolean org.example.web.listener.RequestStream.isFinished()) -> 0 ms
execution(boolean org.example.web.listener.RequestStream.isFinished()) -> 0 ms
execution(int org.example.web.listener.RequestStream.read()) -> 0 ms
execution(boolean org.example.web.listener.RequestStream.isFinished()) -> 0 ms
execution(boolean org.example.web.listener.RequestStream.isFinished()) -> 0 ms
execution(int org.example.web.listener.RequestStream.read()) -> 0 ms
execution(boolean org.example.web.listener.RequestStream.isFinished()) -> 0 ms
execution(boolean org.example.web.listener.RequestStream.isFinished()) -> 0 ms
execution(int org.example.web.listener.RequestStream.read()) -> 0 ms
execution(boolean org.example.web.listener.RequestStream.isFinished()) -> 0 ms
execution(boolean org.example.web.listener.RequestStream.isFinished()) -> 0 ms
execution(int org.example.web.listener.RequestStream.read()) -> 0 ms
execution(boolean org.example.web.listener.RequestStream.isFinished()) -> 0 ms
execution(boolean org.example.web.listener.RequestStream.isFinished()) -> 0 ms
execution(int org.example.web.listener.RequestStream.read()) -> 0 ms
execution(boolean org.example.web.listener.RequestStream.isFinished()) -> 0 ms
execution(boolean org.example.web.listener.RequestStream.isFinished()) -> 0 ms
execution(int org.example.web.listener.RequestStream.read()) -> 0 ms
execution(boolean org.example.web.listener.RequestStream.isFinished()) -> 0 ms
execution(boolean org.example.web.listener.RequestStream.isFinished()) -> 0 ms
execution(int org.example.web.listener.RequestStream.read()) -> 0 ms
execution(boolean org.example.web.listener.RequestStream.isFinished()) -> 0 ms
execution(boolean org.example.web.listener.RequestStream.isFinished()) -> 0 ms
execution(int org.example.web.listener.RequestStream.read()) -> 0 ms
execution(boolean org.example.web.listener.RequestStream.isFinished()) -> 0 ms
execution(boolean org.example.web.listener.RequestStream.isFinished()) -> 0 ms
execution(int org.example.web.listener.RequestStream.read()) -> 0 ms
execution(boolean org.example.web.listener.RequestStream.isFinished()) -> 0 ms
execution(boolean org.example.web.listener.RequestStream.isFinished()) -> 0 ms
execution(int org.example.web.listener.RequestStream.read()) -> 0 ms
execution(boolean org.example.web.listener.RequestStream.isFinished()) -> 0 ms
execution(boolean org.example.web.listener.RequestStream.isFinished()) -> 0 ms
execution(int org.example.web.listener.RequestStream.read()) -> 0 ms
execution(boolean org.example.web.listener.RequestStream.isFinished()) -> 0 ms
execution(boolean org.example.web.listener.RequestStream.isFinished()) -> 0 ms
execution(int org.example.web.listener.RequestStream.read()) -> 0 ms
execution(boolean org.example.web.listener.RequestStream.isFinished()) -> 0 ms
execution(boolean org.example.web.listener.RequestStream.isFinished()) -> 0 ms
execution(int org.example.web.listener.RequestStream.read()) -> 0 ms
execution(boolean org.example.web.listener.RequestStream.isFinished()) -> 0 ms
execution(boolean org.example.web.listener.RequestStream.isFinished()) -> 0 ms
execution(int org.example.web.listener.RequestStream.read()) -> 0 ms
execution(boolean org.example.web.listener.RequestStream.isFinished()) -> 0 ms
execution(boolean org.example.web.listener.RequestStream.isFinished()) -> 0 ms
execution(int org.example.web.listener.RequestStream.read()) -> 0 ms
execution(boolean org.example.web.listener.RequestStream.isFinished()) -> 0 ms
execution(boolean org.example.web.listener.RequestStream.isFinished()) -> 0 ms
execution(int org.example.web.listener.RequestStream.read()) -> 0 ms
execution(boolean org.example.web.listener.RequestStream.isFinished()) -> 0 ms
execution(boolean org.example.web.listener.RequestStream.isFinished()) -> 0 ms
execution(int org.example.web.listener.RequestStream.read()) -> 0 ms
execution(boolean org.example.web.listener.RequestStream.isFinished()) -> 0 ms
execution(boolean org.example.web.listener.RequestStream.isFinished()) -> 0 ms
execution(int org.example.web.listener.RequestStream.read()) -> 0 ms
execution(boolean org.example.web.listener.RequestStream.isFinished()) -> 0 ms
execution(boolean org.example.web.listener.RequestStream.isFinished()) -> 0 ms
execution(int org.example.web.listener.RequestStream.read()) -> 0 ms
execution(boolean org.example.web.listener.RequestStream.isFinished()) -> 0 ms
execution(boolean org.example.web.listener.RequestStream.isFinished()) -> 0 ms
execution(int org.example.web.listener.RequestStream.read()) -> 0 ms
execution(boolean org.example.web.listener.RequestStream.isFinished()) -> 0 ms
execution(boolean org.example.web.listener.RequestStream.isFinished()) -> 0 ms
execution(int org.example.web.listener.RequestStream.read()) -> 0 ms
execution(boolean org.example.web.listener.RequestStream.isFinished()) -> 0 ms
execution(boolean org.example.web.listener.RequestStream.isFinished()) -> 0 ms
execution(int org.example.web.listener.RequestStream.read()) -> 0 ms
execution(boolean org.example.web.listener.RequestStream.isFinished()) -> 0 ms
execution(boolean org.example.web.listener.RequestStream.isFinished()) -> 0 ms
execution(int org.example.web.listener.RequestStream.read()) -> 0 ms
execution(boolean org.example.web.listener.RequestStream.isFinished()) -> 0 ms
execution(boolean org.example.web.listener.RequestStream.isFinished()) -> 0 ms
execution(int org.example.web.listener.RequestStream.read()) -> 0 ms
execution(boolean org.example.web.listener.RequestStream.isFinished()) -> 0 ms
execution(boolean org.example.web.listener.RequestStream.isFinished()) -> 0 ms
execution(int org.example.web.listener.RequestStream.read()) -> 0 ms
execution(boolean org.example.web.listener.RequestStream.isFinished()) -> 0 ms
execution(boolean org.example.web.listener.RequestStream.isFinished()) -> 0 ms
execution(int org.example.web.listener.RequestStream.read()) -> 0 ms
execution(boolean org.example.web.listener.RequestStream.isFinished()) -> 0 ms
execution(boolean org.example.web.listener.RequestStream.isFinished()) -> 0 ms
execution(int org.example.web.listener.RequestStream.read()) -> 0 ms
execution(boolean org.example.web.listener.RequestStream.isFinished()) -> 0 ms
execution(boolean org.example.web.listener.RequestStream.isFinished()) -> 0 ms
execution(int org.example.web.listener.RequestStream.read()) -> 0 ms
execution(boolean org.example.web.listener.RequestStream.isFinished()) -> 0 ms
execution(boolean org.example.web.listener.RequestStream.isFinished()) -> 0 ms
execution(int org.example.web.listener.RequestStream.read()) -> 0 ms
execution(boolean org.example.web.listener.RequestStream.isFinished()) -> 0 ms
execution(boolean org.example.web.listener.RequestStream.isFinished()) -> 0 ms
execution(int org.example.web.listener.RequestStream.read()) -> 0 ms
execution(boolean org.example.web.listener.RequestStream.isFinished()) -> 0 ms
execution(boolean org.example.web.listener.RequestStream.isFinished()) -> 0 ms
execution(int org.example.web.listener.RequestStream.read()) -> 0 ms
execution(boolean org.example.web.listener.RequestStream.isFinished()) -> 0 ms
execution(boolean org.example.web.listener.RequestStream.isFinished()) -> 0 ms
execution(int org.example.web.listener.RequestStream.read()) -> 0 ms
execution(boolean org.example.web.listener.RequestStream.isFinished()) -> 0 ms
execution(boolean org.example.web.listener.RequestStream.isFinished()) -> 0 ms
execution(int org.example.web.listener.RequestStream.read()) -> 0 ms
execution(boolean org.example.web.listener.RequestStream.isFinished()) -> 0 ms
execution(boolean org.example.web.listener.RequestStream.isFinished()) -> 0 ms
execution(int org.example.web.listener.RequestStream.read()) -> 0 ms
execution(boolean org.example.web.listener.RequestStream.isFinished()) -> 0 ms
execution(boolean org.example.web.listener.RequestStream.isFinished()) -> 0 ms
execution(int org.example.web.listener.RequestStream.read()) -> 0 ms
execution(boolean org.example.web.listener.RequestStream.isFinished()) -> 0 ms
execution(boolean org.example.web.listener.RequestStream.isFinished()) -> 0 ms
execution(int org.example.web.listener.RequestStream.read()) -> 0 ms
execution(boolean org.example.web.listener.RequestStream.isFinished()) -> 0 ms
execution(boolean org.example.web.listener.RequestStream.isFinished()) -> 0 ms
execution(int org.example.web.listener.RequestStream.read()) -> 0 ms
execution(boolean org.example.web.listener.RequestStream.isFinished()) -> 0 ms
execution(boolean org.example.web.listener.RequestStream.isFinished()) -> 0 ms
execution(int org.example.web.listener.RequestStream.read()) -> 0 ms
execution(boolean org.example.web.listener.RequestStream.isFinished()) -> 0 ms
execution(boolean org.example.web.listener.RequestStream.isFinished()) -> 0 ms
execution(int org.example.web.listener.RequestStream.read()) -> 0 ms
execution(boolean org.example.web.listener.RequestStream.isFinished()) -> 0 ms
execution(int org.example.web.listener.RequestStream.read()) -> 0 ms
execution(boolean org.example.web.listener.RequestStream.isFinished()) -> 0 ms
execution(int org.example.web.listener.RequestStream.read()) -> 0 ms
execution(boolean org.example.web.listener.RequestStream.isFinished()) -> 0 ms
execution(int org.example.web.listener.RequestStream.read()) -> 0 ms
execution(void org.example.dto.LimitDto.setMonth(YearMonth)) -> 0 ms
execution(void org.example.dto.LimitDto.setAmount(BigDecimal)) -> 0 ms
execution(void org.example.dto.LimitDto.setUserId(Long)) -> 0 ms
execution(void org.example.entity.User.setName(String)) -> 0 ms
execution(void org.example.entity.User.setEmail(String)) -> 0 ms
execution(void org.example.entity.User.setPassword(String)) -> 0 ms
execution(void org.example.entity.User.setRole(RoleType)) -> 0 ms
execution(void org.example.entity.User.setStatus(StatusType)) -> 0 ms
execution(void org.example.entity.User.setId(long)) -> 0 ms
execution(RoleType org.example.entity.RoleType.valueOf(String)) -> 0 ms
execution(void org.example.entity.User.setRole(RoleType)) -> 0 ms
execution(StatusType org.example.entity.StatusType.valueOf(String)) -> 0 ms
execution(void org.example.entity.User.setStatus(StatusType)) -> 0 ms
execution(User org.example.repository.UserRepository.lambda$getByEmail$7(String, String)) -> 13 ms
execution(Optional org.example.repository.UserRepository.getByEmail(String)) -> 13 ms
execution(long org.example.entity.User.getId()) -> 0 ms
execution(void org.example.dto.UserDto.setUserId(Long)) -> 0 ms
execution(String org.example.entity.User.getName()) -> 0 ms
execution(void org.example.dto.UserDto.setName(String)) -> 0 ms
execution(String org.example.entity.User.getEmail()) -> 0 ms
execution(void org.example.dto.UserDto.setEmail(String)) -> 0 ms
execution(String org.example.entity.User.getPassword()) -> 0 ms
execution(void org.example.dto.UserDto.setPassword(String)) -> 0 ms
execution(RoleType org.example.entity.User.getRole()) -> 0 ms
execution(void org.example.dto.UserDto.setRole(RoleType)) -> 0 ms
execution(StatusType org.example.entity.User.getStatus()) -> 0 ms
execution(void org.example.dto.UserDto.setStatus(StatusType)) -> 0 ms
execution(UserDto org.example.service.UserService.findByEmail(String)) -> 13 ms
execution(String org.example.dto.UserDto.getEmail()) -> 0 ms
execution(void org.example.entity.User.setName(String)) -> 0 ms
execution(void org.example.entity.User.setEmail(String)) -> 0 ms
execution(void org.example.entity.User.setPassword(String)) -> 0 ms
execution(void org.example.entity.User.setRole(RoleType)) -> 0 ms
execution(void org.example.entity.User.setStatus(StatusType)) -> 0 ms
execution(void org.example.entity.User.setId(long)) -> 0 ms
execution(RoleType org.example.entity.RoleType.valueOf(String)) -> 0 ms
execution(void org.example.entity.User.setRole(RoleType)) -> 0 ms
execution(StatusType org.example.entity.StatusType.valueOf(String)) -> 0 ms
execution(void org.example.entity.User.setStatus(StatusType)) -> 0 ms
execution(User org.example.repository.UserRepository.lambda$getByEmail$7(String, String)) -> 16 ms
execution(Optional org.example.repository.UserRepository.getByEmail(String)) -> 16 ms
execution(User org.example.service.UserService.loadUserByUsername(String)) -> 16 ms
execution(long org.example.entity.User.getId()) -> 0 ms
execution(void org.example.dto.LimitDto.setUserId(Long)) -> 0 ms
execution(void org.example.web.servlet.AbstractServlet.lambda$execute$1(AbstractDto, User)) -> 0 ms
execution(EndPoint[] org.example.entity.EndPoint.values()) -> 0 ms
execution(EndPoint org.example.entity.EndPoint.fromString(String)) -> 0 ms
execution(void org.example.entity.User.setName(String)) -> 0 ms
execution(void org.example.entity.User.setEmail(String)) -> 0 ms
execution(void org.example.entity.User.setPassword(String)) -> 0 ms
execution(void org.example.entity.User.setRole(RoleType)) -> 0 ms
execution(void org.example.entity.User.setStatus(StatusType)) -> 0 ms
execution(void org.example.entity.User.setId(long)) -> 0 ms
execution(RoleType org.example.entity.RoleType.valueOf(String)) -> 0 ms
execution(void org.example.entity.User.setRole(RoleType)) -> 0 ms
execution(StatusType org.example.entity.StatusType.valueOf(String)) -> 0 ms
execution(void org.example.entity.User.setStatus(StatusType)) -> 0 ms
execution(User org.example.repository.UserRepository.lambda$getById$8(Long)) -> 93 ms
execution(Optional org.example.repository.UserRepository.getById(Long)) -> 93 ms
execution(void org.example.entity.Limit.setMonth(YearMonth)) -> 0 ms
execution(void org.example.entity.Limit.setAmount(BigDecimal)) -> 0 ms
execution(void org.example.entity.Limit.setUser(User)) -> 0 ms
execution(void org.example.entity.Limit.setId(long)) -> 0 ms
execution(Limit org.example.repository.LimitRepository.lambda$getAll$13(ResultSet)) -> 94 ms
execution(Limit org.example.repository.LimitRepository.lambda$getAll$13(ResultSet)) -> 0 ms
execution(Collection org.example.repository.LimitRepository.getAll()) -> 113 ms
execution(YearMonth org.example.entity.Limit.getMonth()) -> 0 ms
execution(void org.example.dto.LimitDto.setMonth(YearMonth)) -> 0 ms
execution(BigDecimal org.example.entity.Limit.getAmount()) -> 0 ms
execution(void org.example.dto.LimitDto.setAmount(BigDecimal)) -> 0 ms
execution(User org.example.entity.Limit.getUser()) -> 0 ms
execution(long org.example.entity.User.getId()) -> 0 ms
execution(void org.example.dto.LimitDto.setUserId(Long)) -> 0 ms
execution(Collection org.example.service.LimitService.findAll()) -> 113 ms
execution(boolean org.example.util.Specification.lambda$getCriteria$0(Field)) -> 0 ms
execution(Optional org.example.util.Specification.lambda$getCriteria$1(Field)) -> 0 ms
execution(boolean org.example.util.Specification.lambda$getCriteria$0(Field)) -> 0 ms
execution(Optional org.example.util.Specification.lambda$getCriteria$1(Field)) -> 0 ms
execution(boolean org.example.util.Specification.lambda$getCriteria$0(Field)) -> 0 ms
execution(Optional org.example.util.Specification.lambda$getCriteria$1(Field)) -> 0 ms
execution(boolean org.example.util.Specification.lambda$getCriteria$0(Field)) -> 0 ms
execution(Optional org.example.util.Specification.lambda$getCriteria$1(Field)) -> 0 ms
execution(boolean org.example.util.Specification.lambda$getCriteria$0(Field)) -> 0 ms
execution(Optional org.example.util.Specification.lambda$getCriteria$1(Field)) -> 0 ms
execution(boolean org.example.util.Specification.lambda$getCriteria$0(Field)) -> 0 ms
execution(Optional org.example.util.Specification.lambda$getCriteria$1(Field)) -> 0 ms
execution(boolean org.example.util.Specification.lambda$getCriteria$0(Field)) -> 0 ms
execution(Optional org.example.util.Specification.lambda$getCriteria$1(Field)) -> 0 ms
execution(boolean org.example.util.Specification.lambda$getCriteria$0(Field)) -> 0 ms
execution(Optional org.example.util.Specification.lambda$getCriteria$1(Field)) -> 0 ms
execution(boolean org.example.util.Specification.lambda$getCriteria$0(Field)) -> 0 ms
execution(Optional org.example.util.Specification.lambda$getCriteria$1(Field)) -> 0 ms
execution(boolean org.example.util.Specification.lambda$getCriteria$0(Field)) -> 0 ms
execution(Optional org.example.util.Specification.lambda$getCriteria$1(Field)) -> 0 ms
execution(Map org.example.util.Specification.getCriteria()) -> 0 ms
execution(Object org.example.util.Specification.1.apply(String, Object)) -> 0 ms
execution(boolean org.example.util.Specification.lambda$apply$2(Object, Map.Entry)) -> 0 ms
execution(Object org.example.util.Specification.1.apply(String, Object)) -> 0 ms
execution(boolean org.example.util.Specification.lambda$apply$2(Object, Map.Entry)) -> 0 ms
execution(boolean org.example.util.Specification.lambda$apply$2(Object, Map.Entry)) -> 0 ms
execution(Object org.example.util.Specification.1.apply(String, Object)) -> 0 ms
execution(boolean org.example.util.Specification.lambda$apply$2(Object, Map.Entry)) -> 0 ms
execution(Object org.example.util.Specification.1.apply(String, Object)) -> 0 ms
execution(boolean org.example.util.Specification.lambda$apply$2(Object, Map.Entry)) -> 0 ms
execution(boolean org.example.util.Specification.lambda$apply$2(Object, Map.Entry)) -> 0 ms
execution(Object org.example.util.Specification.1.apply(String, Object)) -> 0 ms
execution(boolean org.example.util.Specification.lambda$apply$2(Object, Map.Entry)) -> 0 ms
execution(Object org.example.util.Specification.1.apply(String, Object)) -> 0 ms
execution(boolean org.example.util.Specification.lambda$apply$2(Object, Map.Entry)) -> 0 ms
execution(Object org.example.util.Specification.1.apply(String, Object)) -> 0 ms
execution(boolean org.example.util.Specification.lambda$apply$2(Object, Map.Entry)) -> 0 ms
execution(Object org.example.util.Specification.1.apply(String, Object)) -> 0 ms
execution(boolean org.example.util.Specification.lambda$apply$2(Object, Map.Entry)) -> 0 ms
execution(boolean org.example.util.Specification.lambda$apply$3(Map, Object)) -> 0 ms
execution(Collection org.example.util.Specification.apply(Collection)) -> 0 ms
execution(Collection org.example.service.LimitService.findAllByDto(LimitDto)) -> 113 ms
execution(YearMonth org.example.dto.LimitDto.getMonth()) -> 1 ms
execution(BigDecimal org.example.dto.LimitDto.getAmount()) -> 0 ms
execution(Long org.example.dto.LimitDto.getUserId()) -> 0 ms
execution(int org.example.web.servlet.AbstractServlet.list(PrintWriter, AbstractDto)) -> 115 ms
execution(void org.example.web.servlet.AbstractServlet.lambda$execute$2(HttpServletRequest, AbstractDto, HttpServletResponse, PrintWriter, UserDto)) -> 131 ms
execution(void org.example.web.servlet.AbstractServlet.execute(HttpServletRequest, HttpServletResponse, AbstractDto)) -> 146 ms
execution(void org.example.web.servlet.LimitServlet.process(HttpServletRequest, HttpServletResponse, String)) -> 148 ms
execution(void org.example.web.servlet.AbstractServlet.doGet(HttpServletRequest, HttpServletResponse)) -> 218 ms
]]></system-out>
  </testcase>
  <testcase name="givenUserAndLimit_whenTryToUpdate_thenReturnCorrectResult" classname="org.example.servlet.LimitServletTest" time="0.295">
    <system-out><![CDATA[execution(void org.example.dto.LimitDto.setMonth(YearMonth)) -> 0 ms
execution(void org.example.entity.User.setName(String)) -> 0 ms
execution(void org.example.entity.User.setEmail(String)) -> 0 ms
execution(void org.example.entity.User.setPassword(String)) -> 0 ms
execution(void org.example.entity.User.setRole(RoleType)) -> 0 ms
execution(void org.example.entity.User.setStatus(StatusType)) -> 0 ms
execution(void org.example.entity.User.setId(long)) -> 0 ms
execution(RoleType org.example.entity.RoleType.valueOf(String)) -> 0 ms
execution(void org.example.entity.User.setRole(RoleType)) -> 0 ms
execution(StatusType org.example.entity.StatusType.valueOf(String)) -> 0 ms
execution(void org.example.entity.User.setStatus(StatusType)) -> 0 ms
execution(User org.example.repository.UserRepository.lambda$getByEmail$7(String, String)) -> 46 ms
execution(Optional org.example.repository.UserRepository.getByEmail(String)) -> 46 ms
execution(User org.example.service.UserService.loadUserByUsername(String)) -> 46 ms
execution(long org.example.entity.User.getId()) -> 0 ms
execution(void org.example.dto.LimitDto.setUserId(Long)) -> 0 ms
execution(void org.example.entity.User.setName(String)) -> 0 ms
execution(void org.example.entity.User.setEmail(String)) -> 0 ms
execution(void org.example.entity.User.setPassword(String)) -> 0 ms
execution(void org.example.entity.User.setRole(RoleType)) -> 0 ms
execution(void org.example.entity.User.setStatus(StatusType)) -> 0 ms
execution(void org.example.entity.User.setId(long)) -> 0 ms
execution(RoleType org.example.entity.RoleType.valueOf(String)) -> 0 ms
execution(void org.example.entity.User.setRole(RoleType)) -> 0 ms
execution(StatusType org.example.entity.StatusType.valueOf(String)) -> 0 ms
execution(void org.example.entity.User.setStatus(StatusType)) -> 0 ms
execution(User org.example.repository.UserRepository.lambda$getById$8(Long)) -> 31 ms
execution(Optional org.example.repository.UserRepository.getById(Long)) -> 31 ms
execution(void org.example.entity.Limit.setMonth(YearMonth)) -> 0 ms
execution(void org.example.entity.Limit.setAmount(BigDecimal)) -> 0 ms
execution(void org.example.entity.Limit.setUser(User)) -> 0 ms
execution(void org.example.entity.Limit.setId(long)) -> 0 ms
execution(Limit org.example.repository.LimitRepository.lambda$getAll$13(ResultSet)) -> 31 ms
execution(Limit org.example.repository.LimitRepository.lambda$getAll$13(ResultSet)) -> 0 ms
execution(Collection org.example.repository.LimitRepository.getAll()) -> 83 ms
execution(YearMonth org.example.entity.Limit.getMonth()) -> 0 ms
execution(void org.example.dto.LimitDto.setMonth(YearMonth)) -> 0 ms
execution(BigDecimal org.example.entity.Limit.getAmount()) -> 0 ms
execution(void org.example.dto.LimitDto.setAmount(BigDecimal)) -> 0 ms
execution(User org.example.entity.Limit.getUser()) -> 0 ms
execution(long org.example.entity.User.getId()) -> 0 ms
execution(void org.example.dto.LimitDto.setUserId(Long)) -> 0 ms
execution(Collection org.example.service.LimitService.findAll()) -> 83 ms
execution(boolean org.example.util.Specification.lambda$getCriteria$0(Field)) -> 0 ms
execution(Optional org.example.util.Specification.lambda$getCriteria$1(Field)) -> 0 ms
execution(boolean org.example.util.Specification.lambda$getCriteria$0(Field)) -> 0 ms
execution(Optional org.example.util.Specification.lambda$getCriteria$1(Field)) -> 0 ms
execution(boolean org.example.util.Specification.lambda$getCriteria$0(Field)) -> 0 ms
execution(Optional org.example.util.Specification.lambda$getCriteria$1(Field)) -> 0 ms
execution(boolean org.example.util.Specification.lambda$getCriteria$0(Field)) -> 0 ms
execution(Optional org.example.util.Specification.lambda$getCriteria$1(Field)) -> 0 ms
execution(boolean org.example.util.Specification.lambda$getCriteria$0(Field)) -> 0 ms
execution(Optional org.example.util.Specification.lambda$getCriteria$1(Field)) -> 0 ms
execution(boolean org.example.util.Specification.lambda$getCriteria$0(Field)) -> 0 ms
execution(Optional org.example.util.Specification.lambda$getCriteria$1(Field)) -> 0 ms
execution(boolean org.example.util.Specification.lambda$getCriteria$0(Field)) -> 0 ms
execution(Optional org.example.util.Specification.lambda$getCriteria$1(Field)) -> 0 ms
execution(boolean org.example.util.Specification.lambda$getCriteria$0(Field)) -> 0 ms
execution(Optional org.example.util.Specification.lambda$getCriteria$1(Field)) -> 0 ms
execution(boolean org.example.util.Specification.lambda$getCriteria$0(Field)) -> 0 ms
execution(Optional org.example.util.Specification.lambda$getCriteria$1(Field)) -> 0 ms
execution(boolean org.example.util.Specification.lambda$getCriteria$0(Field)) -> 0 ms
execution(Optional org.example.util.Specification.lambda$getCriteria$1(Field)) -> 0 ms
execution(Map org.example.util.Specification.getCriteria()) -> 0 ms
execution(Object org.example.util.Specification.1.apply(String, Object)) -> 0 ms
execution(boolean org.example.util.Specification.lambda$apply$2(Object, Map.Entry)) -> 0 ms
execution(Object org.example.util.Specification.1.apply(String, Object)) -> 0 ms
execution(boolean org.example.util.Specification.lambda$apply$2(Object, Map.Entry)) -> 0 ms
execution(boolean org.example.util.Specification.lambda$apply$2(Object, Map.Entry)) -> 0 ms
execution(Object org.example.util.Specification.1.apply(String, Object)) -> 0 ms
execution(boolean org.example.util.Specification.lambda$apply$2(Object, Map.Entry)) -> 0 ms
execution(Object org.example.util.Specification.1.apply(String, Object)) -> 0 ms
execution(boolean org.example.util.Specification.lambda$apply$2(Object, Map.Entry)) -> 0 ms
execution(Object org.example.util.Specification.1.apply(String, Object)) -> 0 ms
execution(boolean org.example.util.Specification.lambda$apply$2(Object, Map.Entry)) -> 0 ms
execution(Object org.example.util.Specification.1.apply(String, Object)) -> 0 ms
execution(boolean org.example.util.Specification.lambda$apply$2(Object, Map.Entry)) -> 0 ms
execution(Object org.example.util.Specification.1.apply(String, Object)) -> 0 ms
execution(boolean org.example.util.Specification.lambda$apply$2(Object, Map.Entry)) -> 0 ms
execution(Object org.example.util.Specification.1.apply(String, Object)) -> 0 ms
execution(boolean org.example.util.Specification.lambda$apply$2(Object, Map.Entry)) -> 0 ms
execution(Object org.example.util.Specification.1.apply(String, Object)) -> 0 ms
execution(boolean org.example.util.Specification.lambda$apply$2(Object, Map.Entry)) -> 0 ms
execution(boolean org.example.util.Specification.lambda$apply$3(Map, Object)) -> 0 ms
execution(Collection org.example.util.Specification.apply(Collection)) -> 0 ms
execution(Collection org.example.service.LimitService.findAllByDto(LimitDto)) -> 84 ms
execution(void org.example.dto.LimitDto.setAmount(BigDecimal)) -> 0 ms
execution(YearMonth org.example.dto.LimitDto.getMonth()) -> 0 ms
execution(BigDecimal org.example.dto.LimitDto.getAmount()) -> 0 ms
execution(Long org.example.dto.LimitDto.getUserId()) -> 0 ms
execution(LimitServlet org.example.web.servlet.LimitServlet.getInstance()) -> 0 ms
execution(void org.example.entity.User.setName(String)) -> 0 ms
execution(void org.example.entity.User.setEmail(String)) -> 0 ms
execution(void org.example.entity.User.setPassword(String)) -> 0 ms
execution(void org.example.entity.User.setRole(RoleType)) -> 0 ms
execution(void org.example.entity.User.setStatus(StatusType)) -> 0 ms
execution(void org.example.entity.User.setId(long)) -> 0 ms
execution(RoleType org.example.entity.RoleType.valueOf(String)) -> 0 ms
execution(void org.example.entity.User.setRole(RoleType)) -> 0 ms
execution(StatusType org.example.entity.StatusType.valueOf(String)) -> 0 ms
execution(void org.example.entity.User.setStatus(StatusType)) -> 0 ms
execution(User org.example.repository.UserRepository.lambda$getByEmail$7(String, String)) -> 16 ms
execution(Optional org.example.repository.UserRepository.getByEmail(String)) -> 16 ms
execution(User org.example.service.UserService.loadUserByUsername(String)) -> 16 ms
execution(void org.example.entity.Invocation.setDate(Instant)) -> 0 ms
execution(void org.example.entity.Invocation.setEndpoint(String)) -> 0 ms
execution(void org.example.entity.Invocation.setUser(User)) -> 0 ms
execution(Instant org.example.entity.Invocation.getDate()) -> 0 ms
execution(String org.example.entity.Invocation.getEndpoint()) -> 0 ms
execution(User org.example.entity.Invocation.getUser()) -> 0 ms
execution(long org.example.entity.User.getId()) -> 0 ms
execution(Invocation org.example.repository.InvocationRepository.lambda$add$1(Invocation)) -> 24 ms
execution(Invocation org.example.repository.InvocationRepository.add(Invocation)) -> 24 ms
execution(boolean org.example.web.listener.RequestStream.isFinished()) -> 0 ms
execution(boolean org.example.web.listener.RequestStream.isFinished()) -> 0 ms
execution(int org.example.web.listener.RequestStream.read()) -> 0 ms
execution(boolean org.example.web.listener.RequestStream.isFinished()) -> 0 ms
execution(boolean org.example.web.listener.RequestStream.isFinished()) -> 0 ms
execution(int org.example.web.listener.RequestStream.read()) -> 0 ms
execution(boolean org.example.web.listener.RequestStream.isFinished()) -> 0 ms
execution(boolean org.example.web.listener.RequestStream.isFinished()) -> 0 ms
execution(int org.example.web.listener.RequestStream.read()) -> 0 ms
execution(boolean org.example.web.listener.RequestStream.isFinished()) -> 0 ms
execution(boolean org.example.web.listener.RequestStream.isFinished()) -> 0 ms
execution(int org.example.web.listener.RequestStream.read()) -> 0 ms
execution(boolean org.example.web.listener.RequestStream.isFinished()) -> 0 ms
execution(boolean org.example.web.listener.RequestStream.isFinished()) -> 0 ms
execution(int org.example.web.listener.RequestStream.read()) -> 0 ms
execution(boolean org.example.web.listener.RequestStream.isFinished()) -> 0 ms
execution(boolean org.example.web.listener.RequestStream.isFinished()) -> 0 ms
execution(int org.example.web.listener.RequestStream.read()) -> 0 ms
execution(boolean org.example.web.listener.RequestStream.isFinished()) -> 0 ms
execution(boolean org.example.web.listener.RequestStream.isFinished()) -> 0 ms
execution(int org.example.web.listener.RequestStream.read()) -> 0 ms
execution(boolean org.example.web.listener.RequestStream.isFinished()) -> 0 ms
execution(boolean org.example.web.listener.RequestStream.isFinished()) -> 0 ms
execution(int org.example.web.listener.RequestStream.read()) -> 0 ms
execution(boolean org.example.web.listener.RequestStream.isFinished()) -> 0 ms
execution(boolean org.example.web.listener.RequestStream.isFinished()) -> 0 ms
execution(int org.example.web.listener.RequestStream.read()) -> 0 ms
execution(boolean org.example.web.listener.RequestStream.isFinished()) -> 0 ms
execution(boolean org.example.web.listener.RequestStream.isFinished()) -> 0 ms
execution(int org.example.web.listener.RequestStream.read()) -> 0 ms
execution(boolean org.example.web.listener.RequestStream.isFinished()) -> 0 ms
execution(boolean org.example.web.listener.RequestStream.isFinished()) -> 0 ms
execution(int org.example.web.listener.RequestStream.read()) -> 0 ms
execution(boolean org.example.web.listener.RequestStream.isFinished()) -> 0 ms
execution(boolean org.example.web.listener.RequestStream.isFinished()) -> 0 ms
execution(int org.example.web.listener.RequestStream.read()) -> 0 ms
execution(boolean org.example.web.listener.RequestStream.isFinished()) -> 0 ms
execution(boolean org.example.web.listener.RequestStream.isFinished()) -> 0 ms
execution(int org.example.web.listener.RequestStream.read()) -> 0 ms
execution(boolean org.example.web.listener.RequestStream.isFinished()) -> 0 ms
execution(boolean org.example.web.listener.RequestStream.isFinished()) -> 0 ms
execution(int org.example.web.listener.RequestStream.read()) -> 0 ms
execution(boolean org.example.web.listener.RequestStream.isFinished()) -> 0 ms
execution(boolean org.example.web.listener.RequestStream.isFinished()) -> 0 ms
execution(int org.example.web.listener.RequestStream.read()) -> 0 ms
execution(boolean org.example.web.listener.RequestStream.isFinished()) -> 0 ms
execution(boolean org.example.web.listener.RequestStream.isFinished()) -> 0 ms
execution(int org.example.web.listener.RequestStream.read()) -> 0 ms
execution(boolean org.example.web.listener.RequestStream.isFinished()) -> 0 ms
execution(boolean org.example.web.listener.RequestStream.isFinished()) -> 0 ms
execution(int org.example.web.listener.RequestStream.read()) -> 0 ms
execution(boolean org.example.web.listener.RequestStream.isFinished()) -> 0 ms
execution(boolean org.example.web.listener.RequestStream.isFinished()) -> 0 ms
execution(int org.example.web.listener.RequestStream.read()) -> 0 ms
execution(boolean org.example.web.listener.RequestStream.isFinished()) -> 0 ms
execution(boolean org.example.web.listener.RequestStream.isFinished()) -> 0 ms
execution(int org.example.web.listener.RequestStream.read()) -> 0 ms
execution(boolean org.example.web.listener.RequestStream.isFinished()) -> 0 ms
execution(boolean org.example.web.listener.RequestStream.isFinished()) -> 0 ms
execution(int org.example.web.listener.RequestStream.read()) -> 0 ms
execution(boolean org.example.web.listener.RequestStream.isFinished()) -> 0 ms
execution(boolean org.example.web.listener.RequestStream.isFinished()) -> 0 ms
execution(int org.example.web.listener.RequestStream.read()) -> 0 ms
execution(boolean org.example.web.listener.RequestStream.isFinished()) -> 0 ms
execution(boolean org.example.web.listener.RequestStream.isFinished()) -> 0 ms
execution(int org.example.web.listener.RequestStream.read()) -> 0 ms
execution(boolean org.example.web.listener.RequestStream.isFinished()) -> 0 ms
execution(boolean org.example.web.listener.RequestStream.isFinished()) -> 0 ms
execution(int org.example.web.listener.RequestStream.read()) -> 0 ms
execution(boolean org.example.web.listener.RequestStream.isFinished()) -> 0 ms
execution(boolean org.example.web.listener.RequestStream.isFinished()) -> 0 ms
execution(int org.example.web.listener.RequestStream.read()) -> 0 ms
execution(boolean org.example.web.listener.RequestStream.isFinished()) -> 0 ms
execution(boolean org.example.web.listener.RequestStream.isFinished()) -> 0 ms
execution(int org.example.web.listener.RequestStream.read()) -> 0 ms
execution(boolean org.example.web.listener.RequestStream.isFinished()) -> 0 ms
execution(boolean org.example.web.listener.RequestStream.isFinished()) -> 0 ms
execution(int org.example.web.listener.RequestStream.read()) -> 0 ms
execution(boolean org.example.web.listener.RequestStream.isFinished()) -> 0 ms
execution(boolean org.example.web.listener.RequestStream.isFinished()) -> 0 ms
execution(int org.example.web.listener.RequestStream.read()) -> 0 ms
execution(boolean org.example.web.listener.RequestStream.isFinished()) -> 0 ms
execution(boolean org.example.web.listener.RequestStream.isFinished()) -> 0 ms
execution(int org.example.web.listener.RequestStream.read()) -> 0 ms
execution(boolean org.example.web.listener.RequestStream.isFinished()) -> 0 ms
execution(boolean org.example.web.listener.RequestStream.isFinished()) -> 0 ms
execution(int org.example.web.listener.RequestStream.read()) -> 0 ms
execution(boolean org.example.web.listener.RequestStream.isFinished()) -> 0 ms
execution(boolean org.example.web.listener.RequestStream.isFinished()) -> 0 ms
execution(int org.example.web.listener.RequestStream.read()) -> 0 ms
execution(boolean org.example.web.listener.RequestStream.isFinished()) -> 0 ms
execution(boolean org.example.web.listener.RequestStream.isFinished()) -> 0 ms
execution(int org.example.web.listener.RequestStream.read()) -> 0 ms
execution(boolean org.example.web.listener.RequestStream.isFinished()) -> 0 ms
execution(boolean org.example.web.listener.RequestStream.isFinished()) -> 0 ms
execution(int org.example.web.listener.RequestStream.read()) -> 0 ms
execution(boolean org.example.web.listener.RequestStream.isFinished()) -> 0 ms
execution(boolean org.example.web.listener.RequestStream.isFinished()) -> 0 ms
execution(int org.example.web.listener.RequestStream.read()) -> 0 ms
execution(boolean org.example.web.listener.RequestStream.isFinished()) -> 0 ms
execution(boolean org.example.web.listener.RequestStream.isFinished()) -> 0 ms
execution(int org.example.web.listener.RequestStream.read()) -> 0 ms
execution(boolean org.example.web.listener.RequestStream.isFinished()) -> 0 ms
execution(boolean org.example.web.listener.RequestStream.isFinished()) -> 0 ms
execution(int org.example.web.listener.RequestStream.read()) -> 0 ms
execution(boolean org.example.web.listener.RequestStream.isFinished()) -> 0 ms
execution(boolean org.example.web.listener.RequestStream.isFinished()) -> 0 ms
execution(int org.example.web.listener.RequestStream.read()) -> 0 ms
execution(boolean org.example.web.listener.RequestStream.isFinished()) -> 0 ms
execution(boolean org.example.web.listener.RequestStream.isFinished()) -> 0 ms
execution(int org.example.web.listener.RequestStream.read()) -> 0 ms
execution(boolean org.example.web.listener.RequestStream.isFinished()) -> 0 ms
execution(boolean org.example.web.listener.RequestStream.isFinished()) -> 0 ms
execution(int org.example.web.listener.RequestStream.read()) -> 0 ms
execution(boolean org.example.web.listener.RequestStream.isFinished()) -> 0 ms
execution(boolean org.example.web.listener.RequestStream.isFinished()) -> 0 ms
execution(int org.example.web.listener.RequestStream.read()) -> 0 ms
execution(boolean org.example.web.listener.RequestStream.isFinished()) -> 0 ms
execution(boolean org.example.web.listener.RequestStream.isFinished()) -> 0 ms
execution(int org.example.web.listener.RequestStream.read()) -> 0 ms
execution(boolean org.example.web.listener.RequestStream.isFinished()) -> 0 ms
execution(boolean org.example.web.listener.RequestStream.isFinished()) -> 0 ms
execution(int org.example.web.listener.RequestStream.read()) -> 0 ms
execution(boolean org.example.web.listener.RequestStream.isFinished()) -> 0 ms
execution(boolean org.example.web.listener.RequestStream.isFinished()) -> 0 ms
execution(int org.example.web.listener.RequestStream.read()) -> 0 ms
execution(boolean org.example.web.listener.RequestStream.isFinished()) -> 0 ms
execution(boolean org.example.web.listener.RequestStream.isFinished()) -> 0 ms
execution(int org.example.web.listener.RequestStream.read()) -> 0 ms
execution(boolean org.example.web.listener.RequestStream.isFinished()) -> 0 ms
execution(int org.example.web.listener.RequestStream.read()) -> 0 ms
execution(boolean org.example.web.listener.RequestStream.isFinished()) -> 0 ms
execution(int org.example.web.listener.RequestStream.read()) -> 0 ms
execution(boolean org.example.web.listener.RequestStream.isFinished()) -> 0 ms
execution(int org.example.web.listener.RequestStream.read()) -> 0 ms
execution(void org.example.dto.LimitDto.setMonth(YearMonth)) -> 0 ms
execution(void org.example.dto.LimitDto.setAmount(BigDecimal)) -> 0 ms
execution(void org.example.dto.LimitDto.setUserId(Long)) -> 0 ms
execution(void org.example.entity.User.setName(String)) -> 0 ms
execution(void org.example.entity.User.setEmail(String)) -> 0 ms
execution(void org.example.entity.User.setPassword(String)) -> 0 ms
execution(void org.example.entity.User.setRole(RoleType)) -> 0 ms
execution(void org.example.entity.User.setStatus(StatusType)) -> 0 ms
execution(void org.example.entity.User.setId(long)) -> 0 ms
execution(RoleType org.example.entity.RoleType.valueOf(String)) -> 0 ms
execution(void org.example.entity.User.setRole(RoleType)) -> 0 ms
execution(StatusType org.example.entity.StatusType.valueOf(String)) -> 0 ms
execution(void org.example.entity.User.setStatus(StatusType)) -> 0 ms
execution(User org.example.repository.UserRepository.lambda$getByEmail$7(String, String)) -> 11 ms
execution(Optional org.example.repository.UserRepository.getByEmail(String)) -> 11 ms
execution(long org.example.entity.User.getId()) -> 0 ms
execution(void org.example.dto.UserDto.setUserId(Long)) -> 0 ms
execution(String org.example.entity.User.getName()) -> 0 ms
execution(void org.example.dto.UserDto.setName(String)) -> 0 ms
execution(String org.example.entity.User.getEmail()) -> 0 ms
execution(void org.example.dto.UserDto.setEmail(String)) -> 0 ms
execution(String org.example.entity.User.getPassword()) -> 0 ms
execution(void org.example.dto.UserDto.setPassword(String)) -> 0 ms
execution(RoleType org.example.entity.User.getRole()) -> 0 ms
execution(void org.example.dto.UserDto.setRole(RoleType)) -> 0 ms
execution(StatusType org.example.entity.User.getStatus()) -> 0 ms
execution(void org.example.dto.UserDto.setStatus(StatusType)) -> 0 ms
execution(UserDto org.example.service.UserService.findByEmail(String)) -> 11 ms
execution(String org.example.dto.UserDto.getEmail()) -> 0 ms
execution(void org.example.entity.User.setName(String)) -> 0 ms
execution(void org.example.entity.User.setEmail(String)) -> 0 ms
execution(void org.example.entity.User.setPassword(String)) -> 0 ms
execution(void org.example.entity.User.setRole(RoleType)) -> 0 ms
execution(void org.example.entity.User.setStatus(StatusType)) -> 0 ms
execution(void org.example.entity.User.setId(long)) -> 0 ms
execution(RoleType org.example.entity.RoleType.valueOf(String)) -> 0 ms
execution(void org.example.entity.User.setRole(RoleType)) -> 0 ms
execution(StatusType org.example.entity.StatusType.valueOf(String)) -> 0 ms
execution(void org.example.entity.User.setStatus(StatusType)) -> 0 ms
execution(User org.example.repository.UserRepository.lambda$getByEmail$7(String, String)) -> 18 ms
execution(Optional org.example.repository.UserRepository.getByEmail(String)) -> 18 ms
execution(User org.example.service.UserService.loadUserByUsername(String)) -> 18 ms
execution(long org.example.entity.User.getId()) -> 0 ms
execution(void org.example.dto.LimitDto.setUserId(Long)) -> 0 ms
execution(void org.example.web.servlet.AbstractServlet.lambda$execute$1(AbstractDto, User)) -> 0 ms
execution(EndPoint[] org.example.entity.EndPoint.values()) -> 0 ms
execution(EndPoint org.example.entity.EndPoint.fromString(String)) -> 0 ms
execution(YearMonth org.example.dto.LimitDto.getMonth()) -> 0 ms
execution(BigDecimal org.example.dto.LimitDto.getAmount()) -> 0 ms
execution(void org.example.entity.Limit.setMonth(YearMonth)) -> 0 ms
execution(void org.example.entity.Limit.setAmount(BigDecimal)) -> 0 ms
execution(void org.example.entity.Limit.setUser(User)) -> 0 ms
[...]
execution(void org.example.entity.User.setPassword(String)) -> 0 ms
execution(void org.example.entity.User.setRole(RoleType)) -> 0 ms
execution(void org.example.entity.User.setStatus(StatusType)) -> 0 ms
execution(void org.example.entity.User.setId(long)) -> 0 ms
execution(RoleType org.example.entity.RoleType.valueOf(String)) -> 0 ms
execution(void org.example.entity.User.setRole(RoleType)) -> 0 ms
execution(StatusType org.example.entity.StatusType.valueOf(String)) -> 0 ms
execution(void org.example.entity.User.setStatus(StatusType)) -> 0 ms
execution(User org.example.repository.UserRepository.lambda$getByEmail$7(String, String)) -> 29 ms
execution(Optional org.example.repository.UserRepository.getByEmail(String)) -> 29 ms
execution(User org.example.service.UserService.loadUserByUsername(String)) -> 29 ms
execution(long org.example.entity.User.getId()) -> 0 ms
execution(void org.example.dto.LimitDto.setUserId(Long)) -> 0 ms
execution(YearMonth org.example.dto.LimitDto.getMonth()) -> 0 ms
execution(BigDecimal org.example.dto.LimitDto.getAmount()) -> 0 ms
execution(Long org.example.dto.LimitDto.getUserId()) -> 0 ms
execution(LimitServlet org.example.web.servlet.LimitServlet.getInstance()) -> 0 ms
execution(void org.example.entity.User.setName(String)) -> 0 ms
execution(void org.example.entity.User.setEmail(String)) -> 0 ms
execution(void org.example.entity.User.setPassword(String)) -> 0 ms
execution(void org.example.entity.User.setRole(RoleType)) -> 0 ms
execution(void org.example.entity.User.setStatus(StatusType)) -> 0 ms
execution(void org.example.entity.User.setId(long)) -> 0 ms
execution(RoleType org.example.entity.RoleType.valueOf(String)) -> 0 ms
execution(void org.example.entity.User.setRole(RoleType)) -> 0 ms
execution(StatusType org.example.entity.StatusType.valueOf(String)) -> 0 ms
execution(void org.example.entity.User.setStatus(StatusType)) -> 0 ms
execution(User org.example.repository.UserRepository.lambda$getByEmail$7(String, String)) -> 11 ms
execution(Optional org.example.repository.UserRepository.getByEmail(String)) -> 11 ms
execution(User org.example.service.UserService.loadUserByUsername(String)) -> 11 ms
execution(void org.example.entity.Invocation.setDate(Instant)) -> 0 ms
execution(void org.example.entity.Invocation.setEndpoint(String)) -> 0 ms
execution(void org.example.entity.Invocation.setUser(User)) -> 0 ms
execution(Instant org.example.entity.Invocation.getDate()) -> 0 ms
execution(String org.example.entity.Invocation.getEndpoint()) -> 0 ms
execution(User org.example.entity.Invocation.getUser()) -> 0 ms
execution(long org.example.entity.User.getId()) -> 0 ms
execution(Invocation org.example.repository.InvocationRepository.lambda$add$1(Invocation)) -> 30 ms
execution(Invocation org.example.repository.InvocationRepository.add(Invocation)) -> 30 ms
execution(boolean org.example.web.listener.RequestStream.isFinished()) -> 0 ms
execution(boolean org.example.web.listener.RequestStream.isFinished()) -> 0 ms
execution(int org.example.web.listener.RequestStream.read()) -> 0 ms
execution(boolean org.example.web.listener.RequestStream.isFinished()) -> 0 ms
execution(boolean org.example.web.listener.RequestStream.isFinished()) -> 0 ms
execution(int org.example.web.listener.RequestStream.read()) -> 0 ms
execution(boolean org.example.web.listener.RequestStream.isFinished()) -> 0 ms
execution(boolean org.example.web.listener.RequestStream.isFinished()) -> 0 ms
execution(int org.example.web.listener.RequestStream.read()) -> 0 ms
execution(boolean org.example.web.listener.RequestStream.isFinished()) -> 0 ms
execution(boolean org.example.web.listener.RequestStream.isFinished()) -> 0 ms
execution(int org.example.web.listener.RequestStream.read()) -> 0 ms
execution(boolean org.example.web.listener.RequestStream.isFinished()) -> 0 ms
execution(boolean org.example.web.listener.RequestStream.isFinished()) -> 0 ms
execution(int org.example.web.listener.RequestStream.read()) -> 0 ms
execution(boolean org.example.web.listener.RequestStream.isFinished()) -> 0 ms
execution(boolean org.example.web.listener.RequestStream.isFinished()) -> 0 ms
execution(int org.example.web.listener.RequestStream.read()) -> 0 ms
execution(boolean org.example.web.listener.RequestStream.isFinished()) -> 0 ms
execution(boolean org.example.web.listener.RequestStream.isFinished()) -> 0 ms
execution(int org.example.web.listener.RequestStream.read()) -> 0 ms
execution(boolean org.example.web.listener.RequestStream.isFinished()) -> 0 ms
execution(boolean org.example.web.listener.RequestStream.isFinished()) -> 0 ms
execution(int org.example.web.listener.RequestStream.read()) -> 0 ms
execution(boolean org.example.web.listener.RequestStream.isFinished()) -> 0 ms
execution(boolean org.example.web.listener.RequestStream.isFinished()) -> 0 ms
execution(int org.example.web.listener.RequestStream.read()) -> 0 ms
execution(boolean org.example.web.listener.RequestStream.isFinished()) -> 0 ms
execution(boolean org.example.web.listener.RequestStream.isFinished()) -> 0 ms
execution(int org.example.web.listener.RequestStream.read()) -> 0 ms
execution(boolean org.example.web.listener.RequestStream.isFinished()) -> 0 ms
execution(boolean org.example.web.listener.RequestStream.isFinished()) -> 0 ms
execution(int org.example.web.listener.RequestStream.read()) -> 0 ms
execution(boolean org.example.web.listener.RequestStream.isFinished()) -> 0 ms
execution(boolean org.example.web.listener.RequestStream.isFinished()) -> 0 ms
execution(int org.example.web.listener.RequestStream.read()) -> 0 ms
execution(boolean org.example.web.listener.RequestStream.isFinished()) -> 0 ms
execution(boolean org.example.web.listener.RequestStream.isFinished()) -> 0 ms
execution(int org.example.web.listener.RequestStream.read()) -> 0 ms
execution(boolean org.example.web.listener.RequestStream.isFinished()) -> 0 ms
execution(boolean org.example.web.listener.RequestStream.isFinished()) -> 0 ms
execution(int org.example.web.listener.RequestStream.read()) -> 0 ms
execution(boolean org.example.web.listener.RequestStream.isFinished()) -> 0 ms
execution(boolean org.example.web.listener.RequestStream.isFinished()) -> 0 ms
execution(int org.example.web.listener.RequestStream.read()) -> 0 ms
execution(boolean org.example.web.listener.RequestStream.isFinished()) -> 0 ms
execution(boolean org.example.web.listener.RequestStream.isFinished()) -> 0 ms
execution(int org.example.web.listener.RequestStream.read()) -> 0 ms
execution(boolean org.example.web.listener.RequestStream.isFinished()) -> 0 ms
execution(boolean org.example.web.listener.RequestStream.isFinished()) -> 0 ms
execution(int org.example.web.listener.RequestStream.read()) -> 0 ms
execution(boolean org.example.web.listener.RequestStream.isFinished()) -> 0 ms
execution(boolean org.example.web.listener.RequestStream.isFinished()) -> 0 ms
execution(int org.example.web.listener.RequestStream.read()) -> 0 ms
execution(boolean org.example.web.listener.RequestStream.isFinished()) -> 0 ms
execution(boolean org.example.web.listener.RequestStream.isFinished()) -> 0 ms
execution(int org.example.web.listener.RequestStream.read()) -> 0 ms
execution(boolean org.example.web.listener.RequestStream.isFinished()) -> 0 ms
execution(boolean org.example.web.listener.RequestStream.isFinished()) -> 0 ms
execution(int org.example.web.listener.RequestStream.read()) -> 0 ms
execution(boolean org.example.web.listener.RequestStream.isFinished()) -> 0 ms
execution(boolean org.example.web.listener.RequestStream.isFinished()) -> 0 ms
execution(int org.example.web.listener.RequestStream.read()) -> 0 ms
execution(boolean org.example.web.listener.RequestStream.isFinished()) -> 0 ms
execution(boolean org.example.web.listener.RequestStream.isFinished()) -> 0 ms
execution(int org.example.web.listener.RequestStream.read()) -> 0 ms
execution(boolean org.example.web.listener.RequestStream.isFinished()) -> 0 ms
execution(boolean org.example.web.listener.RequestStream.isFinished()) -> 0 ms
execution(int org.example.web.listener.RequestStream.read()) -> 0 ms
execution(boolean org.example.web.listener.RequestStream.isFinished()) -> 0 ms
execution(boolean org.example.web.listener.RequestStream.isFinished()) -> 0 ms
execution(int org.example.web.listener.RequestStream.read()) -> 0 ms
execution(boolean org.example.web.listener.RequestStream.isFinished()) -> 0 ms
execution(boolean org.example.web.listener.RequestStream.isFinished()) -> 0 ms
execution(int org.example.web.listener.RequestStream.read()) -> 0 ms
execution(boolean org.example.web.listener.RequestStream.isFinished()) -> 0 ms
execution(boolean org.example.web.listener.RequestStream.isFinished()) -> 0 ms
execution(int org.example.web.listener.RequestStream.read()) -> 0 ms
execution(boolean org.example.web.listener.RequestStream.isFinished()) -> 0 ms
execution(boolean org.example.web.listener.RequestStream.isFinished()) -> 0 ms
execution(int org.example.web.listener.RequestStream.read()) -> 0 ms
execution(boolean org.example.web.listener.RequestStream.isFinished()) -> 0 ms
execution(boolean org.example.web.listener.RequestStream.isFinished()) -> 0 ms
execution(int org.example.web.listener.RequestStream.read()) -> 0 ms
execution(boolean org.example.web.listener.RequestStream.isFinished()) -> 0 ms
execution(boolean org.example.web.listener.RequestStream.isFinished()) -> 0 ms
execution(int org.example.web.listener.RequestStream.read()) -> 0 ms
execution(boolean org.example.web.listener.RequestStream.isFinished()) -> 0 ms
execution(boolean org.example.web.listener.RequestStream.isFinished()) -> 0 ms
execution(int org.example.web.listener.RequestStream.read()) -> 0 ms
execution(boolean org.example.web.listener.RequestStream.isFinished()) -> 0 ms
execution(boolean org.example.web.listener.RequestStream.isFinished()) -> 0 ms
execution(int org.example.web.listener.RequestStream.read()) -> 0 ms
execution(boolean org.example.web.listener.RequestStream.isFinished()) -> 0 ms
execution(boolean org.example.web.listener.RequestStream.isFinished()) -> 0 ms
execution(int org.example.web.listener.RequestStream.read()) -> 0 ms
execution(boolean org.example.web.listener.RequestStream.isFinished()) -> 0 ms
execution(boolean org.example.web.listener.RequestStream.isFinished()) -> 0 ms
execution(int org.example.web.listener.RequestStream.read()) -> 0 ms
execution(boolean org.example.web.listener.RequestStream.isFinished()) -> 0 ms
execution(boolean org.example.web.listener.RequestStream.isFinished()) -> 0 ms
execution(int org.example.web.listener.RequestStream.read()) -> 0 ms
execution(boolean org.example.web.listener.RequestStream.isFinished()) -> 0 ms
execution(boolean org.example.web.listener.RequestStream.isFinished()) -> 0 ms
execution(int org.example.web.listener.RequestStream.read()) -> 0 ms
execution(boolean org.example.web.listener.RequestStream.isFinished()) -> 0 ms
execution(boolean org.example.web.listener.RequestStream.isFinished()) -> 0 ms
execution(int org.example.web.listener.RequestStream.read()) -> 0 ms
execution(boolean org.example.web.listener.RequestStream.isFinished()) -> 0 ms
execution(boolean org.example.web.listener.RequestStream.isFinished()) -> 0 ms
execution(int org.example.web.listener.RequestStream.read()) -> 0 ms
execution(boolean org.example.web.listener.RequestStream.isFinished()) -> 0 ms
execution(boolean org.example.web.listener.RequestStream.isFinished()) -> 0 ms
execution(int org.example.web.listener.RequestStream.read()) -> 0 ms
execution(boolean org.example.web.listener.RequestStream.isFinished()) -> 0 ms
execution(boolean org.example.web.listener.RequestStream.isFinished()) -> 0 ms
execution(int org.example.web.listener.RequestStream.read()) -> 0 ms
execution(boolean org.example.web.listener.RequestStream.isFinished()) -> 0 ms
execution(boolean org.example.web.listener.RequestStream.isFinished()) -> 0 ms
execution(int org.example.web.listener.RequestStream.read()) -> 0 ms
execution(boolean org.example.web.listener.RequestStream.isFinished()) -> 0 ms
execution(boolean org.example.web.listener.RequestStream.isFinished()) -> 0 ms
execution(int org.example.web.listener.RequestStream.read()) -> 0 ms
execution(boolean org.example.web.listener.RequestStream.isFinished()) -> 0 ms
execution(boolean org.example.web.listener.RequestStream.isFinished()) -> 0 ms
execution(int org.example.web.listener.RequestStream.read()) -> 0 ms
execution(boolean org.example.web.listener.RequestStream.isFinished()) -> 0 ms
execution(boolean org.example.web.listener.RequestStream.isFinished()) -> 0 ms
execution(int org.example.web.listener.RequestStream.read()) -> 0 ms
execution(boolean org.example.web.listener.RequestStream.isFinished()) -> 0 ms
execution(boolean org.example.web.listener.RequestStream.isFinished()) -> 0 ms
execution(int org.example.web.listener.RequestStream.read()) -> 0 ms
execution(boolean org.example.web.listener.RequestStream.isFinished()) -> 0 ms
execution(boolean org.example.web.listener.RequestStream.isFinished()) -> 0 ms
execution(int org.example.web.listener.RequestStream.read()) -> 0 ms
execution(boolean org.example.web.listener.RequestStream.isFinished()) -> 0 ms
execution(int org.example.web.listener.RequestStream.read()) -> 0 ms
execution(boolean org.example.web.listener.RequestStream.isFinished()) -> 0 ms
execution(int org.example.web.listener.RequestStream.read()) -> 0 ms
execution(boolean org.example.web.listener.RequestStream.isFinished()) -> 0 ms
execution(int org.example.web.listener.RequestStream.read()) -> 0 ms
execution(void org.example.dto.LimitDto.setMonth(YearMonth)) -> 0 ms
execution(void org.example.dto.LimitDto.setAmount(BigDecimal)) -> 0 ms
execution(void org.example.dto.LimitDto.setUserId(Long)) -> 0 ms
execution(void org.example.entity.User.setName(String)) -> 0 ms
execution(void org.example.entity.User.setEmail(String)) -> 0 ms
execution(void org.example.entity.User.setPassword(String)) -> 0 ms
execution(void org.example.entity.User.setRole(RoleType)) -> 0 ms
execution(void org.example.entity.User.setStatus(StatusType)) -> 0 ms
execution(void org.example.entity.User.setId(long)) -> 0 ms
execution(RoleType org.example.entity.RoleType.valueOf(String)) -> 0 ms
execution(void org.example.entity.User.setRole(RoleType)) -> 0 ms
execution(StatusType org.example.entity.StatusType.valueOf(String)) -> 0 ms
execution(void org.example.entity.User.setStatus(StatusType)) -> 0 ms
execution(User org.example.repository.UserRepository.lambda$getByEmail$7(String, String)) -> 12 ms
execution(Optional org.example.repository.UserRepository.getByEmail(String)) -> 12 ms
execution(long org.example.entity.User.getId()) -> 0 ms
execution(void org.example.dto.UserDto.setUserId(Long)) -> 0 ms
execution(String org.example.entity.User.getName()) -> 0 ms
execution(void org.example.dto.UserDto.setName(String)) -> 0 ms
execution(String org.example.entity.User.getEmail()) -> 0 ms
execution(void org.example.dto.UserDto.setEmail(String)) -> 0 ms
execution(String org.example.entity.User.getPassword()) -> 0 ms
execution(void org.example.dto.UserDto.setPassword(String)) -> 0 ms
execution(RoleType org.example.entity.User.getRole()) -> 0 ms
execution(void org.example.dto.UserDto.setRole(RoleType)) -> 0 ms
execution(StatusType org.example.entity.User.getStatus()) -> 0 ms
execution(void org.example.dto.UserDto.setStatus(StatusType)) -> 0 ms
execution(UserDto org.example.service.UserService.findByEmail(String)) -> 14 ms
execution(String org.example.dto.UserDto.getEmail()) -> 0 ms
execution(void org.example.entity.User.setName(String)) -> 0 ms
execution(void org.example.entity.User.setEmail(String)) -> 0 ms
execution(void org.example.entity.User.setPassword(String)) -> 0 ms
execution(void org.example.entity.User.setRole(RoleType)) -> 0 ms
execution(void org.example.entity.User.setStatus(StatusType)) -> 0 ms
execution(void org.example.entity.User.setId(long)) -> 0 ms
execution(RoleType org.example.entity.RoleType.valueOf(String)) -> 0 ms
execution(void org.example.entity.User.setRole(RoleType)) -> 0 ms
execution(StatusType org.example.entity.StatusType.valueOf(String)) -> 0 ms
execution(void org.example.entity.User.setStatus(StatusType)) -> 0 ms
execution(User org.example.repository.UserRepository.lambda$getByEmail$7(String, String)) -> 31 ms
execution(Optional org.example.repository.UserRepository.getByEmail(String)) -> 31 ms
execution(User org.example.service.UserService.loadUserByUsername(String)) -> 31 ms
execution(long org.example.entity.User.getId()) -> 0 ms
execution(void org.example.dto.LimitDto.setUserId(Long)) -> 0 ms
execution(void org.example.web.servlet.AbstractServlet.lambda$execute$1(AbstractDto, User)) -> 0 ms
execution(EndPoint[] org.example.entity.EndPoint.values()) -> 0 ms
execution(EndPoint org.example.entity.EndPoint.fromString(String)) -> 0 ms
execution(YearMonth org.example.dto.LimitDto.getMonth()) -> 0 ms
execution(BigDecimal org.example.dto.LimitDto.getAmount()) -> 0 ms
execution(void org.example.entity.Limit.setMonth(YearMonth)) -> 0 ms
execution(void org.example.entity.Limit.setAmount(BigDecimal)) -> 0 ms
execution(void org.example.entity.Limit.setUser(User)) -> 0 ms
execution(Long org.example.dto.LimitDto.getUserId()) -> 0 ms
execution(void org.example.entity.User.setName(String)) -> 0 ms
execution(void org.example.entity.User.setEmail(String)) -> 0 ms
execution(void org.example.entity.User.setPassword(String)) -> 0 ms
execution(void org.example.entity.User.setRole(RoleType)) -> 0 ms
execution(void org.example.entity.User.setStatus(StatusType)) -> 0 ms
execution(void org.example.entity.User.setId(long)) -> 0 ms
execution(RoleType org.example.entity.RoleType.valueOf(String)) -> 0 ms
execution(void org.example.entity.User.setRole(RoleType)) -> 0 ms
execution(StatusType org.example.entity.StatusType.valueOf(String)) -> 0 ms
execution(void org.example.entity.User.setStatus(StatusType)) -> 0 ms
execution(User org.example.repository.UserRepository.lambda$getById$8(Long)) -> 70 ms
execution(Optional org.example.repository.UserRepository.getById(Long)) -> 70 ms
execution(void org.example.entity.Limit.setUser(User)) -> 0 ms
execution(YearMonth org.example.entity.Limit.getMonth()) -> 0 ms
execution(String org.example.repository.LimitRepository.lambda$add$0(YearMonth)) -> 0 ms
execution(User org.example.entity.Limit.getUser()) -> 0 ms
execution(long org.example.entity.User.getId()) -> 0 ms
execution(BigDecimal org.example.entity.Limit.getAmount()) -> 0 ms
execution(Limit org.example.repository.LimitRepository.lambda$add$1(Limit)) -> 29 ms
execution(Limit org.example.repository.LimitRepository.add(Limit)) -> 30 ms
execution(Limit org.example.service.LimitService.lambda$create$0(LimitDto, Limit)) -> 101 ms
execution(YearMonth org.example.entity.Limit.getMonth()) -> 0 ms
execution(void org.example.dto.LimitDto.setMonth(YearMonth)) -> 0 ms
execution(BigDecimal org.example.entity.Limit.getAmount()) -> 0 ms
execution(void org.example.dto.LimitDto.setAmount(BigDecimal)) -> 0 ms
execution(User org.example.entity.Limit.getUser()) -> 0 ms
execution(long org.example.entity.User.getId()) -> 0 ms
execution(void org.example.dto.LimitDto.setUserId(Long)) -> 0 ms
execution(LimitDto org.example.service.LimitService.create(LimitDto)) -> 105 ms
execution(String org.example.dto.LimitDto.name()) -> 0 ms
execution(int org.example.web.servlet.AbstractServlet.create(PrintWriter, AbstractDto)) -> 106 ms
execution(void org.example.web.servlet.AbstractServlet.lambda$execute$2(HttpServletRequest, AbstractDto, HttpServletResponse, PrintWriter, UserDto)) -> 143 ms
execution(void org.example.web.servlet.AbstractServlet.execute(HttpServletRequest, HttpServletResponse, AbstractDto)) -> 159 ms
execution(void org.example.web.servlet.LimitServlet.process(HttpServletRequest, HttpServletResponse, String)) -> 165 ms
execution(void org.example.web.servlet.AbstractServlet.doPost(HttpServletRequest, HttpServletResponse)) -> 208 ms
execution(YearMonth org.example.dto.LimitDto.getMonth()) -> 0 ms
]]></system-out>
  </testcase>
</testsuite>