<?xml version="1.0" encoding="UTF-8"?>
<testsuite xmlns:xsi="http://www.w3.org/2001/XMLSchema-instance" xsi:noNamespaceSchemaLocation="https://maven.apache.org/surefire/maven-surefire-plugin/xsd/surefire-test-report-3.0.xsd" version="3.0" name="org.example.servlet.AnalyticsServletTest" time="3.931" tests="4" errors="0" skipped="0" failures="0">
  <properties>
[...]
</properties>
  <testcase name="givenCurrentUser_whenTryToGetSummary_thenReturnBadRequest" classname="org.example.servlet.AnalyticsServletTest" time="1.622">
    <system-out><![CDATA[execution(UserRepository org.example.repository.UserRepository.getInstance()) -> 1 ms
execution(TransactionRepository org.example.repository.TransactionRepository.getInstance()) -> 17 ms
execution(UserRepository org.example.repository.UserRepository.getInstance()) -> 0 ms
execution(LimitRepository org.example.repository.LimitRepository.getInstance()) -> 0 ms
execution(UserRepository org.example.repository.UserRepository.getInstance()) -> 0 ms
execution(FundRepository org.example.repository.FundRepository.getInstance()) -> 0 ms
execution(AnalyticsService org.example.service.AnalyticsService.getInstance()) -> 0 ms
execution(ApplicationProperties org.example.property.ApplicationProperties.getInstance()) -> 77 ms
execution(Object org.example.property.AbstractProperties.flatten(Object, String)) -> 0 ms
execution(Object org.example.property.AbstractProperties.flatten(Object, String)) -> 0 ms
execution(String org.example.property.AbstractProperties.lambda$getProperty$0(String, Map)) -> 0 ms
execution(String org.example.property.AbstractProperties.getProperty(String)) -> 1 ms
execution(Object org.example.property.AbstractProperties.flatten(Object, String)) -> 0 ms
execution(Object org.example.property.AbstractProperties.flatten(Object, String)) -> 0 ms
execution(Object org.example.property.AbstractProperties.flatten(Object, String)) -> 0 ms
execution(Object org.example.property.AbstractProperties.flatten(Object, String)) -> 0 ms
execution(String org.example.property.AbstractProperties.lambda$getProperty$0(String, Map)) -> 0 ms
execution(String org.example.property.AbstractProperties.getProperty(String)) -> 0 ms
execution(Object org.example.property.AbstractProperties.flatten(Object, String)) -> 0 ms
execution(Object org.example.property.AbstractProperties.flatten(Object, String)) -> 0 ms
execution(String org.example.property.AbstractProperties.lambda$getProperty$0(String, Map)) -> 0 ms
execution(String org.example.property.AbstractProperties.getProperty(String)) -> 0 ms
execution(Object org.example.property.AbstractProperties.flatten(Object, String)) -> 0 ms
execution(Object org.example.property.AbstractProperties.flatten(Object, String)) -> 0 ms
execution(String org.example.property.AbstractProperties.lambda$getProperty$0(String, Map)) -> 0 ms
execution(String org.example.property.AbstractProperties.getProperty(String)) -> 0 ms
execution(Object org.example.property.AbstractProperties.flatten(Object, String)) -> 0 ms
execution(Object org.example.property.AbstractProperties.flatten(Object, String)) -> 0 ms
execution(String org.example.property.AbstractProperties.lambda$getProperty$0(String, Map)) -> 0 ms
execution(String org.example.property.AbstractProperties.getProperty(String)) -> 1 ms
execution(Object org.example.property.AbstractProperties.flatten(Object, String)) -> 0 ms
execution(Object org.example.property.AbstractProperties.flatten(Object, String)) -> 0 ms
execution(String org.example.property.AbstractProperties.lambda$getProperty$0(String, Map)) -> 0 ms
execution(String org.example.property.AbstractProperties.getProperty(String)) -> 0 ms
execution(Object org.example.property.AbstractProperties.flatten(Object, String)) -> 0 ms
execution(Object org.example.property.AbstractProperties.flatten(Object, String)) -> 0 ms
execution(String org.example.property.AbstractProperties.lambda$getProperty$0(String, Map)) -> 0 ms
execution(String org.example.property.AbstractProperties.getProperty(String)) -> 0 ms
execution(PostgreSQLClient org.example.client.PostgreSQLClient.getInstance()) -> 105 ms
execution(PGConnectionPoolDataSource org.example.client.PostgreSQLClient.getDataSource()) -> 0 ms
execution(void org.example.entity.User.setName(String)) -> 0 ms
execution(void org.example.entity.User.setEmail(String)) -> 0 ms
execution(void org.example.entity.User.setPassword(String)) -> 0 ms
execution(RoleType[] org.example.entity.RoleType.$values()) -> 0 ms
execution(void org.example.entity.User.setRole(RoleType)) -> 0 ms
execution(StatusType[] org.example.entity.StatusType.$values()) -> 0 ms
execution(void org.example.entity.User.setStatus(StatusType)) -> 0 ms
execution(void org.example.entity.User.setId(long)) -> 0 ms
execution(RoleType[] org.example.entity.RoleType.values()) -> 0 ms
execution(RoleType org.example.entity.RoleType.valueOf(String)) -> 0 ms
execution(void org.example.entity.User.setRole(RoleType)) -> 0 ms
execution(StatusType[] org.example.entity.StatusType.values()) -> 0 ms
execution(StatusType org.example.entity.StatusType.valueOf(String)) -> 0 ms
execution(void org.example.entity.User.setStatus(StatusType)) -> 0 ms
execution(User org.example.repository.UserRepository.lambda$getById$8(Long)) -> 365 ms
execution(Optional org.example.repository.UserRepository.getById(Long)) -> 365 ms
execution(TransactionType[] org.example.entity.TransactionType.$values()) -> 0 ms
execution(TransactionType[] org.example.entity.TransactionType.values()) -> 0 ms
execution(TransactionType org.example.entity.TransactionType.valueOf(String)) -> 0 ms
execution(void org.example.entity.Transaction.setDate(Instant)) -> 0 ms
execution(void org.example.entity.Transaction.setType(TransactionType)) -> 0 ms
execution(void org.example.entity.Transaction.setCategory(String)) -> 0 ms
execution(void org.example.entity.Transaction.setAmount(BigDecimal)) -> 0 ms
execution(void org.example.entity.Transaction.setDescription(String)) -> 0 ms
execution(void org.example.entity.Transaction.setUser(User)) -> 0 ms
execution(void org.example.entity.Transaction.setId(long)) -> 0 ms
execution(Transaction org.example.repository.TransactionRepository.lambda$getAllByUserId$10(ResultSet, User)) -> 6 ms
execution(TransactionType org.example.entity.TransactionType.valueOf(String)) -> 0 ms
execution(void org.example.entity.Transaction.setDate(Instant)) -> 0 ms
execution(void org.example.entity.Transaction.setType(TransactionType)) -> 0 ms
execution(void org.example.entity.Transaction.setCategory(String)) -> 0 ms
execution(void org.example.entity.Transaction.setAmount(BigDecimal)) -> 0 ms
execution(void org.example.entity.Transaction.setDescription(String)) -> 0 ms
execution(void org.example.entity.Transaction.setUser(User)) -> 0 ms
execution(void org.example.entity.Transaction.setId(long)) -> 0 ms
execution(Transaction org.example.repository.TransactionRepository.lambda$getAllByUserId$10(ResultSet, User)) -> 0 ms
execution(Transaction org.example.repository.TransactionRepository.lambda$getAllByUserId$10(ResultSet, User)) -> 0 ms
execution(List org.example.repository.TransactionRepository.lambda$getAllByUserId$11(Long)) -> 408 ms
execution(Collection org.example.repository.TransactionRepository.getAllByUserId(Long)) -> 409 ms
execution(TransactionType org.example.entity.Transaction.getType()) -> 0 ms
execution(boolean org.example.service.AnalyticsService.lambda$outcome$3(Transaction)) -> 0 ms
execution(TransactionType org.example.entity.Transaction.getType()) -> 0 ms
execution(boolean org.example.service.AnalyticsService.lambda$outcome$3(Transaction)) -> 0 ms
execution(Instant org.example.entity.Transaction.getDate()) -> 0 ms
execution(Instant org.example.entity.Transaction.getDate()) -> 0 ms
execution(boolean org.example.service.AnalyticsService.lambda$static$0(Transaction, Map.Entry)) -> 1 ms
execution(Boolean org.example.service.AnalyticsService.lambda$total$1(Transaction, Map.Entry)) -> 1 ms
execution(boolean org.example.service.AnalyticsService.lambda$total$2(Map.Entry, Transaction)) -> 2 ms
execution(BigDecimal org.example.entity.Transaction.getAmount()) -> 0 ms
execution(BigDecimal org.example.service.AnalyticsService.total(Long, Map.Entry, Predicate)) -> 414 ms
execution(BigDecimal org.example.service.AnalyticsService.outcome(Long, Map.Entry)) -> 414 ms
execution(void org.example.entity.User.setName(String)) -> 0 ms
execution(void org.example.entity.User.setEmail(String)) -> 0 ms
execution(void org.example.entity.User.setPassword(String)) -> 0 ms
execution(void org.example.entity.User.setRole(RoleType)) -> 0 ms
execution(void org.example.entity.User.setStatus(StatusType)) -> 0 ms
execution(void org.example.entity.User.setId(long)) -> 0 ms
execution(RoleType org.example.entity.RoleType.valueOf(String)) -> 0 ms
execution(void org.example.entity.User.setRole(RoleType)) -> 0 ms
execution(StatusType org.example.entity.StatusType.valueOf(String)) -> 0 ms
execution(void org.example.entity.User.setStatus(StatusType)) -> 0 ms
execution(User org.example.repository.UserRepository.lambda$getById$8(Long)) -> 31 ms
execution(Optional org.example.repository.UserRepository.getById(Long)) -> 31 ms
execution(TransactionType org.example.entity.TransactionType.valueOf(String)) -> 0 ms
execution(void org.example.entity.Transaction.setDate(Instant)) -> 0 ms
execution(void org.example.entity.Transaction.setType(TransactionType)) -> 0 ms
execution(void org.example.entity.Transaction.setCategory(String)) -> 0 ms
execution(void org.example.entity.Transaction.setAmount(BigDecimal)) -> 0 ms
execution(void org.example.entity.Transaction.setDescription(String)) -> 0 ms
execution(void org.example.entity.Transaction.setUser(User)) -> 0 ms
execution(void org.example.entity.Transaction.setId(long)) -> 0 ms
execution(Transaction org.example.repository.TransactionRepository.lambda$getAllByUserId$10(ResultSet, User)) -> 0 ms
execution(TransactionType org.example.entity.TransactionType.valueOf(String)) -> 0 ms
execution(void org.example.entity.Transaction.setDate(Instant)) -> 0 ms
execution(void org.example.entity.Transaction.setType(TransactionType)) -> 0 ms
execution(void org.example.entity.Transaction.setCategory(String)) -> 0 ms
execution(void org.example.entity.Transaction.setAmount(BigDecimal)) -> 0 ms
execution(void org.example.entity.Transaction.setDescription(String)) -> 0 ms
execution(void org.example.entity.Transaction.setUser(User)) -> 0 ms
execution(void org.example.entity.Transaction.setId(long)) -> 0 ms
execution(Transaction org.example.repository.TransactionRepository.lambda$getAllByUserId$10(ResultSet, User)) -> 1 ms
execution(Transaction org.example.repository.TransactionRepository.lambda$getAllByUserId$10(ResultSet, User)) -> 0 ms
execution(List org.example.repository.TransactionRepository.lambda$getAllByUserId$11(Long)) -> 61 ms
execution(Collection org.example.repository.TransactionRepository.getAllByUserId(Long)) -> 61 ms
execution(TransactionType org.example.entity.Transaction.getType()) -> 0 ms
execution(boolean org.example.service.AnalyticsService.lambda$income$4(Transaction)) -> 0 ms
execution(Instant org.example.entity.Transaction.getDate()) -> 0 ms
execution(Instant org.example.entity.Transaction.getDate()) -> 0 ms
execution(boolean org.example.service.AnalyticsService.lambda$static$0(Transaction, Map.Entry)) -> 0 ms
execution(Boolean org.example.service.AnalyticsService.lambda$total$1(Transaction, Map.Entry)) -> 0 ms
execution(boolean org.example.service.AnalyticsService.lambda$total$2(Map.Entry, Transaction)) -> 1 ms
execution(BigDecimal org.example.entity.Transaction.getAmount()) -> 0 ms
execution(TransactionType org.example.entity.Transaction.getType()) -> 0 ms
execution(boolean org.example.service.AnalyticsService.lambda$income$4(Transaction)) -> 0 ms
execution(BigDecimal org.example.service.AnalyticsService.total(Long, Map.Entry, Predicate)) -> 67 ms
execution(BigDecimal org.example.service.AnalyticsService.income(Long, Map.Entry)) -> 68 ms
execution(String org.example.service.AnalyticsService.lambda$summary$9(Map.Entry)) -> 14 ms
execution(Map.Entry org.example.service.AnalyticsService.lambda$static$6(String[], int)) -> 0 ms
execution(String org.example.service.AnalyticsService.lambda$static$7(String[], String[], Map.Entry)) -> 0 ms
execution(Map.Entry org.example.service.AnalyticsService.lambda$static$6(String[], int)) -> 0 ms
execution(String org.example.service.AnalyticsService.lambda$static$7(String[], String[], Map.Entry)) -> 0 ms
execution(String org.example.service.AnalyticsService.lambda$static$8(String[], String[])) -> 15 ms
execution(String org.example.service.AnalyticsService.summary(Map.Entry)) -> 522 ms
execution(AnalyticsService org.example.service.AnalyticsService.getInstance()) -> 0 ms
execution(UserRepository org.example.repository.UserRepository.getInstance()) -> 0 ms
execution(UserService org.example.service.UserService.getInstance()) -> 2 ms
execution(AnalyticsServlet org.example.web.servlet.AnalyticsServlet.getInstance()) -> 8 ms
execution(UserService org.example.service.UserService.getInstance()) -> 0 ms
execution(UserRepository org.example.repository.UserRepository.getInstance()) -> 0 ms
execution(InvocationRepository org.example.repository.InvocationRepository.getInstance()) -> 0 ms
execution(void org.example.entity.User.setName(String)) -> 0 ms
execution(void org.example.entity.User.setEmail(String)) -> 0 ms
execution(void org.example.entity.User.setPassword(String)) -> 0 ms
execution(void org.example.entity.User.setRole(RoleType)) -> 0 ms
execution(void org.example.entity.User.setStatus(StatusType)) -> 0 ms
execution(void org.example.entity.User.setId(long)) -> 0 ms
execution(RoleType org.example.entity.RoleType.valueOf(String)) -> 0 ms
execution(void org.example.entity.User.setRole(RoleType)) -> 0 ms
execution(StatusType org.example.entity.StatusType.valueOf(String)) -> 0 ms
execution(void org.example.entity.User.setStatus(StatusType)) -> 0 ms
execution(User org.example.repository.UserRepository.lambda$getByEmail$7(String, String)) -> 26 ms
execution(Optional org.example.repository.UserRepository.getByEmail(String)) -> 27 ms
execution(User org.example.service.UserService.loadUserByUsername(String)) -> 27 ms
execution(void org.example.entity.Invocation.setDate(Instant)) -> 0 ms
execution(void org.example.entity.Invocation.setEndpoint(String)) -> 0 ms
execution(void org.example.entity.Invocation.setUser(User)) -> 0 ms
execution(Instant org.example.entity.Invocation.getDate()) -> 0 ms
execution(String org.example.entity.Invocation.getEndpoint()) -> 0 ms
execution(User org.example.entity.Invocation.getUser()) -> 0 ms
execution(long org.example.entity.User.getId()) -> 0 ms
execution(Invocation org.example.repository.InvocationRepository.lambda$add$1(Invocation)) -> 30 ms
execution(Invocation org.example.repository.InvocationRepository.add(Invocation)) -> 31 ms
execution(void org.example.entity.User.setName(String)) -> 0 ms
execution(void org.example.entity.User.setEmail(String)) -> 0 ms
execution(void org.example.entity.User.setPassword(String)) -> 0 ms
execution(void org.example.entity.User.setRole(RoleType)) -> 0 ms
execution(void org.example.entity.User.setStatus(StatusType)) -> 0 ms
execution(void org.example.entity.User.setId(long)) -> 0 ms
execution(RoleType org.example.entity.RoleType.valueOf(String)) -> 0 ms
execution(void org.example.entity.User.setRole(RoleType)) -> 0 ms
execution(StatusType org.example.entity.StatusType.valueOf(String)) -> 0 ms
execution(void org.example.entity.User.setStatus(StatusType)) -> 0 ms
execution(User org.example.repository.UserRepository.lambda$getByEmail$7(String, String)) -> 14 ms
execution(Optional org.example.repository.UserRepository.getByEmail(String)) -> 14 ms
execution(long org.example.entity.User.getId()) -> 0 ms
execution(void org.example.dto.UserDto.setUserId(Long)) -> 0 ms
execution(String org.example.entity.User.getName()) -> 0 ms
execution(void org.example.dto.UserDto.setName(String)) -> 0 ms
execution(String org.example.entity.User.getEmail()) -> 0 ms
execution(void org.example.dto.UserDto.setEmail(String)) -> 0 ms
execution(String org.example.entity.User.getPassword()) -> 0 ms
execution(void org.example.dto.UserDto.setPassword(String)) -> 0 ms
execution(RoleType org.example.entity.User.getRole()) -> 0 ms
execution(void org.example.dto.UserDto.setRole(RoleType)) -> 0 ms
execution(StatusType org.example.entity.User.getStatus()) -> 0 ms
execution(void org.example.dto.UserDto.setStatus(StatusType)) -> 0 ms
execution(UserDto org.example.service.UserService.findByEmail(String)) -> 22 ms
execution(Long org.example.dto.UserDto.getUserId()) -> 0 ms
execution(void org.example.entity.User.setName(String)) -> 0 ms
execution(void org.example.entity.User.setEmail(String)) -> 0 ms
execution(void org.example.entity.User.setPassword(String)) -> 0 ms
execution(void org.example.entity.User.setRole(RoleType)) -> 0 ms
execution(void org.example.entity.User.setStatus(StatusType)) -> 0 ms
execution(void org.example.entity.User.setId(long)) -> 0 ms
execution(RoleType org.example.entity.RoleType.valueOf(String)) -> 0 ms
execution(void org.example.entity.User.setRole(RoleType)) -> 0 ms
execution(StatusType org.example.entity.StatusType.valueOf(String)) -> 0 ms
execution(void org.example.entity.User.setStatus(StatusType)) -> 0 ms
execution(User org.example.repository.UserRepository.lambda$getById$8(Long)) -> 26 ms
execution(Optional org.example.repository.UserRepository.getById(Long)) -> 26 ms
execution(TransactionType org.example.entity.TransactionType.valueOf(String)) -> 0 ms
execution(void org.example.entity.Transaction.setDate(Instant)) -> 0 ms
execution(void org.example.entity.Transaction.setType(TransactionType)) -> 0 ms
execution(void org.example.entity.Transaction.setCategory(String)) -> 0 ms
execution(void org.example.entity.Transaction.setAmount(BigDecimal)) -> 0 ms
execution(void org.example.entity.Transaction.setDescription(String)) -> 0 ms
execution(void org.example.entity.Transaction.setUser(User)) -> 0 ms
execution(void org.example.entity.Transaction.setId(long)) -> 0 ms
execution(Transaction org.example.repository.TransactionRepository.lambda$getAllByUserId$10(ResultSet, User)) -> 1 ms
execution(TransactionType org.example.entity.TransactionType.valueOf(String)) -> 0 ms
execution(void org.example.entity.Transaction.setDate(Instant)) -> 0 ms
execution(void org.example.entity.Transaction.setType(TransactionType)) -> 0 ms
execution(void org.example.entity.Transaction.setCategory(String)) -> 0 ms
execution(void org.example.entity.Transaction.setAmount(BigDecimal)) -> 0 ms
execution(void org.example.entity.Transaction.setDescription(String)) -> 0 ms
execution(void org.example.entity.Transaction.setUser(User)) -> 0 ms
execution(void org.example.entity.Transaction.setId(long)) -> 0 ms
execution(Transaction org.example.repository.TransactionRepository.lambda$getAllByUserId$10(ResultSet, User)) -> 0 ms
execution(Transaction org.example.repository.TransactionRepository.lambda$getAllByUserId$10(ResultSet, User)) -> 0 ms
execution(List org.example.repository.TransactionRepository.lambda$getAllByUserId$11(Long)) -> 56 ms
execution(Collection org.example.repository.TransactionRepository.getAllByUserId(Long)) -> 56 ms
execution(TransactionType org.example.entity.Transaction.getType()) -> 0 ms
execution(boolean org.example.service.AnalyticsService.lambda$outcome$3(Transaction)) -> 0 ms
execution(TransactionType org.example.entity.Transaction.getType()) -> 0 ms
execution(boolean org.example.service.AnalyticsService.lambda$outcome$3(Transaction)) -> 0 ms
execution(Instant org.example.entity.Transaction.getDate()) -> 0 ms
execution(Instant org.example.entity.Transaction.getDate()) -> 0 ms
execution(boolean org.example.service.AnalyticsService.lambda$static$0(Transaction, Map.Entry)) -> 0 ms
execution(Boolean org.example.service.AnalyticsService.lambda$total$1(Transaction, Map.Entry)) -> 0 ms
execution(boolean org.example.service.AnalyticsService.lambda$total$2(Map.Entry, Transaction)) -> 0 ms
execution(BigDecimal org.example.entity.Transaction.getAmount()) -> 0 ms
execution(BigDecimal org.example.service.AnalyticsService.total(Long, Map.Entry, Predicate)) -> 58 ms
execution(BigDecimal org.example.service.AnalyticsService.outcome(Long, Map.Entry)) -> 58 ms
execution(void org.example.entity.User.setName(String)) -> 0 ms
execution(void org.example.entity.User.setEmail(String)) -> 0 ms
execution(void org.example.entity.User.setPassword(String)) -> 0 ms
execution(void org.example.entity.User.setRole(RoleType)) -> 0 ms
execution(void org.example.entity.User.setStatus(StatusType)) -> 0 ms
execution(void org.example.entity.User.setId(long)) -> 0 ms
execution(RoleType org.example.entity.RoleType.valueOf(String)) -> 0 ms
execution(void org.example.entity.User.setRole(RoleType)) -> 0 ms
execution(StatusType org.example.entity.StatusType.valueOf(String)) -> 0 ms
execution(void org.example.entity.User.setStatus(StatusType)) -> 0 ms
execution(User org.example.repository.UserRepository.lambda$getById$8(Long)) -> 16 ms
execution(Optional org.example.repository.UserRepository.getById(Long)) -> 16 ms
execution(TransactionType org.example.entity.TransactionType.valueOf(String)) -> 0 ms
execution(void org.example.entity.Transaction.setDate(Instant)) -> 0 ms
execution(void org.example.entity.Transaction.setType(TransactionType)) -> 0 ms
execution(void org.example.entity.Transaction.setCategory(String)) -> 0 ms
execution(void org.example.entity.Transaction.setAmount(BigDecimal)) -> 0 ms
execution(void org.example.entity.Transaction.setDescription(String)) -> 0 ms
execution(void org.example.entity.Transaction.setUser(User)) -> 0 ms
execution(void org.example.entity.Transaction.setId(long)) -> 0 ms
execution(Transaction org.example.repository.TransactionRepository.lambda$getAllByUserId$10(ResultSet, User)) -> 1 ms
execution(TransactionType org.example.entity.TransactionType.valueOf(String)) -> 0 ms
execution(void org.example.entity.Transaction.setDate(Instant)) -> 0 ms
execution(void org.example.entity.Transaction.setType(TransactionType)) -> 0 ms
execution(void org.example.entity.Transaction.setCategory(String)) -> 0 ms
execution(void org.example.entity.Transaction.setAmount(BigDecimal)) -> 0 ms
execution(void org.example.entity.Transaction.setDescription(String)) -> 0 ms
execution(void org.example.entity.Transaction.setUser(User)) -> 0 ms
execution(void org.example.entity.Transaction.setId(long)) -> 0 ms
execution(Transaction org.example.repository.TransactionRepository.lambda$getAllByUserId$10(ResultSet, User)) -> 1 ms
execution(Transaction org.example.repository.TransactionRepository.lambda$getAllByUserId$10(ResultSet, User)) -> 0 ms
execution(List org.example.repository.TransactionRepository.lambda$getAllByUserId$11(Long)) -> 47 ms
execution(Collection org.example.repository.TransactionRepository.getAllByUserId(Long)) -> 47 ms
execution(TransactionType org.example.entity.Transaction.getType()) -> 0 ms
execution(boolean org.example.service.AnalyticsService.lambda$income$4(Transaction)) -> 0 ms
execution(Instant org.example.entity.Transaction.getDate()) -> 0 ms
execution(Instant org.example.entity.Transaction.getDate()) -> 0 ms
execution(boolean org.example.service.AnalyticsService.lambda$static$0(Transaction, Map.Entry)) -> 0 ms
execution(Boolean org.example.service.AnalyticsService.lambda$total$1(Transaction, Map.Entry)) -> 0 ms
execution(boolean org.example.service.AnalyticsService.lambda$total$2(Map.Entry, Transaction)) -> 0 ms
execution(BigDecimal org.example.entity.Transaction.getAmount()) -> 0 ms
execution(TransactionType org.example.entity.Transaction.getType()) -> 0 ms
execution(boolean org.example.service.AnalyticsService.lambda$income$4(Transaction)) -> 0 ms
execution(BigDecimal org.example.service.AnalyticsService.total(Long, Map.Entry, Predicate)) -> 48 ms
execution(BigDecimal org.example.service.AnalyticsService.income(Long, Map.Entry)) -> 48 ms
execution(String org.example.service.AnalyticsService.lambda$summary$9(Map.Entry)) -> 0 ms
execution(Map.Entry org.example.service.AnalyticsService.lambda$static$6(String[], int)) -> 0 ms
execution(String org.example.service.AnalyticsService.lambda$static$7(String[], String[], Map.Entry)) -> 0 ms
execution(Map.Entry org.example.service.AnalyticsService.lambda$static$6(String[], int)) -> 0 ms
execution(String org.example.service.AnalyticsService.lambda$static$7(String[], String[], Map.Entry)) -> 0 ms
execution(String org.example.service.AnalyticsService.lambda$static$8(String[], String[])) -> 0 ms
execution(String org.example.service.AnalyticsService.summary(Map.Entry)) -> 106 ms
execution(void org.example.web.servlet.AnalyticsServlet.lambda$doGet$0(String, HttpServletRequest, PrintWriter, HttpServletResponse, UserDto)) -> 122 ms
execution(void org.example.web.servlet.AnalyticsServlet.doGet(HttpServletRequest, HttpServletResponse)) -> 225 ms
]]></system-out>
    <system-err><![CDATA[SLF4J(W): No SLF4J providers were found.
SLF4J(W): Defaulting to no-operation (NOP) logger implementation
SLF4J(W): See https://www.slf4j.org/codes.html#noProviders for further details.
]]></system-err>
  </testcase>
  <testcase name="givenCurrentUser_whenTryToGetExpenses_thenReturnBadRequest" classname="org.example.servlet.AnalyticsServletTest" time="0.18">
    <system-out><![CDATA[execution(AnalyticsService org.example.service.AnalyticsService.getInstance()) -> 0 ms
execution(void org.example.entity.User.setName(String)) -> 0 ms
execution(void org.example.entity.User.setEmail(String)) -> 0 ms
execution(void org.example.entity.User.setPassword(String)) -> 0 ms
execution(void org.example.entity.User.setRole(RoleType)) -> 0 ms
execution(void org.example.entity.User.setStatus(StatusType)) -> 0 ms
execution(void org.example.entity.User.setId(long)) -> 0 ms
execution(RoleType org.example.entity.RoleType.valueOf(String)) -> 0 ms
execution(void org.example.entity.User.setRole(RoleType)) -> 0 ms
execution(StatusType org.example.entity.StatusType.valueOf(String)) -> 0 ms
execution(void org.example.entity.User.setStatus(StatusType)) -> 0 ms
execution(User org.example.repository.UserRepository.lambda$getById$8(Long)) -> 13 ms
execution(Optional org.example.repository.UserRepository.getById(Long)) -> 13 ms
execution(TransactionType org.example.entity.TransactionType.valueOf(String)) -> 0 ms
execution(void org.example.entity.Transaction.setDate(Instant)) -> 0 ms
execution(void org.example.entity.Transaction.setType(TransactionType)) -> 0 ms
execution(void org.example.entity.Transaction.setCategory(String)) -> 0 ms
execution(void org.example.entity.Transaction.setAmount(BigDecimal)) -> 0 ms
execution(void org.example.entity.Transaction.setDescription(String)) -> 0 ms
execution(void org.example.entity.Transaction.setUser(User)) -> 0 ms
execution(void org.example.entity.Transaction.setId(long)) -> 0 ms
execution(Transaction org.example.repository.TransactionRepository.lambda$getAllByUserId$10(ResultSet, User)) -> 0 ms
execution(TransactionType org.example.entity.TransactionType.valueOf(String)) -> 0 ms
execution(void org.example.entity.Transaction.setDate(Instant)) -> 0 ms
execution(void org.example.entity.Transaction.setType(TransactionType)) -> 0 ms
execution(void org.example.entity.Transaction.setCategory(String)) -> 0 ms
execution(void org.example.entity.Transaction.setAmount(BigDecimal)) -> 0 ms
execution(void org.example.entity.Transaction.setDescription(String)) -> 0 ms
execution(void org.example.entity.Transaction.setUser(User)) -> 0 ms
execution(void org.example.entity.Transaction.setId(long)) -> 0 ms
execution(Transaction org.example.repository.TransactionRepository.lambda$getAllByUserId$10(ResultSet, User)) -> 1 ms
execution(Transaction org.example.repository.TransactionRepository.lambda$getAllByUserId$10(ResultSet, User)) -> 0 ms
execution(List org.example.repository.TransactionRepository.lambda$getAllByUserId$11(Long)) -> 38 ms
execution(Collection org.example.repository.TransactionRepository.getAllByUserId(Long)) -> 38 ms
execution(TransactionType org.example.entity.Transaction.getType()) -> 0 ms
execution(boolean org.example.service.AnalyticsService.lambda$expenses$10(Transaction)) -> 1 ms
execution(TransactionType org.example.entity.Transaction.getType()) -> 0 ms
execution(boolean org.example.service.AnalyticsService.lambda$expenses$10(Transaction)) -> 0 ms
execution(String org.example.entity.Transaction.getCategory()) -> 0 ms
execution(BigDecimal org.example.entity.Transaction.getAmount()) -> 0 ms
execution(String org.example.service.AnalyticsService.lambda$expenses$11(Map.Entry)) -> 0 ms
execution(String org.example.service.AnalyticsService.lambda$expenses$12(Long)) -> 51 ms
execution(Map.Entry org.example.service.AnalyticsService.lambda$static$6(String[], int)) -> 0 ms
execution(String org.example.service.AnalyticsService.lambda$static$7(String[], String[], Map.Entry)) -> 0 ms
execution(String org.example.service.AnalyticsService.lambda$static$8(String[], String[])) -> 1 ms
execution(String org.example.service.AnalyticsService.expenses(Map.Entry)) -> 53 ms
execution(AnalyticsServlet org.example.web.servlet.AnalyticsServlet.getInstance()) -> 0 ms
execution(void org.example.entity.User.setName(String)) -> 0 ms
execution(void org.example.entity.User.setEmail(String)) -> 0 ms
execution(void org.example.entity.User.setPassword(String)) -> 1 ms
execution(void org.example.entity.User.setRole(RoleType)) -> 0 ms
execution(void org.example.entity.User.setStatus(StatusType)) -> 0 ms
execution(void org.example.entity.User.setId(long)) -> 0 ms
execution(RoleType org.example.entity.RoleType.valueOf(String)) -> 0 ms
execution(void org.example.entity.User.setRole(RoleType)) -> 0 ms
execution(StatusType org.example.entity.StatusType.valueOf(String)) -> 0 ms
execution(void org.example.entity.User.setStatus(StatusType)) -> 0 ms
execution(User org.example.repository.UserRepository.lambda$getByEmail$7(String, String)) -> 26 ms
execution(Optional org.example.repository.UserRepository.getByEmail(String)) -> 26 ms
execution(User org.example.service.UserService.loadUserByUsername(String)) -> 26 ms
execution(void org.example.entity.Invocation.setDate(Instant)) -> 0 ms
execution(void org.example.entity.Invocation.setEndpoint(String)) -> 0 ms
execution(void org.example.entity.Invocation.setUser(User)) -> 0 ms
execution(Instant org.example.entity.Invocation.getDate()) -> 0 ms
execution(String org.example.entity.Invocation.getEndpoint()) -> 0 ms
execution(User org.example.entity.Invocation.getUser()) -> 0 ms
execution(long org.example.entity.User.getId()) -> 0 ms
execution(Invocation org.example.repository.InvocationRepository.lambda$add$1(Invocation)) -> 31 ms
execution(Invocation org.example.repository.InvocationRepository.add(Invocation)) -> 31 ms
execution(void org.example.entity.User.setName(String)) -> 0 ms
execution(void org.example.entity.User.setEmail(String)) -> 0 ms
execution(void org.example.entity.User.setPassword(String)) -> 0 ms
execution(void org.example.entity.User.setRole(RoleType)) -> 0 ms
execution(void org.example.entity.User.setStatus(StatusType)) -> 0 ms
execution(void org.example.entity.User.setId(long)) -> 0 ms
execution(RoleType org.example.entity.RoleType.valueOf(String)) -> 0 ms
execution(void org.example.entity.User.setRole(RoleType)) -> 0 ms
execution(StatusType org.example.entity.StatusType.valueOf(String)) -> 0 ms
execution(void org.example.entity.User.setStatus(StatusType)) -> 0 ms
execution(User org.example.repository.UserRepository.lambda$getByEmail$7(String, String)) -> 15 ms
execution(Optional org.example.repository.UserRepository.getByEmail(String)) -> 15 ms
execution(long org.example.entity.User.getId()) -> 0 ms
execution(void org.example.dto.UserDto.setUserId(Long)) -> 0 ms
execution(String org.example.entity.User.getName()) -> 0 ms
execution(void org.example.dto.UserDto.setName(String)) -> 0 ms
execution(String org.example.entity.User.getEmail()) -> 0 ms
execution(void org.example.dto.UserDto.setEmail(String)) -> 0 ms
execution(String org.example.entity.User.getPassword()) -> 0 ms
execution(void org.example.dto.UserDto.setPassword(String)) -> 0 ms
execution(RoleType org.example.entity.User.getRole()) -> 0 ms
execution(void org.example.dto.UserDto.setRole(RoleType)) -> 0 ms
execution(StatusType org.example.entity.User.getStatus()) -> 0 ms
execution(void org.example.dto.UserDto.setStatus(StatusType)) -> 0 ms
execution(UserDto org.example.service.UserService.findByEmail(String)) -> 16 ms
execution(Long org.example.dto.UserDto.getUserId()) -> 0 ms
execution(void org.example.entity.User.setName(String)) -> 0 ms
execution(void org.example.entity.User.setEmail(String)) -> 0 ms
execution(void org.example.entity.User.setPassword(String)) -> 0 ms
execution(void org.example.entity.User.setRole(RoleType)) -> 0 ms
execution(void org.example.entity.User.setStatus(StatusType)) -> 0 ms
execution(void org.example.entity.User.setId(long)) -> 0 ms
execution(RoleType org.example.entity.RoleType.valueOf(String)) -> 0 ms
execution(void org.example.entity.User.setRole(RoleType)) -> 0 ms
execution(StatusType org.example.entity.StatusType.valueOf(String)) -> 0 ms
execution(void org.example.entity.User.setStatus(StatusType)) -> 0 ms
execution(User org.example.repository.UserRepository.lambda$getById$8(Long)) -> 13 ms
execution(Optional org.example.repository.UserRepository.getById(Long)) -> 13 ms
execution(TransactionType org.example.entity.TransactionType.valueOf(String)) -> 0 ms
execution(void org.example.entity.Transaction.setDate(Instant)) -> 0 ms
execution(void org.example.entity.Transaction.setType(TransactionType)) -> 0 ms
execution(void org.example.entity.Transaction.setCategory(String)) -> 0 ms
execution(void org.example.entity.Transaction.setAmount(BigDecimal)) -> 0 ms
execution(void org.example.entity.Transaction.setDescription(String)) -> 0 ms
execution(void org.example.entity.Transaction.setUser(User)) -> 0 ms
execution(void org.example.entity.Transaction.setId(long)) -> 0 ms
execution(Transaction org.example.repository.TransactionRepository.lambda$getAllByUserId$10(ResultSet, User)) -> 0 ms
execution(TransactionType org.example.entity.TransactionType.valueOf(String)) -> 0 ms
execution(void org.example.entity.Transaction.setDate(Instant)) -> 0 ms
execution(void org.example.entity.Transaction.setType(TransactionType)) -> 0 ms
execution(void org.example.entity.Transaction.setCategory(String)) -> 0 ms
execution(void org.example.entity.Transaction.setAmount(BigDecimal)) -> 0 ms
execution(void org.example.entity.Transaction.setDescription(String)) -> 0 ms
execution(void org.example.entity.Transaction.setUser(User)) -> 0 ms
execution(void org.example.entity.Transaction.setId(long)) -> 0 ms
execution(Transaction org.example.repository.TransactionRepository.lambda$getAllByUserId$10(ResultSet, User)) -> 0 ms
execution(Transaction org.example.repository.TransactionRepository.lambda$getAllByUserId$10(ResultSet, User)) -> 0 ms
execution(List org.example.repository.TransactionRepository.lambda$getAllByUserId$11(Long)) -> 31 ms
execution(Collection org.example.repository.TransactionRepository.getAllByUserId(Long)) -> 31 ms
execution(TransactionType org.example.entity.Transaction.getType()) -> 0 ms
execution(boolean org.example.service.AnalyticsService.lambda$expenses$10(Transaction)) -> 0 ms
execution(TransactionType org.example.entity.Transaction.getType()) -> 0 ms
execution(boolean org.example.service.AnalyticsService.lambda$expenses$10(Transaction)) -> 0 ms
execution(String org.example.entity.Transaction.getCategory()) -> 0 ms
execution(BigDecimal org.example.entity.Transaction.getAmount()) -> 0 ms
execution(String org.example.service.AnalyticsService.lambda$expenses$11(Map.Entry)) -> 0 ms
execution(String org.example.service.AnalyticsService.lambda$expenses$12(Long)) -> 32 ms
execution(Map.Entry org.example.service.AnalyticsService.lambda$static$6(String[], int)) -> 0 ms
execution(String org.example.service.AnalyticsService.lambda$static$7(String[], String[], Map.Entry)) -> 0 ms
execution(String org.example.service.AnalyticsService.lambda$static$8(String[], String[])) -> 0 ms
execution(String org.example.service.AnalyticsService.expenses(Map.Entry)) -> 32 ms
execution(void org.example.web.servlet.AnalyticsServlet.lambda$doGet$0(String, HttpServletRequest, PrintWriter, HttpServletResponse, UserDto)) -> 33 ms
execution(void org.example.web.servlet.AnalyticsServlet.doGet(HttpServletRequest, HttpServletResponse)) -> 111 ms
]]></system-out>
  </testcase>
  <testcase name="givenCurrentUser_whenTryToGetCondition_thenReturnBadRequest" classname="org.example.servlet.AnalyticsServletTest" time="0.426">
    <system-out><![CDATA[execution(AnalyticsService org.example.service.AnalyticsService.getInstance()) -> 0 ms
execution(void org.example.entity.User.setName(String)) -> 0 ms
execution(void org.example.entity.User.setEmail(String)) -> 0 ms
execution(void org.example.entity.User.setPassword(String)) -> 0 ms
execution(void org.example.entity.User.setRole(RoleType)) -> 0 ms
execution(void org.example.entity.User.setStatus(StatusType)) -> 0 ms
execution(void org.example.entity.User.setId(long)) -> 0 ms
execution(RoleType org.example.entity.RoleType.valueOf(String)) -> 0 ms
execution(void org.example.entity.User.setRole(RoleType)) -> 0 ms
execution(StatusType org.example.entity.StatusType.valueOf(String)) -> 0 ms
execution(void org.example.entity.User.setStatus(StatusType)) -> 0 ms
execution(User org.example.repository.UserRepository.lambda$getById$8(Long)) -> 41 ms
execution(Optional org.example.repository.UserRepository.getById(Long)) -> 41 ms
execution(Limit org.example.repository.LimitRepository.lambda$getByMonthAndUserId$8(Long, User, YearMonth)) -> 19 ms
execution(Optional org.example.repository.LimitRepository.lambda$getByMonthAndUserId$9(YearMonth, Long)) -> 61 ms
execution(Optional org.example.repository.LimitRepository.getByMonthAndUserId(YearMonth, Long)) -> 63 ms
execution(Optional org.example.service.AnalyticsService.lambda$unspent$5(YearMonth, Long)) -> 63 ms
execution(void org.example.entity.User.setName(String)) -> 0 ms
execution(void org.example.entity.User.setEmail(String)) -> 0 ms
execution(void org.example.entity.User.setPassword(String)) -> 0 ms
execution(void org.example.entity.User.setRole(RoleType)) -> 0 ms
execution(void org.example.entity.User.setStatus(StatusType)) -> 0 ms
execution(void org.example.entity.User.setId(long)) -> 0 ms
execution(RoleType org.example.entity.RoleType.valueOf(String)) -> 0 ms
execution(void org.example.entity.User.setRole(RoleType)) -> 0 ms
execution(StatusType org.example.entity.StatusType.valueOf(String)) -> 0 ms
execution(void org.example.entity.User.setStatus(StatusType)) -> 0 ms
execution(User org.example.repository.UserRepository.lambda$getById$8(Long)) -> 28 ms
execution(Optional org.example.repository.UserRepository.getById(Long)) -> 28 ms
execution(TransactionType org.example.entity.TransactionType.valueOf(String)) -> 0 ms
execution(void org.example.entity.Transaction.setDate(Instant)) -> 0 ms
execution(void org.example.entity.Transaction.setType(TransactionType)) -> 0 ms
execution(void org.example.entity.Transaction.setCategory(String)) -> 0 ms
execution(void org.example.entity.Transaction.setAmount(BigDecimal)) -> 0 ms
execution(void org.example.entity.Transaction.setDescription(String)) -> 0 ms
execution(void org.example.entity.Transaction.setUser(User)) -> 0 ms
execution(void org.example.entity.Transaction.setId(long)) -> 0 ms
execution(Transaction org.example.repository.TransactionRepository.lambda$getAllByUserId$10(ResultSet, User)) -> 1 ms
execution(TransactionType org.example.entity.TransactionType.valueOf(String)) -> 0 ms
execution(void org.example.entity.Transaction.setDate(Instant)) -> 0 ms
execution(void org.example.entity.Transaction.setType(TransactionType)) -> 0 ms
execution(void org.example.entity.Transaction.setCategory(String)) -> 0 ms
execution(void org.example.entity.Transaction.setAmount(BigDecimal)) -> 0 ms
execution(void org.example.entity.Transaction.setDescription(String)) -> 0 ms
execution(void org.example.entity.Transaction.setUser(User)) -> 0 ms
execution(void org.example.entity.Transaction.setId(long)) -> 0 ms
execution(Transaction org.example.repository.TransactionRepository.lambda$getAllByUserId$10(ResultSet, User)) -> 0 ms
execution(Transaction org.example.repository.TransactionRepository.lambda$getAllByUserId$10(ResultSet, User)) -> 0 ms
execution(List org.example.repository.TransactionRepository.lambda$getAllByUserId$11(Long)) -> 47 ms
execution(Collection org.example.repository.TransactionRepository.getAllByUserId(Long)) -> 48 ms
execution(TransactionType org.example.entity.Transaction.getType()) -> 0 ms
execution(boolean org.example.service.AnalyticsService.lambda$outcome$3(Transaction)) -> 0 ms
execution(TransactionType org.example.entity.Transaction.getType()) -> 0 ms
execution(boolean org.example.service.AnalyticsService.lambda$outcome$3(Transaction)) -> 0 ms
execution(Instant org.example.entity.Transaction.getDate()) -> 0 ms
execution(boolean org.example.service.AnalyticsService.lambda$static$0(Transaction, Map.Entry)) -> 0 ms
execution(Boolean org.example.service.AnalyticsService.lambda$total$1(Transaction, Map.Entry)) -> 0 ms
execution(boolean org.example.service.AnalyticsService.lambda$total$2(Map.Entry, Transaction)) -> 0 ms
execution(BigDecimal org.example.service.AnalyticsService.total(Long, Map.Entry, Predicate)) -> 49 ms
execution(BigDecimal org.example.service.AnalyticsService.outcome(Long, Map.Entry)) -> 49 ms
execution(BigDecimal org.example.service.AnalyticsService.unspent(Long, YearMonth)) -> 118 ms
execution(void org.example.entity.User.setName(String)) -> 0 ms
execution(void org.example.entity.User.setEmail(String)) -> 0 ms
execution(void org.example.entity.User.setPassword(String)) -> 0 ms
execution(void org.example.entity.User.setRole(RoleType)) -> 0 ms
execution(void org.example.entity.User.setStatus(StatusType)) -> 0 ms
execution(void org.example.entity.User.setId(long)) -> 0 ms
execution(RoleType org.example.entity.RoleType.valueOf(String)) -> 0 ms
execution(void org.example.entity.User.setRole(RoleType)) -> 0 ms
execution(StatusType org.example.entity.StatusType.valueOf(String)) -> 0 ms
execution(void org.example.entity.User.setStatus(StatusType)) -> 0 ms
execution(User org.example.repository.UserRepository.lambda$getById$8(Long)) -> 19 ms
execution(Optional org.example.repository.UserRepository.getById(Long)) -> 19 ms
execution(void org.example.entity.Fund.setTitle(String)) -> 0 ms
execution(void org.example.entity.Fund.setTarget(BigDecimal)) -> 0 ms
execution(void org.example.entity.Fund.setSavings(BigDecimal)) -> 0 ms
execution(void org.example.entity.Fund.setUser(User)) -> 0 ms
execution(void org.example.entity.Fund.setId(long)) -> 0 ms
execution(Fund org.example.repository.FundRepository.lambda$getAllByUserId$11(ResultSet, User)) -> 4 ms
execution(void org.example.entity.Fund.setTitle(String)) -> 0 ms
execution(void org.example.entity.Fund.setTarget(BigDecimal)) -> 0 ms
execution(void org.example.entity.Fund.setSavings(BigDecimal)) -> 0 ms
execution(void org.example.entity.Fund.setUser(User)) -> 0 ms
execution(void org.example.entity.Fund.setId(long)) -> 0 ms
execution(Fund org.example.repository.FundRepository.lambda$getAllByUserId$11(ResultSet, User)) -> 0 ms
execution(Fund org.example.repository.FundRepository.lambda$getAllByUserId$11(ResultSet, User)) -> 0 ms
execution(List org.example.repository.FundRepository.lambda$getAllByUserId$12(Long)) -> 38 ms
execution(Collection org.example.repository.FundRepository.getAllByUserId(Long)) -> 39 ms
execution(BigDecimal org.example.entity.Fund.getSavings()) -> 0 ms
execution(BigDecimal org.example.entity.Fund.getSavings()) -> 0 ms
execution(BigDecimal org.example.service.AnalyticsService.savings(Long)) -> 43 ms
execution(Map.Entry org.example.service.AnalyticsService.lambda$static$6(String[], int)) -> 0 ms
execution(String org.example.service.AnalyticsService.lambda$static$7(String[], String[], Map.Entry)) -> 0 ms
execution(Map.Entry org.example.service.AnalyticsService.lambda$static$6(String[], int)) -> 0 ms
execution(String org.example.service.AnalyticsService.lambda$static$7(String[], String[], Map.Entry)) -> 0 ms
execution(String org.example.service.AnalyticsService.lambda$static$8(String[], String[])) -> 0 ms
execution(String org.example.service.AnalyticsService.condition(Map.Entry)) -> 164 ms
execution(AnalyticsServlet org.example.web.servlet.AnalyticsServlet.getInstance()) -> 0 ms
execution(void org.example.entity.User.setName(String)) -> 0 ms
execution(void org.example.entity.User.setEmail(String)) -> 1 ms
execution(void org.example.entity.User.setPassword(String)) -> 0 ms
execution(void org.example.entity.User.setRole(RoleType)) -> 0 ms
execution(void org.example.entity.User.setStatus(StatusType)) -> 0 ms
execution(void org.example.entity.User.setId(long)) -> 0 ms
execution(RoleType org.example.entity.RoleType.valueOf(String)) -> 0 ms
execution(void org.example.entity.User.setRole(RoleType)) -> 0 ms
execution(StatusType org.example.entity.StatusType.valueOf(String)) -> 0 ms
execution(void org.example.entity.User.setStatus(StatusType)) -> 0 ms
execution(User org.example.repository.UserRepository.lambda$getByEmail$7(String, String)) -> 53 ms
execution(Optional org.example.repository.UserRepository.getByEmail(String)) -> 53 ms
execution(User org.example.service.UserService.loadUserByUsername(String)) -> 56 ms
execution(void org.example.entity.Invocation.setDate(Instant)) -> 0 ms
execution(void org.example.entity.Invocation.setEndpoint(String)) -> 0 ms
execution(void org.example.entity.Invocation.setUser(User)) -> 0 ms
execution(Instant org.example.entity.Invocation.getDate()) -> 0 ms
execution(String org.example.entity.Invocation.getEndpoint()) -> 0 ms
execution(User org.example.entity.Invocation.getUser()) -> 0 ms
execution(long org.example.entity.User.getId()) -> 0 ms
execution(Invocation org.example.repository.InvocationRepository.lambda$add$1(Invocation)) -> 31 ms
execution(Invocation org.example.repository.InvocationRepository.add(Invocation)) -> 31 ms
execution(void org.example.entity.User.setName(String)) -> 0 ms
execution(void org.example.entity.User.setEmail(String)) -> 0 ms
execution(void org.example.entity.User.setPassword(String)) -> 0 ms
execution(void org.example.entity.User.setRole(RoleType)) -> 0 ms
execution(void org.example.entity.User.setStatus(StatusType)) -> 0 ms
execution(void org.example.entity.User.setId(long)) -> 0 ms
execution(RoleType org.example.entity.RoleType.valueOf(String)) -> 0 ms
execution(void org.example.entity.User.setRole(RoleType)) -> 0 ms
execution(StatusType org.example.entity.StatusType.valueOf(String)) -> 0 ms
execution(void org.example.entity.User.setStatus(StatusType)) -> 0 ms
execution(User org.example.repository.UserRepository.lambda$getByEmail$7(String, String)) -> 20 ms
execution(Optional org.example.repository.UserRepository.getByEmail(String)) -> 20 ms
execution(long org.example.entity.User.getId()) -> 0 ms
execution(void org.example.dto.UserDto.setUserId(Long)) -> 0 ms
execution(String org.example.entity.User.getName()) -> 0 ms
execution(void org.example.dto.UserDto.setName(String)) -> 0 ms
execution(String org.example.entity.User.getEmail()) -> 0 ms
execution(void org.example.dto.UserDto.setEmail(String)) -> 0 ms
execution(String org.example.entity.User.getPassword()) -> 0 ms
execution(void org.example.dto.UserDto.setPassword(String)) -> 0 ms
execution(RoleType org.example.entity.User.getRole()) -> 0 ms
execution(void org.example.dto.UserDto.setRole(RoleType)) -> 0 ms
execution(StatusType org.example.entity.User.getStatus()) -> 0 ms
execution(void org.example.dto.UserDto.setStatus(StatusType)) -> 0 ms
execution(UserDto org.example.service.UserService.findByEmail(String)) -> 22 ms
execution(Long org.example.dto.UserDto.getUserId()) -> 0 ms
execution(void org.example.entity.User.setName(String)) -> 0 ms
execution(void org.example.entity.User.setEmail(String)) -> 0 ms
execution(void org.example.entity.User.setPassword(String)) -> 0 ms
execution(void org.example.entity.User.setRole(RoleType)) -> 0 ms
execution(void org.example.entity.User.setStatus(StatusType)) -> 0 ms
execution(void org.example.entity.User.setId(long)) -> 0 ms
execution(RoleType org.example.entity.RoleType.valueOf(String)) -> 0 ms
execution(void org.example.entity.User.setRole(RoleType)) -> 0 ms
execution(StatusType org.example.entity.StatusType.valueOf(String)) -> 0 ms
execution(void org.example.entity.User.setStatus(StatusType)) -> 0 ms
execution(User org.example.repository.UserRepository.lambda$getById$8(Long)) -> 21 ms
execution(Optional org.example.repository.UserRepository.getById(Long)) -> 21 ms
execution(Limit org.example.repository.LimitRepository.lambda$getByMonthAndUserId$8(Long, User, YearMonth)) -> 15 ms
execution(Optional org.example.repository.LimitRepository.lambda$getByMonthAndUserId$9(YearMonth, Long)) -> 39 ms
execution(Optional org.example.repository.LimitRepository.getByMonthAndUserId(YearMonth, Long)) -> 40 ms
execution(Optional org.example.service.AnalyticsService.lambda$unspent$5(YearMonth, Long)) -> 40 ms
execution(void org.example.entity.User.setName(String)) -> 0 ms
execution(void org.example.entity.User.setEmail(String)) -> 0 ms
execution(void org.example.entity.User.setPassword(String)) -> 0 ms
execution(void org.example.entity.User.setRole(RoleType)) -> 0 ms
execution(void org.example.entity.User.setStatus(StatusType)) -> 0 ms
execution(void org.example.entity.User.setId(long)) -> 0 ms
execution(RoleType org.example.entity.RoleType.valueOf(String)) -> 0 ms
execution(void org.example.entity.User.setRole(RoleType)) -> 0 ms
execution(StatusType org.example.entity.StatusType.valueOf(String)) -> 0 ms
execution(void org.example.entity.User.setStatus(StatusType)) -> 0 ms
execution(User org.example.repository.UserRepository.lambda$getById$8(Long)) -> 12 ms
execution(Optional org.example.repository.UserRepository.getById(Long)) -> 12 ms
execution(TransactionType org.example.entity.TransactionType.valueOf(String)) -> 0 ms
execution(void org.example.entity.Transaction.setDate(Instant)) -> 0 ms
execution(void org.example.entity.Transaction.setType(TransactionType)) -> 0 ms
execution(void org.example.entity.Transaction.setCategory(String)) -> 0 ms
execution(void org.example.entity.Transaction.setAmount(BigDecimal)) -> 0 ms
execution(void org.example.entity.Transaction.setDescription(String)) -> 0 ms
execution(void org.example.entity.Transaction.setUser(User)) -> 0 ms
execution(void org.example.entity.Transaction.setId(long)) -> 0 ms
execution(Transaction org.example.repository.TransactionRepository.lambda$getAllByUserId$10(ResultSet, User)) -> 0 ms
execution(TransactionType org.example.entity.TransactionType.valueOf(String)) -> 0 ms
execution(void org.example.entity.Transaction.setDate(Instant)) -> 0 ms
execution(void org.example.entity.Transaction.setType(TransactionType)) -> 0 ms
execution(void org.example.entity.Transaction.setCategory(String)) -> 0 ms
execution(void org.example.entity.Transaction.setAmount(BigDecimal)) -> 0 ms
execution(void org.example.entity.Transaction.setDescription(String)) -> 0 ms
execution(void org.example.entity.Transaction.setUser(User)) -> 0 ms
execution(void org.example.entity.Transaction.setId(long)) -> 0 ms
execution(Transaction org.example.repository.TransactionRepository.lambda$getAllByUserId$10(ResultSet, User)) -> 0 ms
execution(Transaction org.example.repository.TransactionRepository.lambda$getAllByUserId$10(ResultSet, User)) -> 0 ms
execution(List org.example.repository.TransactionRepository.lambda$getAllByUserId$11(Long)) -> 36 ms
execution(Collection org.example.repository.TransactionRepository.getAllByUserId(Long)) -> 37 ms
execution(TransactionType org.example.entity.Transaction.getType()) -> 0 ms
execution(boolean org.example.service.AnalyticsService.lambda$outcome$3(Transaction)) -> 0 ms
execution(TransactionType org.example.entity.Transaction.getType()) -> 0 ms
execution(boolean org.example.service.AnalyticsService.lambda$outcome$3(Transaction)) -> 0 ms
execution(Instant org.example.entity.Transaction.getDate()) -> 0 ms
execution(boolean org.example.service.AnalyticsService.lambda$static$0(Transaction, Map.Entry)) -> 0 ms
execution(Boolean org.example.service.AnalyticsService.lambda$total$1(Transaction, Map.Entry)) -> 0 ms
execution(boolean org.example.service.AnalyticsService.lambda$total$2(Map.Entry, Transaction)) -> 0 ms
execution(BigDecimal org.example.service.AnalyticsService.total(Long, Map.Entry, Predicate)) -> 37 ms
execution(BigDecimal org.example.service.AnalyticsService.outcome(Long, Map.Entry)) -> 37 ms
execution(BigDecimal org.example.service.AnalyticsService.unspent(Long, YearMonth)) -> 77 ms
execution(void org.example.entity.User.setName(String)) -> 0 ms
execution(void org.example.entity.User.setEmail(String)) -> 0 ms
execution(void org.example.entity.User.setPassword(String)) -> 0 ms
execution(void org.example.entity.User.setRole(RoleType)) -> 0 ms
execution(void org.example.entity.User.setStatus(StatusType)) -> 0 ms
execution(void org.example.entity.User.setId(long)) -> 0 ms
execution(RoleType org.example.entity.RoleType.valueOf(String)) -> 0 ms
execution(void org.example.entity.User.setRole(RoleType)) -> 0 ms
execution(StatusType org.example.entity.StatusType.valueOf(String)) -> 0 ms
execution(void org.example.entity.User.setStatus(StatusType)) -> 0 ms
execution(User org.example.repository.UserRepository.lambda$getById$8(Long)) -> 34 ms
execution(Optional org.example.repository.UserRepository.getById(Long)) -> 34 ms
execution(void org.example.entity.Fund.setTitle(String)) -> 0 ms
execution(void org.example.entity.Fund.setTarget(BigDecimal)) -> 0 ms
execution(void org.example.entity.Fund.setSavings(BigDecimal)) -> 0 ms
execution(void org.example.entity.Fund.setUser(User)) -> 0 ms
execution(void org.example.entity.Fund.setId(long)) -> 0 ms
execution(Fund org.example.repository.FundRepository.lambda$getAllByUserId$11(ResultSet, User)) -> 0 ms
execution(void org.example.entity.Fund.setTitle(String)) -> 0 ms
execution(void org.example.entity.Fund.setTarget(BigDecimal)) -> 0 ms
execution(void org.example.entity.Fund.setSavings(BigDecimal)) -> 0 ms
execution(void org.example.entity.Fund.setUser(User)) -> 0 ms
execution(void org.example.entity.Fund.setId(long)) -> 0 ms
execution(Fund org.example.repository.FundRepository.lambda$getAllByUserId$11(ResultSet, User)) -> 0 ms
execution(Fund org.example.repository.FundRepository.lambda$getAllByUserId$11(ResultSet, User)) -> 0 ms
execution(List org.example.repository.FundRepository.lambda$getAllByUserId$12(Long)) -> 48 ms
execution(Collection org.example.repository.FundRepository.getAllByUserId(Long)) -> 48 ms
execution(BigDecimal org.example.entity.Fund.getSavings()) -> 0 ms
execution(BigDecimal org.example.entity.Fund.getSavings()) -> 0 ms
execution(BigDecimal org.example.service.AnalyticsService.savings(Long)) -> 49 ms
execution(Map.Entry org.example.service.AnalyticsService.lambda$static$6(String[], int)) -> 0 ms
execution(String org.example.service.AnalyticsService.lambda$static$7(String[], String[], Map.Entry)) -> 0 ms
execution(Map.Entry org.example.service.AnalyticsService.lambda$static$6(String[], int)) -> 0 ms
execution(String org.example.service.AnalyticsService.lambda$static$7(String[], String[], Map.Entry)) -> 0 ms
execution(String org.example.service.AnalyticsService.lambda$static$8(String[], String[])) -> 0 ms
execution(String org.example.service.AnalyticsService.condition(Map.Entry)) -> 127 ms
execution(void org.example.web.servlet.AnalyticsServlet.lambda$doGet$0(String, HttpServletRequest, PrintWriter, HttpServletResponse, UserDto)) -> 128 ms
execution(void org.example.web.servlet.AnalyticsServlet.doGet(HttpServletRequest, HttpServletResponse)) -> 243 ms
]]></system-out>
  </testcase>
  <testcase name="givenCurrentUser_whenTryToGetBalance_thenReturnBadRequest" classname="org.example.servlet.AnalyticsServletTest" time="0.276">
    <system-out><![CDATA[execution(AnalyticsService org.example.service.AnalyticsService.getInstance()) -> 0 ms
execution(void org.example.entity.User.setName(String)) -> 0 ms
execution(void org.example.entity.User.setEmail(String)) -> 0 ms
execution(void org.example.entity.User.setPassword(String)) -> 0 ms
execution(void org.example.entity.User.setRole(RoleType)) -> 0 ms
execution(void org.example.entity.User.setStatus(StatusType)) -> 0 ms
execution(void org.example.entity.User.setId(long)) -> 0 ms
execution(RoleType org.example.entity.RoleType.valueOf(String)) -> 0 ms
execution(void org.example.entity.User.setRole(RoleType)) -> 0 ms
execution(StatusType org.example.entity.StatusType.valueOf(String)) -> 0 ms
execution(void org.example.entity.User.setStatus(StatusType)) -> 0 ms
execution(User org.example.repository.UserRepository.lambda$getById$8(Long)) -> 14 ms
execution(Optional org.example.repository.UserRepository.getById(Long)) -> 14 ms
execution(TransactionType org.example.entity.TransactionType.valueOf(String)) -> 0 ms
execution(void org.example.entity.Transaction.setDate(Instant)) -> 0 ms
execution(void org.example.entity.Transaction.setType(TransactionType)) -> 0 ms
execution(void org.example.entity.Transaction.setCategory(String)) -> 0 ms
execution(void org.example.entity.Transaction.setAmount(BigDecimal)) -> 0 ms
execution(void org.example.entity.Transaction.setDescription(String)) -> 0 ms
execution(void org.example.entity.Transaction.setUser(User)) -> 0 ms
execution(void org.example.entity.Transaction.setId(long)) -> 0 ms
execution(Transaction org.example.repository.TransactionRepository.lambda$getAllByUserId$10(ResultSet, User)) -> 0 ms
execution(TransactionType org.example.entity.TransactionType.valueOf(String)) -> 0 ms
execution(void org.example.entity.Transaction.setDate(Instant)) -> 0 ms
execution(void org.example.entity.Transaction.setType(TransactionType)) -> 0 ms
execution(void org.example.entity.Transaction.setCategory(String)) -> 0 ms
execution(void org.example.entity.Transaction.setAmount(BigDecimal)) -> 0 ms
execution(void org.example.entity.Transaction.setDescription(String)) -> 0 ms
execution(void org.example.entity.Transaction.setUser(User)) -> 0 ms
execution(void org.example.entity.Transaction.setId(long)) -> 0 ms
execution(Transaction org.example.repository.TransactionRepository.lambda$getAllByUserId$10(ResultSet, User)) -> 0 ms
execution(Transaction org.example.repository.TransactionRepository.lambda$getAllByUserId$10(ResultSet, User)) -> 0 ms
execution(List org.example.repository.TransactionRepository.lambda$getAllByUserId$11(Long)) -> 40 ms
execution(Collection org.example.repository.TransactionRepository.getAllByUserId(Long)) -> 40 ms
execution(TransactionType org.example.entity.Transaction.getType()) -> 0 ms
execution(boolean org.example.service.AnalyticsService.lambda$outcome$3(Transaction)) -> 0 ms
execution(TransactionType org.example.entity.Transaction.getType()) -> 0 ms
execution(boolean org.example.service.AnalyticsService.lambda$outcome$3(Transaction)) -> 0 ms
execution(boolean org.example.service.AnalyticsService.lambda$total$2(Map.Entry, Transaction)) -> 0 ms
execution(BigDecimal org.example.entity.Transaction.getAmount()) -> 0 ms
execution(BigDecimal org.example.service.AnalyticsService.total(Long, Map.Entry, Predicate)) -> 40 ms
execution(BigDecimal org.example.service.AnalyticsService.outcome(Long, Map.Entry)) -> 40 ms
execution(void org.example.entity.User.setName(String)) -> 0 ms
execution(void org.example.entity.User.setEmail(String)) -> 0 ms
execution(void org.example.entity.User.setPassword(String)) -> 0 ms
execution(void org.example.entity.User.setRole(RoleType)) -> 0 ms
execution(void org.example.entity.User.setStatus(StatusType)) -> 0 ms
execution(void org.example.entity.User.setId(long)) -> 0 ms
execution(RoleType org.example.entity.RoleType.valueOf(String)) -> 0 ms
execution(void org.example.entity.User.setRole(RoleType)) -> 0 ms
execution(StatusType org.example.entity.StatusType.valueOf(String)) -> 0 ms
execution(void org.example.entity.User.setStatus(StatusType)) -> 0 ms
execution(User org.example.repository.UserRepository.lambda$getById$8(Long)) -> 21 ms
execution(Optional org.example.repository.UserRepository.getById(Long)) -> 22 ms
execution(TransactionType org.example.entity.TransactionType.valueOf(String)) -> 0 ms
execution(void org.example.entity.Transaction.setDate(Instant)) -> 0 ms
execution(void org.example.entity.Transaction.setType(TransactionType)) -> 0 ms
execution(void org.example.entity.Transaction.setCategory(String)) -> 0 ms
execution(void org.example.entity.Transaction.setAmount(BigDecimal)) -> 0 ms
execution(void org.example.entity.Transaction.setDescription(String)) -> 0 ms
execution(void org.example.entity.Transaction.setUser(User)) -> 0 ms
execution(void org.example.entity.Transaction.setId(long)) -> 0 ms
execution(Transaction org.example.repository.TransactionRepository.lambda$getAllByUserId$10(ResultSet, User)) -> 0 ms
execution(TransactionType org.example.entity.TransactionType.valueOf(String)) -> 0 ms
execution(void org.example.entity.Transaction.setDate(Instant)) -> 0 ms
execution(void org.example.entity.Transaction.setType(TransactionType)) -> 0 ms
execution(void org.example.entity.Transaction.setCategory(String)) -> 0 ms
execution(void org.example.entity.Transaction.setAmount(BigDecimal)) -> 0 ms
execution(void org.example.entity.Transaction.setDescription(String)) -> 0 ms
execution(void org.example.entity.Transaction.setUser(User)) -> 0 ms
execution(void org.example.entity.Transaction.setId(long)) -> 0 ms
execution(Transaction org.example.repository.TransactionRepository.lambda$getAllByUserId$10(ResultSet, User)) -> 0 ms
execution(Transaction org.example.repository.TransactionRepository.lambda$getAllByUserId$10(ResultSet, User)) -> 0 ms
execution(List org.example.repository.TransactionRepository.lambda$getAllByUserId$11(Long)) -> 58 ms
execution(Collection org.example.repository.TransactionRepository.getAllByUserId(Long)) -> 58 ms
execution(TransactionType org.example.entity.Transaction.getType()) -> 0 ms
execution(boolean org.example.service.AnalyticsService.lambda$income$4(Transaction)) -> 0 ms
execution(boolean org.example.service.AnalyticsService.lambda$total$2(Map.Entry, Transaction)) -> 0 ms
execution(BigDecimal org.example.entity.Transaction.getAmount()) -> 0 ms
execution(TransactionType org.example.entity.Transaction.getType()) -> 0 ms
execution(boolean org.example.service.AnalyticsService.lambda$income$4(Transaction)) -> 0 ms
execution(BigDecimal org.example.service.AnalyticsService.total(Long, Map.Entry, Predicate)) -> 59 ms
execution(BigDecimal org.example.service.AnalyticsService.income(Long, Map.Entry)) -> 59 ms
execution(Map.Entry org.example.service.AnalyticsService.lambda$static$6(String[], int)) -> 0 ms
execution(String org.example.service.AnalyticsService.lambda$static$7(String[], String[], Map.Entry)) -> 0 ms
execution(Map.Entry org.example.service.AnalyticsService.lambda$static$6(String[], int)) -> 0 ms
execution(String org.example.service.AnalyticsService.lambda$static$7(String[], String[], Map.Entry)) -> 0 ms
execution(Map.Entry org.example.service.AnalyticsService.lambda$static$6(String[], int)) -> 0 ms
execution(String org.example.service.AnalyticsService.lambda$static$7(String[], String[], Map.Entry)) -> 0 ms
execution(String org.example.service.AnalyticsService.lambda$static$8(String[], String[])) -> 0 ms
execution(String org.example.service.AnalyticsService.balance(Map.Entry)) -> 100 ms
execution(AnalyticsServlet org.example.web.servlet.AnalyticsServlet.getInstance()) -> 0 ms
execution(void org.example.entity.User.setName(String)) -> 0 ms
execution(void org.example.entity.User.setEmail(String)) -> 0 ms
execution(void org.example.entity.User.setPassword(String)) -> 0 ms
execution(void org.example.entity.User.setRole(RoleType)) -> 0 ms
execution(void org.example.entity.User.setStatus(StatusType)) -> 0 ms
execution(void org.example.entity.User.setId(long)) -> 0 ms
execution(RoleType org.example.entity.RoleType.valueOf(String)) -> 0 ms
execution(void org.example.entity.User.setRole(RoleType)) -> 0 ms
execution(StatusType org.example.entity.StatusType.valueOf(String)) -> 0 ms
execution(void org.example.entity.User.setStatus(StatusType)) -> 0 ms
execution(User org.example.repository.UserRepository.lambda$getByEmail$7(String, String)) -> 11 ms
execution(Optional org.example.repository.UserRepository.getByEmail(String)) -> 11 ms
execution(User org.example.service.UserService.loadUserByUsername(String)) -> 11 ms
execution(void org.example.entity.Invocation.setDate(Instant)) -> 0 ms
execution(void org.example.entity.Invocation.setEndpoint(String)) -> 0 ms
execution(void org.example.entity.Invocation.setUser(User)) -> 0 ms
execution(Instant org.example.entity.Invocation.getDate()) -> 0 ms
execution(String org.example.entity.Invocation.getEndpoint()) -> 0 ms
execution(User org.example.entity.Invocation.getUser()) -> 0 ms
execution(long org.example.entity.User.getId()) -> 0 ms
execution(Invocation org.example.repository.InvocationRepository.lambda$add$1(Invocation)) -> 25 ms
execution(Invocation org.example.repository.InvocationRepository.add(Invocation)) -> 26 ms
execution(void org.example.entity.User.setName(String)) -> 0 ms
execution(void org.example.entity.User.setEmail(String)) -> 0 ms
execution(void org.example.entity.User.setPassword(String)) -> 0 ms
execution(void org.example.entity.User.setRole(RoleType)) -> 0 ms
execution(void org.example.entity.User.setStatus(StatusType)) -> 0 ms
execution(void org.example.entity.User.setId(long)) -> 0 ms
execution(RoleType org.example.entity.RoleType.valueOf(String)) -> 0 ms
execution(void org.example.entity.User.setRole(RoleType)) -> 0 ms
execution(StatusType org.example.entity.StatusType.valueOf(String)) -> 0 ms
execution(void org.example.entity.User.setStatus(StatusType)) -> 0 ms
execution(User org.example.repository.UserRepository.lambda$getByEmail$7(String, String)) -> 23 ms
execution(Optional org.example.repository.UserRepository.getByEmail(String)) -> 23 ms
execution(long org.example.entity.User.getId()) -> 0 ms
execution(void org.example.dto.UserDto.setUserId(Long)) -> 0 ms
execution(String org.example.entity.User.getName()) -> 0 ms
execution(void org.example.dto.UserDto.setName(String)) -> 0 ms
execution(String org.example.entity.User.getEmail()) -> 0 ms
execution(void org.example.dto.UserDto.setEmail(String)) -> 0 ms
execution(String org.example.entity.User.getPassword()) -> 0 ms
execution(void org.example.dto.UserDto.setPassword(String)) -> 0 ms
execution(RoleType org.example.entity.User.getRole()) -> 0 ms
execution(void org.example.dto.UserDto.setRole(RoleType)) -> 2 ms
execution(StatusType org.example.entity.User.getStatus()) -> 0 ms
execution(void org.example.dto.UserDto.setStatus(StatusType)) -> 0 ms
execution(UserDto org.example.service.UserService.findByEmail(String)) -> 26 ms
execution(Long org.example.dto.UserDto.getUserId()) -> 0 ms
execution(void org.example.entity.User.setName(String)) -> 0 ms
execution(void org.example.entity.User.setEmail(String)) -> 0 ms
execution(void org.example.entity.User.setPassword(String)) -> 0 ms
execution(void org.example.entity.User.setRole(RoleType)) -> 0 ms
execution(void org.example.entity.User.setStatus(StatusType)) -> 0 ms
execution(void org.example.entity.User.setId(long)) -> 0 ms
execution(RoleType org.example.entity.RoleType.valueOf(String)) -> 0 ms
execution(void org.example.entity.User.setRole(RoleType)) -> 0 ms
execution(StatusType org.example.entity.StatusType.valueOf(String)) -> 0 ms
execution(void org.example.entity.User.setStatus(StatusType)) -> 0 ms
execution(User org.example.repository.UserRepository.lambda$getById$8(Long)) -> 15 ms
execution(Optional org.example.repository.UserRepository.getById(Long)) -> 15 ms
execution(TransactionType org.example.entity.TransactionType.valueOf(String)) -> 0 ms
execution(void org.example.entity.Transaction.setDate(Instant)) -> 0 ms
execution(void org.example.entity.Transaction.setType(TransactionType)) -> 0 ms
execution(void org.example.entity.Transaction.setCategory(String)) -> 0 ms
execution(void org.example.entity.Transaction.setAmount(BigDecimal)) -> 0 ms
execution(void org.example.entity.Transaction.setDescription(String)) -> 0 ms
execution(void org.example.entity.Transaction.setUser(User)) -> 0 ms
execution(void org.example.entity.Transaction.setId(long)) -> 0 ms
execution(Transaction org.example.repository.TransactionRepository.lambda$getAllByUserId$10(ResultSet, User)) -> 0 ms
execution(TransactionType org.example.entity.TransactionType.valueOf(String)) -> 0 ms
execution(void org.example.entity.Transaction.setDate(Instant)) -> 0 ms
execution(void org.example.entity.Transaction.setType(TransactionType)) -> 0 ms
execution(void org.example.entity.Transaction.setCategory(String)) -> 0 ms
execution(void org.example.entity.Transaction.setAmount(BigDecimal)) -> 0 ms
execution(void org.example.entity.Transaction.setDescription(String)) -> 0 ms
execution(void org.example.entity.Transaction.setUser(User)) -> 0 ms
execution(void org.example.entity.Transaction.setId(long)) -> 0 ms
execution(Transaction org.example.repository.TransactionRepository.lambda$getAllByUserId$10(ResultSet, User)) -> 0 ms
execution(Transaction org.example.repository.TransactionRepository.lambda$getAllByUserId$10(ResultSet, User)) -> 0 ms
execution(List org.example.repository.TransactionRepository.lambda$getAllByUserId$11(Long)) -> 35 ms
execution(Collection org.example.repository.TransactionRepository.getAllByUserId(Long)) -> 35 ms
execution(TransactionType org.example.entity.Transaction.getType()) -> 0 ms
execution(boolean org.example.service.AnalyticsService.lambda$outcome$3(Transaction)) -> 0 ms
execution(TransactionType org.example.entity.Transaction.getType()) -> 0 ms
execution(boolean org.example.service.AnalyticsService.lambda$outcome$3(Transaction)) -> 0 ms
execution(boolean org.example.service.AnalyticsService.lambda$total$2(Map.Entry, Transaction)) -> 0 ms
execution(BigDecimal org.example.entity.Transaction.getAmount()) -> 0 ms
execution(BigDecimal org.example.service.AnalyticsService.total(Long, Map.Entry, Predicate)) -> 35 ms
execution(BigDecimal org.example.service.AnalyticsService.outcome(Long, Map.Entry)) -> 35 ms
execution(void org.example.entity.User.setName(String)) -> 0 ms
execution(void org.example.entity.User.setEmail(String)) -> 0 ms
execution(void org.example.entity.User.setPassword(String)) -> 0 ms
execution(void org.example.entity.User.setRole(RoleType)) -> 0 ms
execution(void org.example.entity.User.setStatus(StatusType)) -> 0 ms
execution(void org.example.entity.User.setId(long)) -> 0 ms
execution(RoleType org.example.entity.RoleType.valueOf(String)) -> 0 ms
execution(void org.example.entity.User.setRole(RoleType)) -> 0 ms
execution(StatusType org.example.entity.StatusType.valueOf(String)) -> 0 ms
execution(void org.example.entity.User.setStatus(StatusType)) -> 0 ms
execution(User org.example.repository.UserRepository.lambda$getById$8(Long)) -> 31 ms
execution(Optional org.example.repository.UserRepository.getById(Long)) -> 31 ms
execution(TransactionType org.example.entity.TransactionType.valueOf(String)) -> 0 ms
execution(void org.example.entity.Transaction.setDate(Instant)) -> 0 ms
execution(void org.example.entity.Transaction.setType(TransactionType)) -> 0 ms
execution(void org.example.entity.Transaction.setCategory(String)) -> 0 ms
execution(void org.example.entity.Transaction.setAmount(BigDecimal)) -> 0 ms
execution(void org.example.entity.Transaction.setDescription(String)) -> 0 ms
execution(void org.example.entity.Transaction.setUser(User)) -> 0 ms
execution(void org.example.entity.Transaction.setId(long)) -> 0 ms
execution(Transaction org.example.repository.TransactionRepository.lambda$getAllByUserId$10(ResultSet, User)) -> 0 ms
execution(TransactionType org.example.entity.TransactionType.valueOf(String)) -> 0 ms
execution(void org.example.entity.Transaction.setDate(Instant)) -> 0 ms
execution(void org.example.entity.Transaction.setType(TransactionType)) -> 0 ms
execution(void org.example.entity.Transaction.setCategory(String)) -> 0 ms
execution(void org.example.entity.Transaction.setAmount(BigDecimal)) -> 0 ms
execution(void org.example.entity.Transaction.setDescription(String)) -> 0 ms
execution(void org.example.entity.Transaction.setUser(User)) -> 0 ms
execution(void org.example.entity.Transaction.setId(long)) -> 0 ms
execution(Transaction org.example.repository.TransactionRepository.lambda$getAllByUserId$10(ResultSet, User)) -> 0 ms
execution(Transaction org.example.repository.TransactionRepository.lambda$getAllByUserId$10(ResultSet, User)) -> 0 ms
execution(List org.example.repository.TransactionRepository.lambda$getAllByUserId$11(Long)) -> 55 ms
execution(Collection org.example.repository.TransactionRepository.getAllByUserId(Long)) -> 55 ms
execution(TransactionType org.example.entity.Transaction.getType()) -> 0 ms
execution(boolean org.example.service.AnalyticsService.lambda$income$4(Transaction)) -> 0 ms
execution(boolean org.example.service.AnalyticsService.lambda$total$2(Map.Entry, Transaction)) -> 0 ms
execution(BigDecimal org.example.entity.Transaction.getAmount()) -> 0 ms
execution(TransactionType org.example.entity.Transaction.getType()) -> 0 ms
execution(boolean org.example.service.AnalyticsService.lambda$income$4(Transaction)) -> 0 ms
execution(BigDecimal org.example.service.AnalyticsService.total(Long, Map.Entry, Predicate)) -> 56 ms
execution(BigDecimal org.example.service.AnalyticsService.income(Long, Map.Entry)) -> 56 ms
execution(Map.Entry org.example.service.AnalyticsService.lambda$static$6(String[], int)) -> 0 ms
execution(String org.example.service.AnalyticsService.lambda$static$7(String[], String[], Map.Entry)) -> 0 ms
execution(Map.Entry org.example.service.AnalyticsService.lambda$static$6(String[], int)) -> 0 ms
execution(String org.example.service.AnalyticsService.lambda$static$7(String[], String[], Map.Entry)) -> 0 ms
execution(Map.Entry org.example.service.AnalyticsService.lambda$static$6(String[], int)) -> 0 ms
execution(String org.example.service.AnalyticsService.lambda$static$7(String[], String[], Map.Entry)) -> 0 ms
execution(String org.example.service.AnalyticsService.lambda$static$8(String[], String[])) -> 0 ms
execution(String org.example.service.AnalyticsService.balance(Map.Entry)) -> 91 ms
execution(void org.example.web.servlet.AnalyticsServlet.lambda$doGet$0(String, HttpServletRequest, PrintWriter, HttpServletResponse, UserDto)) -> 92 ms
execution(void org.example.web.servlet.AnalyticsServlet.doGet(HttpServletRequest, HttpServletResponse)) -> 159 ms
]]></system-out>
  </testcase>
</testsuite>